#! /usr/local/iverilog/bin/vvp
:ivl_version "11.0 (devel)" "(s20150603-642-g3bdb50da)";
:ivl_delay_selection "TYPICAL";
:vpi_time_precision + 0;
:vpi_module "system";
:vpi_module "vhdl_sys";
:vpi_module "vhdl_textio";
:vpi_module "v2005_math";
:vpi_module "va_math";
S_0000000001104be0 .scope module, "MUX" "MUX" 2 3;
 .timescale 0 0;
    .port_info 0 /INPUT 3 "Chooser";
    .port_info 1 /INPUT 16 "A1";
    .port_info 2 /INPUT 16 "A2";
    .port_info 3 /INPUT 16 "A3";
    .port_info 4 /INPUT 16 "A4";
    .port_info 5 /INPUT 16 "A5";
    .port_info 6 /INPUT 16 "A6";
    .port_info 7 /INPUT 16 "A7";
    .port_info 8 /INPUT 16 "A8";
    .port_info 9 /OUTPUT 16 "out";
o000000000110d268 .functor BUFZ 16, C4<zzzzzzzzzzzzzzzz>; HiZ drive
v00000000011667e0_0 .net "A1", 16 1, o000000000110d268;  0 drivers
o000000000110d298 .functor BUFZ 16, C4<zzzzzzzzzzzzzzzz>; HiZ drive
v0000000001167320_0 .net "A2", 16 1, o000000000110d298;  0 drivers
o000000000110d2c8 .functor BUFZ 16, C4<zzzzzzzzzzzzzzzz>; HiZ drive
v0000000001166880_0 .net "A3", 16 1, o000000000110d2c8;  0 drivers
o000000000110d2f8 .functor BUFZ 16, C4<zzzzzzzzzzzzzzzz>; HiZ drive
v0000000001167a00_0 .net "A4", 16 1, o000000000110d2f8;  0 drivers
o000000000110d328 .functor BUFZ 16, C4<zzzzzzzzzzzzzzzz>; HiZ drive
v0000000001165f20_0 .net "A5", 16 1, o000000000110d328;  0 drivers
o000000000110d358 .functor BUFZ 16, C4<zzzzzzzzzzzzzzzz>; HiZ drive
v00000000011673c0_0 .net "A6", 16 1, o000000000110d358;  0 drivers
o000000000110d388 .functor BUFZ 16, C4<zzzzzzzzzzzzzzzz>; HiZ drive
v0000000001167460_0 .net "A7", 16 1, o000000000110d388;  0 drivers
o000000000110d3b8 .functor BUFZ 16, C4<zzzzzzzzzzzzzzzz>; HiZ drive
v0000000001165d40_0 .net "A8", 16 1, o000000000110d3b8;  0 drivers
o000000000110c818 .functor BUFZ 3, C4<zzz>; HiZ drive
v0000000001165de0_0 .net "Chooser", 3 1, o000000000110c818;  0 drivers
v0000000001166920_0 .net "D", 8 1, L_0000000001169ec0;  1 drivers
v00000000011669c0_0 .net *"_s1", 0 0, L_0000000001168200;  1 drivers
v0000000001166b00_0 .net *"_s11", 0 0, L_0000000001168a20;  1 drivers
v0000000001169380_0 .net *"_s13", 0 0, L_00000000011688e0;  1 drivers
v00000000011683e0_0 .net *"_s14", 15 0, L_0000000001168980;  1 drivers
v0000000001169b00_0 .net *"_s16", 15 0, L_0000000001168fc0;  1 drivers
v0000000001169240_0 .net *"_s18", 15 0, L_0000000001169060;  1 drivers
v0000000001168840_0 .net *"_s20", 15 0, L_0000000001168b60;  1 drivers
v0000000001168160_0 .net *"_s22", 15 0, L_0000000001168c00;  1 drivers
v0000000001169600_0 .net *"_s24", 15 0, L_0000000001168ca0;  1 drivers
v0000000001168480_0 .net *"_s3", 0 0, L_0000000001168520;  1 drivers
v0000000001169920_0 .net *"_s5", 0 0, L_0000000001168340;  1 drivers
v0000000001169c40_0 .net *"_s7", 0 0, L_00000000011685c0;  1 drivers
v0000000001169100_0 .net *"_s9", 0 0, L_0000000001168660;  1 drivers
v0000000001169880_0 .net "out", 16 1, L_0000000001163e70;  1 drivers
L_0000000001168200 .part L_0000000001169ec0, 0, 1;
L_0000000001168520 .part L_0000000001169ec0, 1, 1;
L_0000000001168340 .part L_0000000001169ec0, 2, 1;
L_00000000011685c0 .part L_0000000001169ec0, 3, 1;
L_0000000001168660 .part L_0000000001169ec0, 4, 1;
L_0000000001168a20 .part L_0000000001169ec0, 5, 1;
L_00000000011688e0 .part L_0000000001169ec0, 6, 1;
L_0000000001168980 .functor MUXZ 16, o000000000110d3b8, o000000000110d388, L_00000000011688e0, C4<>;
L_0000000001168fc0 .functor MUXZ 16, L_0000000001168980, o000000000110d358, L_0000000001168a20, C4<>;
L_0000000001169060 .functor MUXZ 16, L_0000000001168fc0, o000000000110d328, L_0000000001168660, C4<>;
L_0000000001168b60 .functor MUXZ 16, L_0000000001169060, o000000000110d2f8, L_00000000011685c0, C4<>;
L_0000000001168c00 .functor MUXZ 16, L_0000000001168b60, o000000000110d2c8, L_0000000001168340, C4<>;
L_0000000001168ca0 .functor MUXZ 16, L_0000000001168c00, o000000000110d298, L_0000000001168520, C4<>;
L_0000000001163e70 .functor MUXZ 16, L_0000000001168ca0, o000000000110d268, L_0000000001168200, C4<>;
S_00000000008fdf60 .scope module, "decoder" "Decoder" 2 11, 3 1 0, S_0000000001104be0;
 .timescale 0 0;
    .port_info 0 /INPUT 3 "E";
    .port_info 1 /OUTPUT 8 "D";
L_0000000001104e80 .functor NOT 1, L_00000000011697e0, C4<0>, C4<0>, C4<0>;
L_000000000116a640 .functor NOT 1, L_0000000001169420, C4<0>, C4<0>, C4<0>;
L_000000000116a480 .functor AND 1, L_0000000001104e80, L_000000000116a640, C4<1>, C4<1>;
L_000000000116a5d0 .functor NOT 1, L_0000000001169ce0, C4<0>, C4<0>, C4<0>;
L_000000000116a3a0 .functor AND 1, L_000000000116a480, L_000000000116a5d0, C4<1>, C4<1>;
L_000000000116a2c0 .functor NOT 1, L_000000000116a000, C4<0>, C4<0>, C4<0>;
L_000000000116a870 .functor NOT 1, L_00000000011691a0, C4<0>, C4<0>, C4<0>;
L_000000000116a6b0 .functor AND 1, L_000000000116a2c0, L_000000000116a870, C4<1>, C4<1>;
L_000000000116a250 .functor AND 1, L_000000000116a6b0, L_0000000001169ba0, C4<1>, C4<1>;
L_000000000116a1e0 .functor NOT 1, L_00000000011696a0, C4<0>, C4<0>, C4<0>;
L_000000000116a330 .functor AND 1, L_000000000116a1e0, L_00000000011692e0, C4<1>, C4<1>;
L_000000000116a410 .functor NOT 1, L_0000000001169740, C4<0>, C4<0>, C4<0>;
L_000000000116a4f0 .functor AND 1, L_000000000116a330, L_000000000116a410, C4<1>, C4<1>;
L_000000000116a720 .functor NOT 1, L_00000000011687a0, C4<0>, C4<0>, C4<0>;
L_000000000116a560 .functor AND 1, L_000000000116a720, L_00000000011699c0, C4<1>, C4<1>;
L_000000000116a800 .functor AND 1, L_000000000116a560, L_0000000001169a60, C4<1>, C4<1>;
L_000000000116a790 .functor NOT 1, L_0000000001168e80, C4<0>, C4<0>, C4<0>;
L_000000000116a170 .functor AND 1, L_00000000011694c0, L_000000000116a790, C4<1>, C4<1>;
L_000000000116b3b0 .functor NOT 1, L_0000000001168ac0, C4<0>, C4<0>, C4<0>;
L_000000000116b110 .functor AND 1, L_000000000116a170, L_000000000116b3b0, C4<1>, C4<1>;
L_000000000116b650 .functor NOT 1, L_0000000001168d40, C4<0>, C4<0>, C4<0>;
L_000000000116b030 .functor AND 1, L_0000000001169d80, L_000000000116b650, C4<1>, C4<1>;
L_000000000116ad90 .functor AND 1, L_000000000116b030, L_0000000001169560, C4<1>, C4<1>;
L_000000000116ad20 .functor AND 1, L_0000000001168f20, L_00000000011682a0, C4<1>, C4<1>;
L_000000000116b260 .functor NOT 1, L_0000000001168de0, C4<0>, C4<0>, C4<0>;
L_000000000116b960 .functor AND 1, L_000000000116ad20, L_000000000116b260, C4<1>, C4<1>;
L_000000000116aee0 .functor AND 1, L_0000000001168700, L_0000000001169e20, C4<1>, C4<1>;
L_000000000116b0a0 .functor AND 1, L_000000000116aee0, L_0000000001169f60, C4<1>, C4<1>;
v00000000010fd710_0 .net "D", 8 1, L_0000000001169ec0;  alias, 1 drivers
v00000000010fb910_0 .net "E", 3 1, o000000000110c818;  alias, 0 drivers
v00000000010fba50_0 .net *"_s10", 0 0, L_000000000116a480;  1 drivers
v00000000010fbb90_0 .net *"_s100", 0 0, L_000000000116ad20;  1 drivers
v00000000010fc130_0 .net *"_s103", 0 0, L_0000000001168de0;  1 drivers
v00000000010fc1d0_0 .net *"_s104", 0 0, L_000000000116b260;  1 drivers
v00000000010fc270_0 .net *"_s106", 0 0, L_000000000116b960;  1 drivers
v00000000010fc3b0_0 .net *"_s112", 0 0, L_0000000001168700;  1 drivers
v00000000010fc630_0 .net *"_s114", 0 0, L_0000000001169e20;  1 drivers
v00000000010fc810_0 .net *"_s115", 0 0, L_000000000116aee0;  1 drivers
v00000000010fc8b0_0 .net *"_s118", 0 0, L_0000000001169f60;  1 drivers
v00000000010fc9f0_0 .net *"_s119", 0 0, L_000000000116b0a0;  1 drivers
v00000000010f4440_0 .net *"_s13", 0 0, L_0000000001169ce0;  1 drivers
v00000000010f49e0_0 .net *"_s14", 0 0, L_000000000116a5d0;  1 drivers
v00000000010f4e40_0 .net *"_s16", 0 0, L_000000000116a3a0;  1 drivers
v00000000010f4d00_0 .net *"_s21", 0 0, L_000000000116a000;  1 drivers
v0000000001166380_0 .net *"_s22", 0 0, L_000000000116a2c0;  1 drivers
v0000000001167500_0 .net *"_s25", 0 0, L_00000000011691a0;  1 drivers
v0000000001166ce0_0 .net *"_s26", 0 0, L_000000000116a870;  1 drivers
v0000000001166060_0 .net *"_s28", 0 0, L_000000000116a6b0;  1 drivers
v00000000011670a0_0 .net *"_s3", 0 0, L_00000000011697e0;  1 drivers
v0000000001166240_0 .net *"_s31", 0 0, L_0000000001169ba0;  1 drivers
v0000000001166ba0_0 .net *"_s32", 0 0, L_000000000116a250;  1 drivers
v00000000011675a0_0 .net *"_s37", 0 0, L_00000000011696a0;  1 drivers
v0000000001166d80_0 .net *"_s38", 0 0, L_000000000116a1e0;  1 drivers
v0000000001166100_0 .net *"_s4", 0 0, L_0000000001104e80;  1 drivers
v0000000001167140_0 .net *"_s41", 0 0, L_00000000011692e0;  1 drivers
v00000000011662e0_0 .net *"_s42", 0 0, L_000000000116a330;  1 drivers
v0000000001166c40_0 .net *"_s45", 0 0, L_0000000001169740;  1 drivers
v0000000001165e80_0 .net *"_s46", 0 0, L_000000000116a410;  1 drivers
v0000000001166a60_0 .net *"_s48", 0 0, L_000000000116a4f0;  1 drivers
v0000000001167aa0_0 .net *"_s53", 0 0, L_00000000011687a0;  1 drivers
v0000000001166420_0 .net *"_s54", 0 0, L_000000000116a720;  1 drivers
v00000000011671e0_0 .net *"_s57", 0 0, L_00000000011699c0;  1 drivers
v0000000001167780_0 .net *"_s58", 0 0, L_000000000116a560;  1 drivers
v0000000001166560_0 .net *"_s61", 0 0, L_0000000001169a60;  1 drivers
v00000000011661a0_0 .net *"_s62", 0 0, L_000000000116a800;  1 drivers
v0000000001166e20_0 .net *"_s67", 0 0, L_00000000011694c0;  1 drivers
v00000000011664c0_0 .net *"_s69", 0 0, L_0000000001168e80;  1 drivers
v0000000001167be0_0 .net *"_s7", 0 0, L_0000000001169420;  1 drivers
v0000000001166ec0_0 .net *"_s70", 0 0, L_000000000116a790;  1 drivers
v0000000001167640_0 .net *"_s72", 0 0, L_000000000116a170;  1 drivers
v0000000001167b40_0 .net *"_s75", 0 0, L_0000000001168ac0;  1 drivers
v0000000001166f60_0 .net *"_s76", 0 0, L_000000000116b3b0;  1 drivers
v00000000011676e0_0 .net *"_s78", 0 0, L_000000000116b110;  1 drivers
v0000000001167820_0 .net *"_s8", 0 0, L_000000000116a640;  1 drivers
v0000000001165fc0_0 .net *"_s83", 0 0, L_0000000001169d80;  1 drivers
v0000000001166600_0 .net *"_s85", 0 0, L_0000000001168d40;  1 drivers
v00000000011678c0_0 .net *"_s86", 0 0, L_000000000116b650;  1 drivers
v0000000001167000_0 .net *"_s88", 0 0, L_000000000116b030;  1 drivers
v0000000001167280_0 .net *"_s91", 0 0, L_0000000001169560;  1 drivers
v0000000001167960_0 .net *"_s92", 0 0, L_000000000116ad90;  1 drivers
v00000000011666a0_0 .net *"_s97", 0 0, L_0000000001168f20;  1 drivers
v0000000001166740_0 .net *"_s99", 0 0, L_00000000011682a0;  1 drivers
L_00000000011697e0 .part o000000000110c818, 2, 1;
L_0000000001169420 .part o000000000110c818, 1, 1;
L_0000000001169ce0 .part o000000000110c818, 0, 1;
L_000000000116a000 .part o000000000110c818, 2, 1;
L_00000000011691a0 .part o000000000110c818, 1, 1;
L_0000000001169ba0 .part o000000000110c818, 0, 1;
L_00000000011696a0 .part o000000000110c818, 2, 1;
L_00000000011692e0 .part o000000000110c818, 1, 1;
L_0000000001169740 .part o000000000110c818, 0, 1;
L_00000000011687a0 .part o000000000110c818, 2, 1;
L_00000000011699c0 .part o000000000110c818, 1, 1;
L_0000000001169a60 .part o000000000110c818, 0, 1;
L_00000000011694c0 .part o000000000110c818, 2, 1;
L_0000000001168e80 .part o000000000110c818, 1, 1;
L_0000000001168ac0 .part o000000000110c818, 0, 1;
L_0000000001169d80 .part o000000000110c818, 2, 1;
L_0000000001168d40 .part o000000000110c818, 1, 1;
L_0000000001169560 .part o000000000110c818, 0, 1;
L_0000000001168f20 .part o000000000110c818, 2, 1;
L_00000000011682a0 .part o000000000110c818, 1, 1;
L_0000000001168de0 .part o000000000110c818, 0, 1;
LS_0000000001169ec0_0_0 .concat8 [ 1 1 1 1], L_000000000116a3a0, L_000000000116a250, L_000000000116a4f0, L_000000000116a800;
LS_0000000001169ec0_0_4 .concat8 [ 1 1 1 1], L_000000000116b110, L_000000000116ad90, L_000000000116b960, L_000000000116b0a0;
L_0000000001169ec0 .concat8 [ 4 4 0 0], LS_0000000001169ec0_0_0, LS_0000000001169ec0_0_4;
L_0000000001168700 .part o000000000110c818, 2, 1;
L_0000000001169e20 .part o000000000110c818, 1, 1;
L_0000000001169f60 .part o000000000110c818, 0, 1;
# The file index is used to find the file name in the following table.
:file_names 4;
    "N/A";
    "<interactive>";
    "MUX_8_1.v";
    "./Decoder_3_8.v";
