#! /usr/local/iverilog/bin/vvp
:ivl_version "11.0 (devel)" "(s20150603-642-g3bdb50da)";
:ivl_delay_selection "TYPICAL";
:vpi_time_precision + 0;
:vpi_module "system";
:vpi_module "vhdl_sys";
:vpi_module "vhdl_textio";
:vpi_module "v2005_math";
:vpi_module "va_math";
S_00000000010be030 .scope module, "XOR" "XOR" 2 1;
 .timescale 0 0;
    .port_info 0 /INPUT 16 "A";
    .port_info 1 /INPUT 16 "B";
    .port_info 2 /OUTPUT 16 "out";
L_00000000010bae10 .functor AND 1, L_000000000115eae0, L_000000000115ecc0, C4<1>, C4<1>;
L_00000000011603e0 .functor AND 1, L_000000000115e5e0, L_000000000115e720, C4<1>, C4<1>;
L_0000000001160610 .functor AND 1, L_000000000115e0e0, L_000000000115e2c0, C4<1>, C4<1>;
L_0000000001160370 .functor AND 1, L_00000000011609b0, L_00000000011622b0, C4<1>, C4<1>;
L_0000000001160290 .functor AND 1, L_00000000011620d0, L_0000000001162490, C4<1>, C4<1>;
L_00000000011600d0 .functor AND 1, L_0000000001160c30, L_0000000001160eb0, C4<1>, C4<1>;
L_0000000001160530 .functor AND 1, L_0000000001162170, L_0000000001160d70, C4<1>, C4<1>;
L_0000000001160220 .functor AND 1, L_0000000001161130, L_0000000001160a50, C4<1>, C4<1>;
L_0000000001160680 .functor AND 1, L_0000000001160cd0, L_0000000001160b90, C4<1>, C4<1>;
L_0000000001160140 .functor AND 1, L_0000000001162350, L_0000000001162670, C4<1>, C4<1>;
L_00000000011605a0 .functor AND 1, L_00000000011616d0, L_0000000001160e10, C4<1>, C4<1>;
L_0000000001160760 .functor AND 1, L_0000000001160af0, L_0000000001161810, C4<1>, C4<1>;
L_00000000011601b0 .functor AND 1, L_0000000001161db0, L_0000000001161bd0, C4<1>, C4<1>;
L_0000000001160450 .functor AND 1, L_0000000001160f50, L_00000000011611d0, C4<1>, C4<1>;
L_00000000011606f0 .functor AND 1, L_0000000001162210, L_0000000001160ff0, C4<1>, C4<1>;
L_00000000011604c0 .functor AND 1, L_0000000001161090, L_0000000001161950, C4<1>, C4<1>;
o0000000001108f38 .functor BUFZ 16, C4<zzzzzzzzzzzzzzzz>; HiZ drive
v00000000010f9ca0_0 .net "A", 16 1, o0000000001108f38;  0 drivers
o0000000001108f68 .functor BUFZ 16, C4<zzzzzzzzzzzzzzzz>; HiZ drive
v00000000010f95c0_0 .net "B", 16 1, o0000000001108f68;  0 drivers
v00000000010f8800_0 .net *"_s101", 0 0, L_0000000001161bd0;  1 drivers
v00000000010f9d40_0 .net *"_s102", 0 0, L_00000000011601b0;  1 drivers
v00000000010f9200_0 .net *"_s107", 0 0, L_0000000001160f50;  1 drivers
v00000000010fa1a0_0 .net *"_s109", 0 0, L_00000000011611d0;  1 drivers
v00000000010f8940_0 .net *"_s11", 0 0, L_000000000115e5e0;  1 drivers
v00000000010f97a0_0 .net *"_s110", 0 0, L_0000000001160450;  1 drivers
v00000000010f86c0_0 .net *"_s115", 0 0, L_0000000001162210;  1 drivers
v00000000010fa420_0 .net *"_s117", 0 0, L_0000000001160ff0;  1 drivers
v00000000010f88a0_0 .net *"_s118", 0 0, L_00000000011606f0;  1 drivers
v00000000010f9de0_0 .net *"_s124", 0 0, L_0000000001161090;  1 drivers
v00000000010f9e80_0 .net *"_s126", 0 0, L_0000000001161950;  1 drivers
v00000000010f9fc0_0 .net *"_s127", 0 0, L_00000000011604c0;  1 drivers
v00000000010f8620_0 .net *"_s13", 0 0, L_000000000115e720;  1 drivers
v00000000010f8bc0_0 .net *"_s14", 0 0, L_00000000011603e0;  1 drivers
v00000000010fa060_0 .net *"_s19", 0 0, L_000000000115e0e0;  1 drivers
v00000000010fa100_0 .net *"_s21", 0 0, L_000000000115e2c0;  1 drivers
v00000000010fa2e0_0 .net *"_s22", 0 0, L_0000000001160610;  1 drivers
v00000000010f89e0_0 .net *"_s27", 0 0, L_00000000011609b0;  1 drivers
v00000000010f9020_0 .net *"_s29", 0 0, L_00000000011622b0;  1 drivers
v00000000010f8c60_0 .net *"_s3", 0 0, L_000000000115eae0;  1 drivers
v00000000010f8da0_0 .net *"_s30", 0 0, L_0000000001160370;  1 drivers
v00000000010f8f80_0 .net *"_s35", 0 0, L_00000000011620d0;  1 drivers
v00000000010f90c0_0 .net *"_s37", 0 0, L_0000000001162490;  1 drivers
v00000000010f9480_0 .net *"_s38", 0 0, L_0000000001160290;  1 drivers
v00000000010bc030_0 .net *"_s43", 0 0, L_0000000001160c30;  1 drivers
v00000000010bbe50_0 .net *"_s45", 0 0, L_0000000001160eb0;  1 drivers
v00000000010bc490_0 .net *"_s46", 0 0, L_00000000011600d0;  1 drivers
v00000000010bc530_0 .net *"_s5", 0 0, L_000000000115ecc0;  1 drivers
v00000000010bc670_0 .net *"_s51", 0 0, L_0000000001162170;  1 drivers
v00000000010bc7b0_0 .net *"_s53", 0 0, L_0000000001160d70;  1 drivers
v000000000115e7c0_0 .net *"_s54", 0 0, L_0000000001160530;  1 drivers
v000000000115e040_0 .net *"_s59", 0 0, L_0000000001161130;  1 drivers
v000000000115e900_0 .net *"_s6", 0 0, L_00000000010bae10;  1 drivers
v000000000115eea0_0 .net *"_s61", 0 0, L_0000000001160a50;  1 drivers
v000000000115e4a0_0 .net *"_s62", 0 0, L_0000000001160220;  1 drivers
v000000000115e180_0 .net *"_s67", 0 0, L_0000000001160cd0;  1 drivers
v000000000115e220_0 .net *"_s69", 0 0, L_0000000001160b90;  1 drivers
v000000000115e360_0 .net *"_s70", 0 0, L_0000000001160680;  1 drivers
v000000000115ed60_0 .net *"_s75", 0 0, L_0000000001162350;  1 drivers
v000000000115e680_0 .net *"_s77", 0 0, L_0000000001162670;  1 drivers
v000000000115ea40_0 .net *"_s78", 0 0, L_0000000001160140;  1 drivers
v000000000115ee00_0 .net *"_s83", 0 0, L_00000000011616d0;  1 drivers
v000000000115e9a0_0 .net *"_s85", 0 0, L_0000000001160e10;  1 drivers
v000000000115e860_0 .net *"_s86", 0 0, L_00000000011605a0;  1 drivers
v000000000115eb80_0 .net *"_s91", 0 0, L_0000000001160af0;  1 drivers
v000000000115e400_0 .net *"_s93", 0 0, L_0000000001161810;  1 drivers
v000000000115e540_0 .net *"_s94", 0 0, L_0000000001160760;  1 drivers
v000000000115ec20_0 .net *"_s99", 0 0, L_0000000001161db0;  1 drivers
v000000000115ef40_0 .net "out", 16 1, L_00000000011618b0;  1 drivers
L_000000000115eae0 .part o0000000001108f38, 0, 1;
L_000000000115ecc0 .part o0000000001108f68, 0, 1;
L_000000000115e5e0 .part o0000000001108f38, 1, 1;
L_000000000115e720 .part o0000000001108f68, 1, 1;
L_000000000115e0e0 .part o0000000001108f38, 2, 1;
L_000000000115e2c0 .part o0000000001108f68, 2, 1;
L_00000000011609b0 .part o0000000001108f38, 3, 1;
L_00000000011622b0 .part o0000000001108f68, 3, 1;
L_00000000011620d0 .part o0000000001108f38, 4, 1;
L_0000000001162490 .part o0000000001108f68, 4, 1;
L_0000000001160c30 .part o0000000001108f38, 5, 1;
L_0000000001160eb0 .part o0000000001108f68, 5, 1;
L_0000000001162170 .part o0000000001108f38, 6, 1;
L_0000000001160d70 .part o0000000001108f68, 6, 1;
L_0000000001161130 .part o0000000001108f38, 7, 1;
L_0000000001160a50 .part o0000000001108f68, 7, 1;
L_0000000001160cd0 .part o0000000001108f38, 8, 1;
L_0000000001160b90 .part o0000000001108f68, 8, 1;
L_0000000001162350 .part o0000000001108f38, 9, 1;
L_0000000001162670 .part o0000000001108f68, 9, 1;
L_00000000011616d0 .part o0000000001108f38, 10, 1;
L_0000000001160e10 .part o0000000001108f68, 10, 1;
L_0000000001160af0 .part o0000000001108f38, 11, 1;
L_0000000001161810 .part o0000000001108f68, 11, 1;
L_0000000001161db0 .part o0000000001108f38, 12, 1;
L_0000000001161bd0 .part o0000000001108f68, 12, 1;
L_0000000001160f50 .part o0000000001108f38, 13, 1;
L_00000000011611d0 .part o0000000001108f68, 13, 1;
L_0000000001162210 .part o0000000001108f38, 14, 1;
L_0000000001160ff0 .part o0000000001108f68, 14, 1;
LS_00000000011618b0_0_0 .concat8 [ 1 1 1 1], L_00000000010bae10, L_00000000011603e0, L_0000000001160610, L_0000000001160370;
LS_00000000011618b0_0_4 .concat8 [ 1 1 1 1], L_0000000001160290, L_00000000011600d0, L_0000000001160530, L_0000000001160220;
LS_00000000011618b0_0_8 .concat8 [ 1 1 1 1], L_0000000001160680, L_0000000001160140, L_00000000011605a0, L_0000000001160760;
LS_00000000011618b0_0_12 .concat8 [ 1 1 1 1], L_00000000011601b0, L_0000000001160450, L_00000000011606f0, L_00000000011604c0;
L_00000000011618b0 .concat8 [ 4 4 4 4], LS_00000000011618b0_0_0, LS_00000000011618b0_0_4, LS_00000000011618b0_0_8, LS_00000000011618b0_0_12;
L_0000000001161090 .part o0000000001108f38, 15, 1;
L_0000000001161950 .part o0000000001108f68, 15, 1;
# The file index is used to find the file name in the following table.
:file_names 3;
    "N/A";
    "<interactive>";
    "XOR.v";
