#! /usr/local/iverilog/bin/vvp
:ivl_version "11.0 (devel)" "(s20150603-642-g3bdb50da)";
:ivl_delay_selection "TYPICAL";
:vpi_time_precision + 0;
:vpi_module "system";
:vpi_module "vhdl_sys";
:vpi_module "vhdl_textio";
:vpi_module "v2005_math";
:vpi_module "va_math";
S_00000000008426b0 .scope module, "Data_L1" "Data_L1" 2 3;
 .timescale 0 0;
    .port_info 0 /INPUT 16 "WriteAddress_Full";
    .port_info 1 /INPUT 16 "WriteValue";
    .port_info 2 /INPUT 16 "ReadAddress_Full";
    .port_info 3 /OUTPUT 16 "ReadValue";
    .port_info 4 /INPUT 1 "reset";
L_000000000086efe0 .functor AND 1, L_000000000086ef70, L_00000000008ee700, C4<1>, C4<1>;
L_0000000000901430 .functor AND 1, L_00000000009019e0, L_0000000000900c20, C4<1>, C4<1>;
L_0000000000901c10 .functor AND 1, L_00000000009019e0, L_00000000008ffc80, C4<1>, C4<1>;
v00000000008706a0 .array "BlockTags", 1 2047, 2 1;
v0000000000870740 .array "DataCache", 0 2047, 127 0;
v00000000008707e0_0 .var "DirtyBit", 2047 0;
v000000000086fca0 .array "MainMemory", 0 65535, 15 0;
v00000000008709c0_0 .net "ReadAddress", 14 1, L_00000000008ed620;  1 drivers
o00000000008955e8 .functor BUFZ 16, C4<zzzzzzzzzzzzzzzz>; HiZ drive
v000000000086f700_0 .net "ReadAddress_Full", 16 1, o00000000008955e8;  0 drivers
v000000000086fac0_0 .net "ReadBlockIndex", 11 1, L_00000000008ee340;  1 drivers
v0000000000870a60_0 .net "ReadHit", 0 0, L_0000000000901430;  1 drivers
v0000000000870b00_0 .net "ReadTag", 2 1, L_00000000008edd00;  1 drivers
v0000000000870c40_0 .net "ReadTagCheck", 0 0, L_00000000009019e0;  1 drivers
v000000000086fb60_0 .net "ReadValue", 16 1, L_0000000000900f40;  1 drivers
v000000000086fc00_0 .net "ReadWordIndex", 3 1, L_00000000008ee160;  1 drivers
v000000000086fd40_0 .var/i "TempWriteAddress", 31 0;
v000000000086fde0_0 .var "ValidityBit", 2047 0;
v000000000086fe80_0 .net "WriteAddress", 14 1, L_00000000008edbc0;  1 drivers
o0000000000895768 .functor BUFZ 16, C4<zzzzzzzzzzzzzzzz>; HiZ drive
v00000000008ee7a0_0 .net "WriteAddress_Full", 16 1, o0000000000895768;  0 drivers
v00000000008eeb60_0 .net "WriteBlockIndex", 11 1, L_00000000008ee0c0;  1 drivers
v00000000008ed940_0 .net "WriteHit", 0 0, L_000000000086efe0;  1 drivers
v00000000008edc60_0 .net "WriteTag", 2 1, L_00000000008edb20;  1 drivers
v00000000008ee020_0 .net "WriteTagCheck", 0 0, L_000000000086ef70;  1 drivers
o00000000008957f8 .functor BUFZ 16, C4<zzzzzzzzzzzzzzzz>; HiZ drive
v00000000008eee80_0 .net "WriteValue", 16 1, o00000000008957f8;  0 drivers
v00000000008ed080_0 .net "WriteWordIndex", 3 1, L_00000000008ee5c0;  1 drivers
v00000000008ede40_0 .net *"_s18", 12 0, L_00000000008ee520;  1 drivers
L_00000000011d0088 .functor BUFT 1, C4<00>, C4<0>, C4<0>, C4<0>;
v00000000008ed120_0 .net *"_s21", 1 0, L_00000000011d0088;  1 drivers
L_00000000011d00d0 .functor BUFT 1, C4<0000000000001>, C4<0>, C4<0>, C4<0>;
v00000000008eeca0_0 .net/2u *"_s22", 12 0, L_00000000011d00d0;  1 drivers
v00000000008edda0_0 .net *"_s24", 12 0, L_00000000008ee8e0;  1 drivers
v00000000008ee660_0 .net *"_s27", 0 0, L_00000000008ee700;  1 drivers
v00000000008eec00_0 .net *"_s32", 12 0, L_0000000000900220;  1 drivers
L_00000000011d0118 .functor BUFT 1, C4<00>, C4<0>, C4<0>, C4<0>;
v00000000008eef20_0 .net *"_s35", 1 0, L_00000000011d0118;  1 drivers
L_00000000011d0160 .functor BUFT 1, C4<0000000000001>, C4<0>, C4<0>, C4<0>;
v00000000008edee0_0 .net/2u *"_s36", 12 0, L_00000000011d0160;  1 drivers
v00000000008eede0_0 .net *"_s38", 12 0, L_00000000008ffa00;  1 drivers
v00000000008ee840_0 .net *"_s41", 0 0, L_0000000000900c20;  1 drivers
v00000000008ed580_0 .net *"_s45", 0 0, L_00000000008ffc80;  1 drivers
v00000000008eeac0_0 .net *"_s46", 0 0, L_0000000000901c10;  1 drivers
v00000000008eed40_0 .net *"_s48", 127 0, L_0000000000900400;  1 drivers
v00000000008ed8a0_0 .net *"_s50", 12 0, L_00000000008ffe60;  1 drivers
L_00000000011d01a8 .functor BUFT 1, C4<00>, C4<0>, C4<0>, C4<0>;
v00000000008ed1c0_0 .net *"_s53", 1 0, L_00000000011d01a8;  1 drivers
v00000000008ed260_0 .net *"_s54", 15 0, L_0000000000900900;  1 drivers
v00000000008ed300_0 .net *"_s56", 17 0, L_0000000000900d60;  1 drivers
L_00000000011d01f0 .functor BUFT 1, C4<00>, C4<0>, C4<0>, C4<0>;
v00000000008ed9e0_0 .net *"_s59", 1 0, L_00000000011d01f0;  1 drivers
v00000000008ed3a0_0 .net *"_s60", 127 0, L_00000000009007c0;  1 drivers
L_00000000011d0238 .functor BUFT 1, C4<0000000000000000000000000000000000000000000000000000000000000000000000000000000000000000000000000000000000000000>, C4<0>, C4<0>, C4<0>;
v00000000008eda80_0 .net *"_s63", 111 0, L_00000000011d0238;  1 drivers
v00000000008edf80_0 .net *"_s64", 127 0, L_0000000000900860;  1 drivers
v00000000008ed440_0 .var/i "i", 31 0;
o0000000000895c78 .functor BUFZ 1, C4<z>; HiZ drive
v00000000008ed4e0_0 .net "reset", 0 0, o0000000000895c78;  0 drivers
E_0000000000890560 .event edge, v0000000000870a60_0;
E_00000000008904a0 .event edge, v00000000008ed940_0;
L_00000000008edb20 .part o0000000000895768, 14, 2;
L_00000000008edd00 .part o00000000008955e8, 14, 2;
L_00000000008ee0c0 .part o0000000000895768, 3, 11;
L_00000000008ee340 .part o00000000008955e8, 3, 11;
L_00000000008ee5c0 .part o0000000000895768, 0, 3;
L_00000000008ee160 .part o00000000008955e8, 0, 3;
L_00000000008edbc0 .part o0000000000895768, 0, 14;
L_00000000008ed620 .part o00000000008955e8, 0, 14;
L_00000000008ee3e0 .array/port v00000000008706a0, L_00000000008ee8e0;
L_00000000008ee520 .concat [ 11 2 0 0], L_00000000008ee0c0, L_00000000011d0088;
L_00000000008ee8e0 .arith/sub 13, L_00000000008ee520, L_00000000011d00d0;
L_00000000008ee700 .part/v v000000000086fde0_0, L_00000000008ee0c0, 1;
L_0000000000900b80 .array/port v00000000008706a0, L_00000000008ffa00;
L_0000000000900220 .concat [ 11 2 0 0], L_00000000008ee340, L_00000000011d0118;
L_00000000008ffa00 .arith/sub 13, L_0000000000900220, L_00000000011d0160;
L_0000000000900c20 .part/v v000000000086fde0_0, L_00000000008ee340, 1;
L_00000000008ffc80 .part/v v000000000086fde0_0, L_00000000008ee340, 1;
L_0000000000900400 .array/port v0000000000870740, L_00000000008ffe60;
L_00000000008ffe60 .concat [ 11 2 0 0], L_00000000008ee340, L_00000000011d01a8;
L_0000000000900900 .array/port v000000000086fca0, L_0000000000900d60;
L_0000000000900d60 .concat [ 16 2 0 0], o00000000008955e8, L_00000000011d01f0;
L_00000000009007c0 .concat [ 16 112 0 0], L_0000000000900900, L_00000000011d0238;
L_0000000000900860 .functor MUXZ 128, L_00000000009007c0, L_0000000000900400, L_0000000000901c10, C4<>;
L_0000000000900f40 .part L_0000000000900860, 0, 16;
S_0000000000842840 .scope module, "tcr" "TagCompare" 2 78, 3 2 0, S_00000000008426b0;
 .timescale 0 0;
    .port_info 0 /INPUT 2 "Tag1";
    .port_info 1 /INPUT 2 "Tag2";
    .port_info 2 /OUTPUT 1 "CompVal";
L_000000000086f210 .functor XOR 1, L_00000000008ee980, L_00000000008eea20, C4<0>, C4<0>;
L_000000000086f2f0 .functor XOR 1, L_00000000008ffb40, L_00000000008ff1e0, C4<0>, C4<0>;
L_00000000009019e0 .functor AND 1, L_0000000000900720, L_0000000000900a40, C4<1>, C4<1>;
v000000000086ffc0_0 .net "CompVal", 0 0, L_00000000009019e0;  alias, 1 drivers
v0000000000870420_0 .net "Tag1", 2 1, L_00000000008edd00;  alias, 1 drivers
v0000000000870d80_0 .net "Tag2", 2 1, L_0000000000900b80;  1 drivers
v00000000008710a0_0 .net *"_s1", 0 0, L_00000000008ee980;  1 drivers
v00000000008713c0_0 .net *"_s11", 0 0, L_00000000008ff1e0;  1 drivers
v0000000000870ec0_0 .net *"_s12", 0 0, L_000000000086f2f0;  1 drivers
v0000000000870ce0_0 .net *"_s15", 0 0, L_0000000000900a40;  1 drivers
v0000000000870f60_0 .net *"_s3", 0 0, L_00000000008eea20;  1 drivers
v000000000086fa20_0 .net *"_s4", 0 0, L_000000000086f210;  1 drivers
v0000000000870920_0 .net *"_s7", 0 0, L_0000000000900720;  1 drivers
v0000000000871280_0 .net *"_s9", 0 0, L_00000000008ffb40;  1 drivers
L_00000000008ee980 .part L_00000000008edd00, 0, 1;
L_00000000008eea20 .part L_0000000000900b80, 0, 1;
L_0000000000900720 .reduce/nor L_000000000086f210;
L_00000000008ffb40 .part L_00000000008edd00, 1, 1;
L_00000000008ff1e0 .part L_0000000000900b80, 1, 1;
L_0000000000900a40 .reduce/nor L_000000000086f2f0;
S_0000000000873a40 .scope module, "tcw" "TagCompare" 2 71, 3 2 0, S_00000000008426b0;
 .timescale 0 0;
    .port_info 0 /INPUT 2 "Tag1";
    .port_info 1 /INPUT 2 "Tag2";
    .port_info 2 /OUTPUT 1 "CompVal";
L_000000000086f1a0 .functor XOR 1, L_00000000008ed6c0, L_00000000008ed760, C4<0>, C4<0>;
L_000000000086edb0 .functor XOR 1, L_00000000008ed800, L_00000000008ee200, C4<0>, C4<0>;
L_000000000086ef70 .functor AND 1, L_00000000008ee480, L_00000000008ee2a0, C4<1>, C4<1>;
v00000000008704c0_0 .net "CompVal", 0 0, L_000000000086ef70;  alias, 1 drivers
v0000000000870060_0 .net "Tag1", 2 1, L_00000000008edb20;  alias, 1 drivers
v0000000000871320_0 .net "Tag2", 2 1, L_00000000008ee3e0;  1 drivers
v0000000000871460_0 .net *"_s1", 0 0, L_00000000008ed6c0;  1 drivers
v0000000000870ba0_0 .net *"_s11", 0 0, L_00000000008ee200;  1 drivers
v0000000000870880_0 .net *"_s12", 0 0, L_000000000086edb0;  1 drivers
v000000000086f660_0 .net *"_s15", 0 0, L_00000000008ee2a0;  1 drivers
v0000000000870600_0 .net *"_s3", 0 0, L_00000000008ed760;  1 drivers
v0000000000870240_0 .net *"_s4", 0 0, L_000000000086f1a0;  1 drivers
v000000000086f7a0_0 .net *"_s7", 0 0, L_00000000008ee480;  1 drivers
v0000000000870560_0 .net *"_s9", 0 0, L_00000000008ed800;  1 drivers
L_00000000008ed6c0 .part L_00000000008edb20, 0, 1;
L_00000000008ed760 .part L_00000000008ee3e0, 0, 1;
L_00000000008ee480 .reduce/nor L_000000000086f1a0;
L_00000000008ed800 .part L_00000000008edb20, 1, 1;
L_00000000008ee200 .part L_00000000008ee3e0, 1, 1;
L_00000000008ee2a0 .reduce/nor L_000000000086edb0;
    .scope S_00000000008426b0;
T_0 ;
    %wait E_00000000008904a0;
    %load/vec4 v00000000008ed940_0;
    %cmpi/e 1, 0, 1;
    %jmp/0xz  T_0.0, 4;
    %vpi_call 2 86 "$display", "Helloif" {0 0 0};
    %load/vec4 v00000000008eee80_0;
    %pad/u 128;
    %load/vec4 v00000000008eeb60_0;
    %pad/u 13;
    %ix/vec4 3;
    %ix/load 4, 0, 0; Constant delay
    %assign/vec4/a/d v0000000000870740, 0, 4;
    %pushi/vec4 1, 0, 1;
    %ix/load 5, 0, 0;
    %ix/getv 4, v00000000008eeb60_0;
    %assign/vec4/off/d v00000000008707e0_0, 4, 5;
    %jmp T_0.1;
T_0.0 ;
    %load/vec4 v00000000008ed940_0;
    %cmpi/e 0, 0, 1;
    %jmp/0xz  T_0.2, 4;
    %vpi_call 2 91 "$display", "Hello" {0 0 0};
    %load/vec4 v00000000008eeb60_0;
    %ix/load 4, 4, 0;
    %ix/load 5, 0, 0;
    %flag_set/imm 4, 0;
    %assign/vec4/off/d v000000000086fd40_0, 4, 5;
    %pushi/vec4 0, 0, 3;
    %ix/load 4, 1, 0;
    %ix/load 5, 0, 0;
    %flag_set/imm 4, 0;
    %assign/vec4/off/d v000000000086fd40_0, 4, 5;
    %load/vec4 v00000000008707e0_0;
    %load/vec4 v00000000008eeb60_0;
    %part/u 1;
    %flag_set/vec4 8;
    %jmp/0xz  T_0.4, 8;
    %load/vec4 v00000000008eeb60_0;
    %pad/u 13;
    %subi 1, 0, 13;
    %ix/vec4 4;
    %load/vec4a v00000000008706a0, 4;
    %ix/load 4, 15, 0;
    %ix/load 5, 0, 0;
    %flag_set/imm 4, 0;
    %assign/vec4/off/d v000000000086fd40_0, 4, 5;
    %pushi/vec4 0, 0, 32;
    %store/vec4 v00000000008ed440_0, 0, 32;
    %load/vec4 v00000000008eeb60_0;
    %pad/u 13;
    %ix/vec4 4;
    %load/vec4a v0000000000870740, 4;
    %parti/s 16, 0, 2;
    %load/vec4 v000000000086fd40_0;
    %pad/s 33;
    %addi 0, 0, 33;
    %ix/vec4/s 3;
    %ix/load 4, 0, 0; Constant delay
    %assign/vec4/a/d v000000000086fca0, 0, 4;
    %load/vec4 v00000000008eeb60_0;
    %pad/u 13;
    %ix/vec4 4;
    %load/vec4a v0000000000870740, 4;
    %parti/s 16, 16, 6;
    %load/vec4 v000000000086fd40_0;
    %pad/s 33;
    %addi 1, 0, 33;
    %ix/vec4/s 3;
    %ix/load 4, 0, 0; Constant delay
    %assign/vec4/a/d v000000000086fca0, 0, 4;
    %load/vec4 v00000000008eeb60_0;
    %pad/u 13;
    %ix/vec4 4;
    %load/vec4a v0000000000870740, 4;
    %parti/s 16, 32, 7;
    %load/vec4 v000000000086fd40_0;
    %pad/s 33;
    %addi 2, 0, 33;
    %ix/vec4/s 3;
    %ix/load 4, 0, 0; Constant delay
    %assign/vec4/a/d v000000000086fca0, 0, 4;
    %load/vec4 v00000000008eeb60_0;
    %pad/u 13;
    %ix/vec4 4;
    %load/vec4a v0000000000870740, 4;
    %parti/s 16, 48, 7;
    %load/vec4 v000000000086fd40_0;
    %pad/s 33;
    %addi 3, 0, 33;
    %ix/vec4/s 3;
    %ix/load 4, 0, 0; Constant delay
    %assign/vec4/a/d v000000000086fca0, 0, 4;
    %load/vec4 v00000000008eeb60_0;
    %pad/u 13;
    %ix/vec4 4;
    %load/vec4a v0000000000870740, 4;
    %parti/s 16, 64, 8;
    %load/vec4 v000000000086fd40_0;
    %pad/s 33;
    %addi 4, 0, 33;
    %ix/vec4/s 3;
    %ix/load 4, 0, 0; Constant delay
    %assign/vec4/a/d v000000000086fca0, 0, 4;
    %load/vec4 v00000000008eeb60_0;
    %pad/u 13;
    %ix/vec4 4;
    %load/vec4a v0000000000870740, 4;
    %parti/s 16, 80, 8;
    %load/vec4 v000000000086fd40_0;
    %pad/s 33;
    %addi 5, 0, 33;
    %ix/vec4/s 3;
    %ix/load 4, 0, 0; Constant delay
    %assign/vec4/a/d v000000000086fca0, 0, 4;
    %load/vec4 v00000000008eeb60_0;
    %pad/u 13;
    %ix/vec4 4;
    %load/vec4a v0000000000870740, 4;
    %parti/s 16, 96, 8;
    %load/vec4 v000000000086fd40_0;
    %pad/s 33;
    %addi 6, 0, 33;
    %ix/vec4/s 3;
    %ix/load 4, 0, 0; Constant delay
    %assign/vec4/a/d v000000000086fca0, 0, 4;
    %load/vec4 v00000000008eeb60_0;
    %pad/u 13;
    %ix/vec4 4;
    %load/vec4a v0000000000870740, 4;
    %parti/s 16, 112, 8;
    %load/vec4 v000000000086fd40_0;
    %pad/s 33;
    %addi 7, 0, 33;
    %ix/vec4/s 3;
    %ix/load 4, 0, 0; Constant delay
    %assign/vec4/a/d v000000000086fca0, 0, 4;
    %pushi/vec4 0, 0, 1;
    %ix/getv 4, v00000000008eeb60_0;
    %store/vec4 v00000000008707e0_0, 4, 1;
T_0.4 ;
    %load/vec4 v00000000008edc60_0;
    %ix/load 4, 15, 0;
    %ix/load 5, 0, 0;
    %flag_set/imm 4, 0;
    %assign/vec4/off/d v000000000086fd40_0, 4, 5;
    %pushi/vec4 0, 0, 32;
    %store/vec4 v00000000008ed440_0, 0, 32;
    %load/vec4 v000000000086fd40_0;
    %pad/s 33;
    %addi 0, 0, 33;
    %ix/vec4/s 4;
    %load/vec4a v000000000086fca0, 4;
    %load/vec4 v00000000008eeb60_0;
    %pad/u 13;
    %ix/vec4 3;
    %ix/load 4, 0, 0; Constant delay
    %assign/vec4/a/d v0000000000870740, 0, 4;
    %load/vec4 v000000000086fd40_0;
    %pad/s 33;
    %addi 1, 0, 33;
    %ix/vec4/s 4;
    %load/vec4a v000000000086fca0, 4;
    %load/vec4 v00000000008eeb60_0;
    %pad/u 13;
    %ix/vec4 3;
    %ix/load 4, 16, 0; part off
    %ix/load 5, 0, 0; Constant delay
    %assign/vec4/a/d v0000000000870740, 4, 5;
    %load/vec4 v000000000086fd40_0;
    %pad/s 33;
    %addi 2, 0, 33;
    %ix/vec4/s 4;
    %load/vec4a v000000000086fca0, 4;
    %load/vec4 v00000000008eeb60_0;
    %pad/u 13;
    %ix/vec4 3;
    %ix/load 4, 32, 0; part off
    %ix/load 5, 0, 0; Constant delay
    %assign/vec4/a/d v0000000000870740, 4, 5;
    %load/vec4 v000000000086fd40_0;
    %pad/s 33;
    %addi 3, 0, 33;
    %ix/vec4/s 4;
    %load/vec4a v000000000086fca0, 4;
    %load/vec4 v00000000008eeb60_0;
    %pad/u 13;
    %ix/vec4 3;
    %ix/load 4, 48, 0; part off
    %ix/load 5, 0, 0; Constant delay
    %assign/vec4/a/d v0000000000870740, 4, 5;
    %load/vec4 v000000000086fd40_0;
    %pad/s 33;
    %addi 4, 0, 33;
    %ix/vec4/s 4;
    %load/vec4a v000000000086fca0, 4;
    %load/vec4 v00000000008eeb60_0;
    %pad/u 13;
    %ix/vec4 3;
    %ix/load 4, 64, 0; part off
    %ix/load 5, 0, 0; Constant delay
    %assign/vec4/a/d v0000000000870740, 4, 5;
    %load/vec4 v000000000086fd40_0;
    %pad/s 33;
    %addi 5, 0, 33;
    %ix/vec4/s 4;
    %load/vec4a v000000000086fca0, 4;
    %load/vec4 v00000000008eeb60_0;
    %pad/u 13;
    %ix/vec4 3;
    %ix/load 4, 80, 0; part off
    %ix/load 5, 0, 0; Constant delay
    %assign/vec4/a/d v0000000000870740, 4, 5;
    %load/vec4 v000000000086fd40_0;
    %pad/s 33;
    %addi 6, 0, 33;
    %ix/vec4/s 4;
    %load/vec4a v000000000086fca0, 4;
    %load/vec4 v00000000008eeb60_0;
    %pad/u 13;
    %ix/vec4 3;
    %ix/load 4, 96, 0; part off
    %ix/load 5, 0, 0; Constant delay
    %assign/vec4/a/d v0000000000870740, 4, 5;
    %load/vec4 v000000000086fd40_0;
    %pad/s 33;
    %addi 7, 0, 33;
    %ix/vec4/s 4;
    %load/vec4a v000000000086fca0, 4;
    %load/vec4 v00000000008eeb60_0;
    %pad/u 13;
    %ix/vec4 3;
    %ix/load 4, 112, 0; part off
    %ix/load 5, 0, 0; Constant delay
    %assign/vec4/a/d v0000000000870740, 4, 5;
    %load/vec4 v00000000008eee80_0;
    %pad/u 128;
    %load/vec4 v00000000008eeb60_0;
    %pad/u 13;
    %ix/vec4 3;
    %ix/load 4, 0, 0; Constant delay
    %assign/vec4/a/d v0000000000870740, 0, 4;
    %pushi/vec4 1, 0, 1;
    %ix/load 5, 0, 0;
    %ix/getv 4, v00000000008eeb60_0;
    %assign/vec4/off/d v00000000008707e0_0, 4, 5;
T_0.2 ;
T_0.1 ;
    %jmp T_0;
    .thread T_0, $push;
    .scope S_00000000008426b0;
T_1 ;
    %wait E_0000000000890560;
    %load/vec4 v0000000000870a60_0;
    %cmpi/e 0, 0, 1;
    %jmp/0xz  T_1.0, 4;
    %load/vec4 v000000000086f700_0;
    %pad/u 18;
    %ix/vec4 4;
    %load/vec4a v000000000086fca0, 4;
    %pad/u 128;
    %load/vec4 v000000000086fac0_0;
    %pad/u 13;
    %ix/vec4 3;
    %ix/load 4, 0, 0; Constant delay
    %assign/vec4/a/d v0000000000870740, 0, 4;
    %load/vec4 v0000000000870b00_0;
    %load/vec4 v000000000086fac0_0;
    %pad/u 13;
    %subi 1, 0, 13;
    %ix/vec4 3;
    %ix/load 4, 0, 0; Constant delay
    %assign/vec4/a/d v00000000008706a0, 0, 4;
T_1.0 ;
    %jmp T_1;
    .thread T_1, $push;
# The file index is used to find the file name in the following table.
:file_names 4;
    "N/A";
    "<interactive>";
    "Data_L1.v";
    "./TagCompare.v";
