#! /usr/local/iverilog/bin/vvp
:ivl_version "11.0 (devel)" "(s20150603-642-g3bdb50da)";
:ivl_delay_selection "TYPICAL";
:vpi_time_precision + 0;
:vpi_module "system";
:vpi_module "vhdl_sys";
:vpi_module "vhdl_textio";
:vpi_module "v2005_math";
:vpi_module "va_math";
S_00000000010234d0 .scope module, "Data_L1" "Data_L1" 2 3;
 .timescale 0 0;
    .port_info 0 /INPUT 16 "WriteAddress_Full";
    .port_info 1 /INPUT 16 "WriteValue";
    .port_info 2 /INPUT 16 "ReadAddress_Full";
    .port_info 3 /OUTPUT 16 "ReadValue";
    .port_info 4 /OUTPUT 1 "WriteHit";
    .port_info 5 /OUTPUT 1 "ReadHit";
    .port_info 6 /INPUT 1 "clk";
    .port_info 7 /INPUT 1 "write";
    .port_info 8 /INPUT 1 "read";
v0000000001016690 .array "BlockTags", 0 2047, 2 1;
v0000000001016910 .array "DataCache", 0 2047, 127 0;
v0000000001017130_0 .var "DirtyBit", 2047 0;
v0000000001016f50 .array "MainMemory", 0 65535, 15 0;
v0000000001017090_0 .net "ReadAddress", 14 1, L_00000000010c4000;  1 drivers
o0000000001069018 .functor BUFZ 16, C4<zzzzzzzzzzzzzzzz>; HiZ drive
v0000000001016230_0 .net "ReadAddress_Full", 16 1, o0000000001069018;  0 drivers
v0000000001016cd0_0 .net "ReadBlockIndex", 11 1, L_00000000010c4780;  1 drivers
v0000000001016e10_0 .var "ReadHit", 0 0;
v0000000001016eb0_0 .net "ReadTag", 2 1, L_00000000010c3ce0;  1 drivers
v0000000001016af0_0 .var "ReadTagCheck", 0 0;
v00000000010169b0_0 .var "ReadValue", 16 1;
v0000000001016c30_0 .net "ReadWordIndex", 3 1, L_00000000010c3d80;  1 drivers
v00000000010162d0_0 .var/i "TempReadAddress", 31 0;
v0000000001016ff0_0 .var/i "TempWriteAddress", 31 0;
v0000000001016a50_0 .var "ValidityBit", 2047 0;
v0000000001016b90_0 .net "WriteAddress", 14 1, L_00000000010c3a60;  1 drivers
o0000000001069228 .functor BUFZ 16, C4<zzzzzzzzzzzzzzzz>; HiZ drive
v0000000001016370_0 .net "WriteAddress_Full", 16 1, o0000000001069228;  0 drivers
v00000000010167d0_0 .net "WriteBlockIndex", 11 1, L_00000000010c46e0;  1 drivers
v00000000010165f0_0 .var "WriteHit", 0 0;
v0000000001016410_0 .net "WriteTag", 2 1, L_00000000010c3b00;  1 drivers
v00000000010164b0_0 .var "WriteTagCheck", 0 0;
o0000000001069318 .functor BUFZ 16, C4<zzzzzzzzzzzzzzzz>; HiZ drive
v0000000001016550_0 .net "WriteValue", 16 1, o0000000001069318;  0 drivers
v00000000010c3ba0_0 .net "WriteWordIndex", 3 1, L_00000000010c4280;  1 drivers
o0000000001069378 .functor BUFZ 1, C4<z>; HiZ drive
v00000000010c4140_0 .net "clk", 0 0, o0000000001069378;  0 drivers
v00000000010c4640_0 .var/i "i", 31 0;
o00000000010693d8 .functor BUFZ 1, C4<z>; HiZ drive
v00000000010c41e0_0 .net "read", 0 0, o00000000010693d8;  0 drivers
o0000000001069408 .functor BUFZ 1, C4<z>; HiZ drive
v00000000010c4c80_0 .net "write", 0 0, o0000000001069408;  0 drivers
E_0000000001063080 .event edge, v00000000010c4140_0;
L_00000000010c3b00 .part o0000000001069228, 14, 2;
L_00000000010c3ce0 .part o0000000001069018, 14, 2;
L_00000000010c46e0 .part o0000000001069228, 3, 11;
L_00000000010c4780 .part o0000000001069018, 3, 11;
L_00000000010c4280 .part o0000000001069228, 0, 3;
L_00000000010c3d80 .part o0000000001069018, 0, 3;
L_00000000010c3a60 .part o0000000001069228, 0, 14;
L_00000000010c4000 .part o0000000001069018, 0, 14;
    .scope S_00000000010234d0;
T_0 ;
    %pushi/vec4 0, 0, 32;
    %store/vec4 v00000000010c4640_0, 0, 32;
T_0.0 ;
    %load/vec4 v00000000010c4640_0;
    %cmpi/s 2048, 0, 32;
    %jmp/0xz T_0.1, 5;
    %pushi/vec4 0, 0, 1;
    %ix/getv/s 4, v00000000010c4640_0;
    %store/vec4 v0000000001016a50_0, 4, 1;
    %pushi/vec4 0, 0, 1;
    %ix/getv/s 4, v00000000010c4640_0;
    %store/vec4 v0000000001017130_0, 4, 1;
    %pushi/vec4 1, 0, 2;
    %ix/getv/s 4, v00000000010c4640_0;
    %store/vec4a v0000000001016690, 4, 0;
    %load/vec4 v00000000010c4640_0;
    %addi 1, 0, 32;
    %store/vec4 v00000000010c4640_0, 0, 32;
    %jmp T_0.0;
T_0.1 ;
    %end;
    .thread T_0;
    .scope S_00000000010234d0;
T_1 ;
    %wait E_0000000001063080;
    %load/vec4 v0000000001016410_0;
    %parti/s 1, 0, 2;
    %load/vec4 v00000000010167d0_0;
    %pad/u 13;
    %ix/vec4 4;
    %load/vec4a v0000000001016690, 4;
    %parti/s 1, 0, 2;
    %xor;
    %nor/r;
    %load/vec4 v0000000001016410_0;
    %parti/s 1, 1, 2;
    %load/vec4 v00000000010167d0_0;
    %pad/u 13;
    %ix/vec4 4;
    %load/vec4a v0000000001016690, 4;
    %parti/s 1, 1, 2;
    %xor;
    %nor/r;
    %and;
    %store/vec4 v00000000010164b0_0, 0, 1;
    %load/vec4 v0000000001016eb0_0;
    %parti/s 1, 0, 2;
    %load/vec4 v0000000001016cd0_0;
    %pad/u 13;
    %ix/vec4 4;
    %load/vec4a v0000000001016690, 4;
    %parti/s 1, 0, 2;
    %xor;
    %nor/r;
    %load/vec4 v0000000001016eb0_0;
    %parti/s 1, 1, 2;
    %load/vec4 v0000000001016cd0_0;
    %pad/u 13;
    %ix/vec4 4;
    %load/vec4a v0000000001016690, 4;
    %parti/s 1, 1, 2;
    %xor;
    %nor/r;
    %and;
    %store/vec4 v0000000001016af0_0, 0, 1;
    %load/vec4 v00000000010164b0_0;
    %load/vec4 v0000000001016a50_0;
    %load/vec4 v00000000010167d0_0;
    %part/u 1;
    %and;
    %store/vec4 v00000000010165f0_0, 0, 1;
    %load/vec4 v0000000001016af0_0;
    %load/vec4 v0000000001016a50_0;
    %load/vec4 v0000000001016cd0_0;
    %part/u 1;
    %and;
    %store/vec4 v0000000001016e10_0, 0, 1;
    %load/vec4 v00000000010165f0_0;
    %pushi/vec4 1, 0, 1;
    %cmp/e;
    %flag_get/vec4 4;
    %load/vec4 v00000000010c4c80_0;
    %pushi/vec4 1, 0, 1;
    %cmp/e;
    %flag_get/vec4 4;
    %and;
    %flag_set/vec4 8;
    %jmp/0xz  T_1.0, 8;
    %vpi_call 2 112 "$display", "Write Hit" {0 0 0};
    %load/vec4 v00000000010c3ba0_0;
    %cmpi/e 0, 0, 3;
    %jmp/0xz  T_1.2, 4;
    %load/vec4 v0000000001016550_0;
    %load/vec4 v00000000010167d0_0;
    %pad/u 13;
    %ix/vec4 4;
    %flag_mov 8, 4;
    %ix/load 5, 0, 0;
    %flag_set/imm 4, 0;
    %flag_or 4, 8;
    %store/vec4a v0000000001016910, 4, 5;
    %jmp T_1.3;
T_1.2 ;
    %load/vec4 v00000000010c3ba0_0;
    %cmpi/e 1, 0, 3;
    %jmp/0xz  T_1.4, 4;
    %load/vec4 v0000000001016550_0;
    %load/vec4 v00000000010167d0_0;
    %pad/u 13;
    %ix/vec4 4;
    %flag_mov 8, 4;
    %ix/load 5, 16, 0;
    %flag_set/imm 4, 0;
    %flag_or 4, 8;
    %store/vec4a v0000000001016910, 4, 5;
    %jmp T_1.5;
T_1.4 ;
    %load/vec4 v00000000010c3ba0_0;
    %cmpi/e 2, 0, 3;
    %jmp/0xz  T_1.6, 4;
    %load/vec4 v0000000001016550_0;
    %load/vec4 v00000000010167d0_0;
    %pad/u 13;
    %ix/vec4 4;
    %flag_mov 8, 4;
    %ix/load 5, 32, 0;
    %flag_set/imm 4, 0;
    %flag_or 4, 8;
    %store/vec4a v0000000001016910, 4, 5;
    %jmp T_1.7;
T_1.6 ;
    %load/vec4 v00000000010c3ba0_0;
    %cmpi/e 3, 0, 3;
    %jmp/0xz  T_1.8, 4;
    %load/vec4 v0000000001016550_0;
    %load/vec4 v00000000010167d0_0;
    %pad/u 13;
    %ix/vec4 4;
    %flag_mov 8, 4;
    %ix/load 5, 48, 0;
    %flag_set/imm 4, 0;
    %flag_or 4, 8;
    %store/vec4a v0000000001016910, 4, 5;
    %jmp T_1.9;
T_1.8 ;
    %load/vec4 v00000000010c3ba0_0;
    %cmpi/e 2, 0, 3;
    %jmp/0xz  T_1.10, 4;
    %load/vec4 v0000000001016550_0;
    %load/vec4 v00000000010167d0_0;
    %pad/u 13;
    %ix/vec4 4;
    %flag_mov 8, 4;
    %ix/load 5, 64, 0;
    %flag_set/imm 4, 0;
    %flag_or 4, 8;
    %store/vec4a v0000000001016910, 4, 5;
    %jmp T_1.11;
T_1.10 ;
    %load/vec4 v00000000010c3ba0_0;
    %cmpi/e 5, 0, 3;
    %jmp/0xz  T_1.12, 4;
    %load/vec4 v0000000001016550_0;
    %load/vec4 v00000000010167d0_0;
    %pad/u 13;
    %ix/vec4 4;
    %flag_mov 8, 4;
    %ix/load 5, 80, 0;
    %flag_set/imm 4, 0;
    %flag_or 4, 8;
    %store/vec4a v0000000001016910, 4, 5;
    %jmp T_1.13;
T_1.12 ;
    %load/vec4 v00000000010c3ba0_0;
    %cmpi/e 6, 0, 3;
    %jmp/0xz  T_1.14, 4;
    %load/vec4 v0000000001016550_0;
    %load/vec4 v00000000010167d0_0;
    %pad/u 13;
    %ix/vec4 4;
    %flag_mov 8, 4;
    %ix/load 5, 96, 0;
    %flag_set/imm 4, 0;
    %flag_or 4, 8;
    %store/vec4a v0000000001016910, 4, 5;
    %jmp T_1.15;
T_1.14 ;
    %load/vec4 v00000000010c3ba0_0;
    %cmpi/e 7, 0, 3;
    %jmp/0xz  T_1.16, 4;
    %load/vec4 v0000000001016550_0;
    %load/vec4 v00000000010167d0_0;
    %pad/u 13;
    %ix/vec4 4;
    %flag_mov 8, 4;
    %ix/load 5, 112, 0;
    %flag_set/imm 4, 0;
    %flag_or 4, 8;
    %store/vec4a v0000000001016910, 4, 5;
T_1.16 ;
T_1.15 ;
T_1.13 ;
T_1.11 ;
T_1.9 ;
T_1.7 ;
T_1.5 ;
T_1.3 ;
    %pushi/vec4 1, 0, 1;
    %ix/getv 4, v00000000010167d0_0;
    %store/vec4 v0000000001017130_0, 4, 1;
    %pushi/vec4 1, 0, 1;
    %ix/getv 4, v00000000010167d0_0;
    %store/vec4 v0000000001016a50_0, 4, 1;
    %jmp T_1.1;
T_1.0 ;
    %load/vec4 v00000000010165f0_0;
    %pushi/vec4 0, 0, 1;
    %cmp/e;
    %flag_get/vec4 4;
    %load/vec4 v00000000010c4c80_0;
    %pushi/vec4 1, 0, 1;
    %cmp/e;
    %flag_get/vec4 4;
    %and;
    %flag_set/vec4 8;
    %jmp/0xz  T_1.18, 8;
    %vpi_call 2 135 "$display", "Write Miss" {0 0 0};
    %load/vec4 v00000000010167d0_0;
    %ix/load 4, 4, 0;
    %flag_set/imm 4, 0;
    %store/vec4 v0000000001016ff0_0, 4, 11;
    %pushi/vec4 0, 0, 3;
    %ix/load 4, 1, 0;
    %flag_set/imm 4, 0;
    %store/vec4 v0000000001016ff0_0, 4, 3;
    %load/vec4 v0000000001017130_0;
    %load/vec4 v00000000010167d0_0;
    %part/u 1;
    %cmpi/e 1, 0, 1;
    %jmp/0xz  T_1.20, 4;
    %vpi_call 2 142 "$display", "Write Miss Write Back" {0 0 0};
    %load/vec4 v00000000010167d0_0;
    %pad/u 13;
    %ix/vec4 4;
    %load/vec4a v0000000001016690, 4;
    %ix/load 4, 15, 0;
    %flag_set/imm 4, 0;
    %store/vec4 v0000000001016ff0_0, 4, 2;
    %load/vec4 v00000000010167d0_0;
    %pad/u 13;
    %ix/vec4 4;
    %load/vec4a v0000000001016910, 4;
    %parti/s 16, 0, 2;
    %load/vec4 v0000000001016ff0_0;
    %pad/s 33;
    %addi 0, 0, 33;
    %ix/vec4/s 4;
    %store/vec4a v0000000001016f50, 4, 0;
    %load/vec4 v00000000010167d0_0;
    %pad/u 13;
    %ix/vec4 4;
    %load/vec4a v0000000001016910, 4;
    %parti/s 16, 16, 6;
    %load/vec4 v0000000001016ff0_0;
    %pad/s 33;
    %addi 1, 0, 33;
    %ix/vec4/s 4;
    %store/vec4a v0000000001016f50, 4, 0;
    %load/vec4 v00000000010167d0_0;
    %pad/u 13;
    %ix/vec4 4;
    %load/vec4a v0000000001016910, 4;
    %parti/s 16, 32, 7;
    %load/vec4 v0000000001016ff0_0;
    %pad/s 33;
    %addi 2, 0, 33;
    %ix/vec4/s 4;
    %store/vec4a v0000000001016f50, 4, 0;
    %load/vec4 v00000000010167d0_0;
    %pad/u 13;
    %ix/vec4 4;
    %load/vec4a v0000000001016910, 4;
    %parti/s 16, 48, 7;
    %load/vec4 v0000000001016ff0_0;
    %pad/s 33;
    %addi 3, 0, 33;
    %ix/vec4/s 4;
    %store/vec4a v0000000001016f50, 4, 0;
    %load/vec4 v00000000010167d0_0;
    %pad/u 13;
    %ix/vec4 4;
    %load/vec4a v0000000001016910, 4;
    %parti/s 16, 64, 8;
    %load/vec4 v0000000001016ff0_0;
    %pad/s 33;
    %addi 4, 0, 33;
    %ix/vec4/s 4;
    %store/vec4a v0000000001016f50, 4, 0;
    %load/vec4 v00000000010167d0_0;
    %pad/u 13;
    %ix/vec4 4;
    %load/vec4a v0000000001016910, 4;
    %parti/s 16, 80, 8;
    %load/vec4 v0000000001016ff0_0;
    %pad/s 33;
    %addi 5, 0, 33;
    %ix/vec4/s 4;
    %store/vec4a v0000000001016f50, 4, 0;
    %load/vec4 v00000000010167d0_0;
    %pad/u 13;
    %ix/vec4 4;
    %load/vec4a v0000000001016910, 4;
    %parti/s 16, 96, 8;
    %load/vec4 v0000000001016ff0_0;
    %pad/s 33;
    %addi 6, 0, 33;
    %ix/vec4/s 4;
    %store/vec4a v0000000001016f50, 4, 0;
    %load/vec4 v00000000010167d0_0;
    %pad/u 13;
    %ix/vec4 4;
    %load/vec4a v0000000001016910, 4;
    %parti/s 16, 112, 8;
    %load/vec4 v0000000001016ff0_0;
    %pad/s 33;
    %addi 7, 0, 33;
    %ix/vec4/s 4;
    %store/vec4a v0000000001016f50, 4, 0;
    %pushi/vec4 0, 0, 1;
    %ix/getv 4, v00000000010167d0_0;
    %store/vec4 v0000000001017130_0, 4, 1;
T_1.20 ;
    %load/vec4 v0000000001016410_0;
    %ix/load 4, 15, 0;
    %flag_set/imm 4, 0;
    %store/vec4 v0000000001016ff0_0, 4, 2;
    %load/vec4 v0000000001016ff0_0;
    %pad/s 33;
    %addi 0, 0, 33;
    %ix/vec4/s 4;
    %load/vec4a v0000000001016f50, 4;
    %load/vec4 v00000000010167d0_0;
    %pad/u 13;
    %ix/vec4 4;
    %flag_mov 8, 4;
    %ix/load 5, 0, 0;
    %flag_set/imm 4, 0;
    %flag_or 4, 8;
    %store/vec4a v0000000001016910, 4, 5;
    %load/vec4 v0000000001016ff0_0;
    %pad/s 33;
    %addi 1, 0, 33;
    %ix/vec4/s 4;
    %load/vec4a v0000000001016f50, 4;
    %load/vec4 v00000000010167d0_0;
    %pad/u 13;
    %ix/vec4 4;
    %flag_mov 8, 4;
    %ix/load 5, 16, 0;
    %flag_set/imm 4, 0;
    %flag_or 4, 8;
    %store/vec4a v0000000001016910, 4, 5;
    %load/vec4 v0000000001016ff0_0;
    %pad/s 33;
    %addi 2, 0, 33;
    %ix/vec4/s 4;
    %load/vec4a v0000000001016f50, 4;
    %load/vec4 v00000000010167d0_0;
    %pad/u 13;
    %ix/vec4 4;
    %flag_mov 8, 4;
    %ix/load 5, 32, 0;
    %flag_set/imm 4, 0;
    %flag_or 4, 8;
    %store/vec4a v0000000001016910, 4, 5;
    %load/vec4 v0000000001016ff0_0;
    %pad/s 33;
    %addi 3, 0, 33;
    %ix/vec4/s 4;
    %load/vec4a v0000000001016f50, 4;
    %load/vec4 v00000000010167d0_0;
    %pad/u 13;
    %ix/vec4 4;
    %flag_mov 8, 4;
    %ix/load 5, 48, 0;
    %flag_set/imm 4, 0;
    %flag_or 4, 8;
    %store/vec4a v0000000001016910, 4, 5;
    %load/vec4 v0000000001016ff0_0;
    %pad/s 33;
    %addi 4, 0, 33;
    %ix/vec4/s 4;
    %load/vec4a v0000000001016f50, 4;
    %load/vec4 v00000000010167d0_0;
    %pad/u 13;
    %ix/vec4 4;
    %flag_mov 8, 4;
    %ix/load 5, 64, 0;
    %flag_set/imm 4, 0;
    %flag_or 4, 8;
    %store/vec4a v0000000001016910, 4, 5;
    %load/vec4 v0000000001016ff0_0;
    %pad/s 33;
    %addi 5, 0, 33;
    %ix/vec4/s 4;
    %load/vec4a v0000000001016f50, 4;
    %load/vec4 v00000000010167d0_0;
    %pad/u 13;
    %ix/vec4 4;
    %flag_mov 8, 4;
    %ix/load 5, 80, 0;
    %flag_set/imm 4, 0;
    %flag_or 4, 8;
    %store/vec4a v0000000001016910, 4, 5;
    %load/vec4 v0000000001016ff0_0;
    %pad/s 33;
    %addi 6, 0, 33;
    %ix/vec4/s 4;
    %load/vec4a v0000000001016f50, 4;
    %load/vec4 v00000000010167d0_0;
    %pad/u 13;
    %ix/vec4 4;
    %flag_mov 8, 4;
    %ix/load 5, 96, 0;
    %flag_set/imm 4, 0;
    %flag_or 4, 8;
    %store/vec4a v0000000001016910, 4, 5;
    %load/vec4 v0000000001016ff0_0;
    %pad/s 33;
    %addi 7, 0, 33;
    %ix/vec4/s 4;
    %load/vec4a v0000000001016f50, 4;
    %load/vec4 v00000000010167d0_0;
    %pad/u 13;
    %ix/vec4 4;
    %flag_mov 8, 4;
    %ix/load 5, 112, 0;
    %flag_set/imm 4, 0;
    %flag_or 4, 8;
    %store/vec4a v0000000001016910, 4, 5;
    %load/vec4 v00000000010c3ba0_0;
    %cmpi/e 0, 0, 3;
    %jmp/0xz  T_1.22, 4;
    %load/vec4 v0000000001016550_0;
    %load/vec4 v00000000010167d0_0;
    %pad/u 13;
    %ix/vec4 4;
    %flag_mov 8, 4;
    %ix/load 5, 0, 0;
    %flag_set/imm 4, 0;
    %flag_or 4, 8;
    %store/vec4a v0000000001016910, 4, 5;
    %jmp T_1.23;
T_1.22 ;
    %load/vec4 v00000000010c3ba0_0;
    %cmpi/e 1, 0, 3;
    %jmp/0xz  T_1.24, 4;
    %load/vec4 v0000000001016550_0;
    %load/vec4 v00000000010167d0_0;
    %pad/u 13;
    %ix/vec4 4;
    %flag_mov 8, 4;
    %ix/load 5, 16, 0;
    %flag_set/imm 4, 0;
    %flag_or 4, 8;
    %store/vec4a v0000000001016910, 4, 5;
    %jmp T_1.25;
T_1.24 ;
    %load/vec4 v00000000010c3ba0_0;
    %cmpi/e 2, 0, 3;
    %jmp/0xz  T_1.26, 4;
    %load/vec4 v0000000001016550_0;
    %load/vec4 v00000000010167d0_0;
    %pad/u 13;
    %ix/vec4 4;
    %flag_mov 8, 4;
    %ix/load 5, 32, 0;
    %flag_set/imm 4, 0;
    %flag_or 4, 8;
    %store/vec4a v0000000001016910, 4, 5;
    %jmp T_1.27;
T_1.26 ;
    %load/vec4 v00000000010c3ba0_0;
    %cmpi/e 3, 0, 3;
    %jmp/0xz  T_1.28, 4;
    %load/vec4 v0000000001016550_0;
    %load/vec4 v00000000010167d0_0;
    %pad/u 13;
    %ix/vec4 4;
    %flag_mov 8, 4;
    %ix/load 5, 48, 0;
    %flag_set/imm 4, 0;
    %flag_or 4, 8;
    %store/vec4a v0000000001016910, 4, 5;
    %jmp T_1.29;
T_1.28 ;
    %load/vec4 v00000000010c3ba0_0;
    %cmpi/e 2, 0, 3;
    %jmp/0xz  T_1.30, 4;
    %load/vec4 v0000000001016550_0;
    %load/vec4 v00000000010167d0_0;
    %pad/u 13;
    %ix/vec4 4;
    %flag_mov 8, 4;
    %ix/load 5, 64, 0;
    %flag_set/imm 4, 0;
    %flag_or 4, 8;
    %store/vec4a v0000000001016910, 4, 5;
    %jmp T_1.31;
T_1.30 ;
    %load/vec4 v00000000010c3ba0_0;
    %cmpi/e 5, 0, 3;
    %jmp/0xz  T_1.32, 4;
    %load/vec4 v0000000001016550_0;
    %load/vec4 v00000000010167d0_0;
    %pad/u 13;
    %ix/vec4 4;
    %flag_mov 8, 4;
    %ix/load 5, 80, 0;
    %flag_set/imm 4, 0;
    %flag_or 4, 8;
    %store/vec4a v0000000001016910, 4, 5;
    %jmp T_1.33;
T_1.32 ;
    %load/vec4 v00000000010c3ba0_0;
    %cmpi/e 6, 0, 3;
    %jmp/0xz  T_1.34, 4;
    %load/vec4 v0000000001016550_0;
    %load/vec4 v00000000010167d0_0;
    %pad/u 13;
    %ix/vec4 4;
    %flag_mov 8, 4;
    %ix/load 5, 96, 0;
    %flag_set/imm 4, 0;
    %flag_or 4, 8;
    %store/vec4a v0000000001016910, 4, 5;
    %jmp T_1.35;
T_1.34 ;
    %load/vec4 v00000000010c3ba0_0;
    %cmpi/e 7, 0, 3;
    %jmp/0xz  T_1.36, 4;
    %load/vec4 v0000000001016550_0;
    %load/vec4 v00000000010167d0_0;
    %pad/u 13;
    %ix/vec4 4;
    %flag_mov 8, 4;
    %ix/load 5, 112, 0;
    %flag_set/imm 4, 0;
    %flag_or 4, 8;
    %store/vec4a v0000000001016910, 4, 5;
T_1.36 ;
T_1.35 ;
T_1.33 ;
T_1.31 ;
T_1.29 ;
T_1.27 ;
T_1.25 ;
T_1.23 ;
    %pushi/vec4 1, 0, 1;
    %ix/getv 4, v00000000010167d0_0;
    %store/vec4 v0000000001017130_0, 4, 1;
    %pushi/vec4 1, 0, 1;
    %ix/getv 4, v00000000010167d0_0;
    %store/vec4 v0000000001016a50_0, 4, 1;
    %load/vec4 v0000000001016410_0;
    %load/vec4 v00000000010167d0_0;
    %pad/u 13;
    %ix/vec4 4;
    %store/vec4a v0000000001016690, 4, 0;
T_1.18 ;
T_1.1 ;
    %load/vec4 v0000000001016eb0_0;
    %parti/s 1, 0, 2;
    %load/vec4 v0000000001016cd0_0;
    %pad/u 13;
    %ix/vec4 4;
    %load/vec4a v0000000001016690, 4;
    %parti/s 1, 0, 2;
    %xor;
    %nor/r;
    %load/vec4 v0000000001016eb0_0;
    %parti/s 1, 1, 2;
    %load/vec4 v0000000001016cd0_0;
    %pad/u 13;
    %ix/vec4 4;
    %load/vec4a v0000000001016690, 4;
    %parti/s 1, 1, 2;
    %xor;
    %nor/r;
    %and;
    %store/vec4 v0000000001016af0_0, 0, 1;
    %load/vec4 v0000000001016af0_0;
    %load/vec4 v0000000001016a50_0;
    %load/vec4 v0000000001016cd0_0;
    %part/u 1;
    %and;
    %store/vec4 v0000000001016e10_0, 0, 1;
    %load/vec4 v0000000001016e10_0;
    %pushi/vec4 1, 0, 1;
    %cmp/e;
    %flag_get/vec4 4;
    %load/vec4 v00000000010c41e0_0;
    %pushi/vec4 1, 0, 1;
    %cmp/e;
    %flag_get/vec4 4;
    %and;
    %flag_set/vec4 8;
    %jmp/0xz  T_1.38, 8;
    %vpi_call 2 213 "$display", "Read Hit" {0 0 0};
    %load/vec4 v0000000001016c30_0;
    %cmpi/e 0, 0, 3;
    %jmp/0xz  T_1.40, 4;
    %load/vec4 v0000000001016cd0_0;
    %pad/u 13;
    %ix/vec4 4;
    %load/vec4a v0000000001016910, 4;
    %parti/s 16, 0, 2;
    %store/vec4 v00000000010169b0_0, 0, 16;
    %jmp T_1.41;
T_1.40 ;
    %load/vec4 v0000000001016c30_0;
    %cmpi/e 1, 0, 3;
    %jmp/0xz  T_1.42, 4;
    %load/vec4 v0000000001016cd0_0;
    %pad/u 13;
    %ix/vec4 4;
    %load/vec4a v0000000001016910, 4;
    %parti/s 16, 16, 6;
    %store/vec4 v00000000010169b0_0, 0, 16;
    %jmp T_1.43;
T_1.42 ;
    %load/vec4 v0000000001016c30_0;
    %cmpi/e 2, 0, 3;
    %jmp/0xz  T_1.44, 4;
    %load/vec4 v0000000001016cd0_0;
    %pad/u 13;
    %ix/vec4 4;
    %load/vec4a v0000000001016910, 4;
    %parti/s 16, 32, 7;
    %store/vec4 v00000000010169b0_0, 0, 16;
    %jmp T_1.45;
T_1.44 ;
    %load/vec4 v0000000001016c30_0;
    %cmpi/e 3, 0, 3;
    %jmp/0xz  T_1.46, 4;
    %load/vec4 v0000000001016cd0_0;
    %pad/u 13;
    %ix/vec4 4;
    %load/vec4a v0000000001016910, 4;
    %parti/s 16, 48, 7;
    %store/vec4 v00000000010169b0_0, 0, 16;
    %jmp T_1.47;
T_1.46 ;
    %load/vec4 v0000000001016c30_0;
    %cmpi/e 4, 0, 3;
    %jmp/0xz  T_1.48, 4;
    %load/vec4 v0000000001016cd0_0;
    %pad/u 13;
    %ix/vec4 4;
    %load/vec4a v0000000001016910, 4;
    %parti/s 16, 64, 8;
    %store/vec4 v00000000010169b0_0, 0, 16;
    %jmp T_1.49;
T_1.48 ;
    %load/vec4 v0000000001016c30_0;
    %cmpi/e 5, 0, 3;
    %jmp/0xz  T_1.50, 4;
    %load/vec4 v0000000001016cd0_0;
    %pad/u 13;
    %ix/vec4 4;
    %load/vec4a v0000000001016910, 4;
    %parti/s 16, 80, 8;
    %store/vec4 v00000000010169b0_0, 0, 16;
    %jmp T_1.51;
T_1.50 ;
    %load/vec4 v0000000001016c30_0;
    %cmpi/e 6, 0, 3;
    %jmp/0xz  T_1.52, 4;
    %load/vec4 v0000000001016cd0_0;
    %pad/u 13;
    %ix/vec4 4;
    %load/vec4a v0000000001016910, 4;
    %parti/s 16, 96, 8;
    %store/vec4 v00000000010169b0_0, 0, 16;
    %jmp T_1.53;
T_1.52 ;
    %load/vec4 v0000000001016c30_0;
    %cmpi/e 7, 0, 3;
    %jmp/0xz  T_1.54, 4;
    %load/vec4 v0000000001016cd0_0;
    %pad/u 13;
    %ix/vec4 4;
    %load/vec4a v0000000001016910, 4;
    %parti/s 16, 112, 8;
    %store/vec4 v00000000010169b0_0, 0, 16;
T_1.54 ;
T_1.53 ;
T_1.51 ;
T_1.49 ;
T_1.47 ;
T_1.45 ;
T_1.43 ;
T_1.41 ;
    %jmp T_1.39;
T_1.38 ;
    %load/vec4 v0000000001016e10_0;
    %pushi/vec4 0, 0, 1;
    %cmp/e;
    %flag_get/vec4 4;
    %load/vec4 v00000000010c41e0_0;
    %pushi/vec4 1, 0, 1;
    %cmp/e;
    %flag_get/vec4 4;
    %and;
    %flag_set/vec4 8;
    %jmp/0xz  T_1.56, 8;
    %vpi_call 2 233 "$display", "Read Miss" {0 0 0};
    %pushi/vec4 0, 0, 32;
    %store/vec4 v00000000010162d0_0, 0, 32;
    %load/vec4 v0000000001016cd0_0;
    %ix/load 4, 3, 0;
    %flag_set/imm 4, 0;
    %store/vec4 v00000000010162d0_0, 4, 11;
    %pushi/vec4 0, 0, 3;
    %ix/load 4, 0, 0;
    %flag_set/imm 4, 0;
    %store/vec4 v00000000010162d0_0, 4, 3;
    %load/vec4 v0000000001017130_0;
    %load/vec4 v0000000001016cd0_0;
    %part/u 1;
    %cmpi/e 1, 0, 1;
    %jmp/0xz  T_1.58, 4;
    %vpi_call 2 242 "$display", "Read Miss Write Back" {0 0 0};
    %load/vec4 v0000000001016cd0_0;
    %pad/u 13;
    %ix/vec4 4;
    %load/vec4a v0000000001016690, 4;
    %ix/load 4, 14, 0;
    %flag_set/imm 4, 0;
    %store/vec4 v00000000010162d0_0, 4, 2;
    %load/vec4 v0000000001016cd0_0;
    %pad/u 13;
    %ix/vec4 4;
    %load/vec4a v0000000001016910, 4;
    %parti/s 16, 0, 2;
    %load/vec4 v00000000010162d0_0;
    %pad/s 33;
    %addi 0, 0, 33;
    %ix/vec4/s 4;
    %store/vec4a v0000000001016f50, 4, 0;
    %load/vec4 v0000000001016cd0_0;
    %pad/u 13;
    %ix/vec4 4;
    %load/vec4a v0000000001016910, 4;
    %parti/s 16, 16, 6;
    %load/vec4 v00000000010162d0_0;
    %pad/s 33;
    %addi 1, 0, 33;
    %ix/vec4/s 4;
    %store/vec4a v0000000001016f50, 4, 0;
    %load/vec4 v0000000001016cd0_0;
    %pad/u 13;
    %ix/vec4 4;
    %load/vec4a v0000000001016910, 4;
    %parti/s 16, 32, 7;
    %load/vec4 v00000000010162d0_0;
    %pad/s 33;
    %addi 2, 0, 33;
    %ix/vec4/s 4;
    %store/vec4a v0000000001016f50, 4, 0;
    %load/vec4 v0000000001016cd0_0;
    %pad/u 13;
    %ix/vec4 4;
    %load/vec4a v0000000001016910, 4;
    %parti/s 16, 48, 7;
    %load/vec4 v00000000010162d0_0;
    %pad/s 33;
    %addi 3, 0, 33;
    %ix/vec4/s 4;
    %store/vec4a v0000000001016f50, 4, 0;
    %load/vec4 v0000000001016cd0_0;
    %pad/u 13;
    %ix/vec4 4;
    %load/vec4a v0000000001016910, 4;
    %parti/s 16, 64, 8;
    %load/vec4 v00000000010162d0_0;
    %pad/s 33;
    %addi 4, 0, 33;
    %ix/vec4/s 4;
    %store/vec4a v0000000001016f50, 4, 0;
    %load/vec4 v0000000001016cd0_0;
    %pad/u 13;
    %ix/vec4 4;
    %load/vec4a v0000000001016910, 4;
    %parti/s 16, 80, 8;
    %load/vec4 v00000000010162d0_0;
    %pad/s 33;
    %addi 5, 0, 33;
    %ix/vec4/s 4;
    %store/vec4a v0000000001016f50, 4, 0;
    %load/vec4 v0000000001016cd0_0;
    %pad/u 13;
    %ix/vec4 4;
    %load/vec4a v0000000001016910, 4;
    %parti/s 16, 96, 8;
    %load/vec4 v00000000010162d0_0;
    %pad/s 33;
    %addi 6, 0, 33;
    %ix/vec4/s 4;
    %store/vec4a v0000000001016f50, 4, 0;
    %load/vec4 v0000000001016cd0_0;
    %pad/u 13;
    %ix/vec4 4;
    %load/vec4a v0000000001016910, 4;
    %parti/s 16, 112, 8;
    %load/vec4 v00000000010162d0_0;
    %pad/s 33;
    %addi 7, 0, 33;
    %ix/vec4/s 4;
    %store/vec4a v0000000001016f50, 4, 0;
T_1.58 ;
    %load/vec4 v0000000001016eb0_0;
    %ix/load 4, 14, 0;
    %flag_set/imm 4, 0;
    %store/vec4 v00000000010162d0_0, 4, 2;
    %load/vec4 v00000000010162d0_0;
    %pad/s 33;
    %addi 0, 0, 33;
    %ix/vec4/s 4;
    %load/vec4a v0000000001016f50, 4;
    %load/vec4 v0000000001016cd0_0;
    %pad/u 13;
    %ix/vec4 4;
    %flag_mov 8, 4;
    %ix/load 5, 0, 0;
    %flag_set/imm 4, 0;
    %flag_or 4, 8;
    %store/vec4a v0000000001016910, 4, 5;
    %load/vec4 v00000000010162d0_0;
    %pad/s 33;
    %addi 1, 0, 33;
    %ix/vec4/s 4;
    %load/vec4a v0000000001016f50, 4;
    %load/vec4 v0000000001016cd0_0;
    %pad/u 13;
    %ix/vec4 4;
    %flag_mov 8, 4;
    %ix/load 5, 16, 0;
    %flag_set/imm 4, 0;
    %flag_or 4, 8;
    %store/vec4a v0000000001016910, 4, 5;
    %load/vec4 v00000000010162d0_0;
    %pad/s 33;
    %addi 2, 0, 33;
    %ix/vec4/s 4;
    %load/vec4a v0000000001016f50, 4;
    %load/vec4 v0000000001016cd0_0;
    %pad/u 13;
    %ix/vec4 4;
    %flag_mov 8, 4;
    %ix/load 5, 32, 0;
    %flag_set/imm 4, 0;
    %flag_or 4, 8;
    %store/vec4a v0000000001016910, 4, 5;
    %load/vec4 v00000000010162d0_0;
    %pad/s 33;
    %addi 3, 0, 33;
    %ix/vec4/s 4;
    %load/vec4a v0000000001016f50, 4;
    %load/vec4 v0000000001016cd0_0;
    %pad/u 13;
    %ix/vec4 4;
    %flag_mov 8, 4;
    %ix/load 5, 48, 0;
    %flag_set/imm 4, 0;
    %flag_or 4, 8;
    %store/vec4a v0000000001016910, 4, 5;
    %load/vec4 v00000000010162d0_0;
    %pad/s 33;
    %addi 4, 0, 33;
    %ix/vec4/s 4;
    %load/vec4a v0000000001016f50, 4;
    %load/vec4 v0000000001016cd0_0;
    %pad/u 13;
    %ix/vec4 4;
    %flag_mov 8, 4;
    %ix/load 5, 64, 0;
    %flag_set/imm 4, 0;
    %flag_or 4, 8;
    %store/vec4a v0000000001016910, 4, 5;
    %load/vec4 v00000000010162d0_0;
    %pad/s 33;
    %addi 5, 0, 33;
    %ix/vec4/s 4;
    %load/vec4a v0000000001016f50, 4;
    %load/vec4 v0000000001016cd0_0;
    %pad/u 13;
    %ix/vec4 4;
    %flag_mov 8, 4;
    %ix/load 5, 80, 0;
    %flag_set/imm 4, 0;
    %flag_or 4, 8;
    %store/vec4a v0000000001016910, 4, 5;
    %load/vec4 v00000000010162d0_0;
    %pad/s 33;
    %addi 6, 0, 33;
    %ix/vec4/s 4;
    %load/vec4a v0000000001016f50, 4;
    %load/vec4 v0000000001016cd0_0;
    %pad/u 13;
    %ix/vec4 4;
    %flag_mov 8, 4;
    %ix/load 5, 96, 0;
    %flag_set/imm 4, 0;
    %flag_or 4, 8;
    %store/vec4a v0000000001016910, 4, 5;
    %load/vec4 v00000000010162d0_0;
    %pad/s 33;
    %addi 7, 0, 33;
    %ix/vec4/s 4;
    %load/vec4a v0000000001016f50, 4;
    %load/vec4 v0000000001016cd0_0;
    %pad/u 13;
    %ix/vec4 4;
    %flag_mov 8, 4;
    %ix/load 5, 112, 0;
    %flag_set/imm 4, 0;
    %flag_or 4, 8;
    %store/vec4a v0000000001016910, 4, 5;
    %load/vec4 v0000000001016eb0_0;
    %load/vec4 v0000000001016cd0_0;
    %pad/u 13;
    %ix/vec4 4;
    %store/vec4a v0000000001016690, 4, 0;
    %pushi/vec4 1, 0, 1;
    %ix/getv 4, v0000000001016cd0_0;
    %store/vec4 v0000000001016a50_0, 4, 1;
    %pushi/vec4 0, 0, 1;
    %ix/getv 4, v0000000001016cd0_0;
    %store/vec4 v0000000001017130_0, 4, 1;
    %load/vec4 v0000000001016c30_0;
    %cmpi/e 0, 0, 3;
    %jmp/0xz  T_1.60, 4;
    %load/vec4 v0000000001016cd0_0;
    %pad/u 13;
    %ix/vec4 4;
    %load/vec4a v0000000001016910, 4;
    %parti/s 16, 0, 2;
    %store/vec4 v00000000010169b0_0, 0, 16;
    %jmp T_1.61;
T_1.60 ;
    %load/vec4 v0000000001016c30_0;
    %cmpi/e 1, 0, 3;
    %jmp/0xz  T_1.62, 4;
    %load/vec4 v0000000001016cd0_0;
    %pad/u 13;
    %ix/vec4 4;
    %load/vec4a v0000000001016910, 4;
    %parti/s 16, 16, 6;
    %store/vec4 v00000000010169b0_0, 0, 16;
    %jmp T_1.63;
T_1.62 ;
    %load/vec4 v0000000001016c30_0;
    %cmpi/e 2, 0, 3;
    %jmp/0xz  T_1.64, 4;
    %load/vec4 v0000000001016cd0_0;
    %pad/u 13;
    %ix/vec4 4;
    %load/vec4a v0000000001016910, 4;
    %parti/s 16, 32, 7;
    %store/vec4 v00000000010169b0_0, 0, 16;
    %jmp T_1.65;
T_1.64 ;
    %load/vec4 v0000000001016c30_0;
    %cmpi/e 3, 0, 3;
    %jmp/0xz  T_1.66, 4;
    %load/vec4 v0000000001016cd0_0;
    %pad/u 13;
    %ix/vec4 4;
    %load/vec4a v0000000001016910, 4;
    %parti/s 16, 48, 7;
    %store/vec4 v00000000010169b0_0, 0, 16;
    %jmp T_1.67;
T_1.66 ;
    %load/vec4 v0000000001016c30_0;
    %cmpi/e 4, 0, 3;
    %jmp/0xz  T_1.68, 4;
    %load/vec4 v0000000001016cd0_0;
    %pad/u 13;
    %ix/vec4 4;
    %load/vec4a v0000000001016910, 4;
    %parti/s 16, 64, 8;
    %store/vec4 v00000000010169b0_0, 0, 16;
    %jmp T_1.69;
T_1.68 ;
    %load/vec4 v0000000001016c30_0;
    %cmpi/e 5, 0, 3;
    %jmp/0xz  T_1.70, 4;
    %load/vec4 v0000000001016cd0_0;
    %pad/u 13;
    %ix/vec4 4;
    %load/vec4a v0000000001016910, 4;
    %parti/s 16, 80, 8;
    %store/vec4 v00000000010169b0_0, 0, 16;
    %jmp T_1.71;
T_1.70 ;
    %load/vec4 v0000000001016c30_0;
    %cmpi/e 6, 0, 3;
    %jmp/0xz  T_1.72, 4;
    %load/vec4 v0000000001016cd0_0;
    %pad/u 13;
    %ix/vec4 4;
    %load/vec4a v0000000001016910, 4;
    %parti/s 16, 96, 8;
    %store/vec4 v00000000010169b0_0, 0, 16;
    %jmp T_1.73;
T_1.72 ;
    %load/vec4 v0000000001016c30_0;
    %cmpi/e 7, 0, 3;
    %jmp/0xz  T_1.74, 4;
    %load/vec4 v0000000001016cd0_0;
    %pad/u 13;
    %ix/vec4 4;
    %load/vec4a v0000000001016910, 4;
    %parti/s 16, 112, 8;
    %store/vec4 v00000000010169b0_0, 0, 16;
T_1.74 ;
T_1.73 ;
T_1.71 ;
T_1.69 ;
T_1.67 ;
T_1.65 ;
T_1.63 ;
T_1.61 ;
T_1.56 ;
T_1.39 ;
    %jmp T_1;
    .thread T_1, $push;
# The file index is used to find the file name in the following table.
:file_names 3;
    "N/A";
    "<interactive>";
    "Data_L1.v";
