#! /usr/local/iverilog/bin/vvp
:ivl_version "11.0 (devel)" "(s20150603-642-g3bdb50da)";
:ivl_delay_selection "TYPICAL";
:vpi_time_precision + 0;
:vpi_module "system";
:vpi_module "vhdl_sys";
:vpi_module "vhdl_textio";
:vpi_module "v2005_math";
:vpi_module "va_math";
S_00000000009082d0 .scope module, "BarrelShifterLeft" "BarrelShifterLeft" 2 4;
 .timescale 0 0;
    .port_info 0 /INPUT 11 "a";
    .port_info 1 /INPUT 5 "shift";
    .port_info 2 /OUTPUT 11 "b";
v0000000000929be0_0 .net *"_s1", 0 0, L_00000000010b5350;  1 drivers
v00000000009296e0_0 .net *"_s13", 0 0, L_0000000001100ae0;  1 drivers
v0000000000928d80_0 .net *"_s17", 0 0, L_0000000001101bc0;  1 drivers
L_00000000010b84b0 .functor BUFT 1, C4<00000000000>, C4<0>, C4<0>, C4<0>;
v0000000000928880_0 .net/2u *"_s18", 10 0, L_00000000010b84b0;  1 drivers
v000000000092ac20_0 .net *"_s5", 0 0, L_0000000001104c80;  1 drivers
v0000000000928c40_0 .net *"_s9", 0 0, L_0000000001107160;  1 drivers
o0000000001060298 .functor BUFZ 11, C4<zzzzzzzzzzz>; HiZ drive
v00000000009295a0_0 .net "a", 11 1, o0000000001060298;  0 drivers
v0000000000929960_0 .net "b", 11 1, L_00000000011005e0;  1 drivers
v00000000009289c0_0 .net "o1", 11 1, L_00000000010b5530;  1 drivers
v00000000009291e0_0 .net "o2", 11 1, L_0000000001103880;  1 drivers
v0000000000929460_0 .net "o3", 11 1, L_00000000011064e0;  1 drivers
v0000000000929780_0 .net "o4", 11 1, L_00000000011014e0;  1 drivers
o0000000001062a28 .functor BUFZ 5, C4<zzzzz>; HiZ drive
v000000000092acc0_0 .net "shift", 5 1, o0000000001062a28;  0 drivers
v0000000000928600_0 .net "w1", 11 1, L_00000000010b5a30;  1 drivers
v00000000009286a0_0 .net "w21", 11 1, L_0000000001104280;  1 drivers
v0000000000929d20_0 .net "w22", 11 1, L_0000000001102980;  1 drivers
v0000000000929e60_0 .net "w31", 11 1, L_0000000001103c40;  1 drivers
v0000000000929f00_0 .net "w32", 11 1, L_0000000001104320;  1 drivers
v0000000000929fa0_0 .net "w33", 11 1, L_00000000011045a0;  1 drivers
v000000000092a180_0 .net "w34", 11 1, L_0000000001107200;  1 drivers
v000000000092a220_0 .net "w41", 11 1, L_0000000001107840;  1 drivers
v000000000092a4a0_0 .net "w42", 11 1, L_0000000001106ee0;  1 drivers
v000000000092a5e0_0 .net "w43", 11 1, L_00000000011069e0;  1 drivers
v000000000092a7c0_0 .net "w44", 11 1, L_0000000001105900;  1 drivers
v0000000000928740_0 .net "w45", 11 1, L_0000000001106440;  1 drivers
v000000000092a860_0 .net "w46", 11 1, L_0000000001107980;  1 drivers
v00000000009287e0_0 .net "w47", 11 1, L_0000000001102840;  1 drivers
v000000000092b9e0_0 .net "w48", 11 1, L_00000000011019e0;  1 drivers
E_00000000009015d0/0 .event edge, v0000000000922b70_0, v0000000000923c50_0, v0000000000924cd0_0, v00000000009293c0_0;
E_00000000009015d0/1 .event edge, v0000000000923570_0, v0000000000922fd0_0, v0000000000924910_0, v0000000000929780_0;
E_00000000009015d0 .event/or E_00000000009015d0/0, E_00000000009015d0/1;
L_00000000010b5350 .part o0000000001062a28, 0, 1;
L_00000000010b5530 .functor MUXZ 11, L_00000000010b5a30, o0000000001060298, L_00000000010b5350, C4<>;
L_0000000001104c80 .part o0000000001062a28, 1, 1;
L_0000000001103880 .functor MUXZ 11, L_0000000001102980, L_00000000010b5530, L_0000000001104c80, C4<>;
L_0000000001107160 .part o0000000001062a28, 2, 1;
L_00000000011064e0 .functor MUXZ 11, L_0000000001107200, L_0000000001103880, L_0000000001107160, C4<>;
L_0000000001100ae0 .part o0000000001062a28, 3, 1;
L_00000000011014e0 .functor MUXZ 11, L_00000000011019e0, L_00000000011064e0, L_0000000001100ae0, C4<>;
L_0000000001101bc0 .part o0000000001062a28, 4, 1;
L_00000000011005e0 .functor MUXZ 11, L_00000000010b84b0, L_00000000011014e0, L_0000000001101bc0, C4<>;
S_00000000009071a0 .scope module, "s_1" "ShiftLeftOnce_11Bit" 2 14, 3 1 0, S_00000000009082d0;
 .timescale 0 0;
    .port_info 0 /INPUT 11 "a";
    .port_info 1 /OUTPUT 11 "b";
v00000000008ff2e0_0 .net *"_s11", 0 0, L_00000000010b5850;  1 drivers
v00000000008fd6c0_0 .net *"_s15", 0 0, L_00000000010b52b0;  1 drivers
v00000000008fdee0_0 .net *"_s19", 0 0, L_00000000010b5df0;  1 drivers
L_00000000010b8078 .functor BUFT 1, C4<0>, C4<0>, C4<0>, C4<0>;
v00000000008eb7f0_0 .net/2u *"_s2", 0 0, L_00000000010b8078;  1 drivers
v00000000008ec650_0 .net *"_s23", 0 0, L_00000000010b58f0;  1 drivers
v00000000008ec8d0_0 .net *"_s27", 0 0, L_00000000010b5e90;  1 drivers
v00000000008ca210_0 .net *"_s31", 0 0, L_00000000010b4ef0;  1 drivers
v0000000000924470_0 .net *"_s35", 0 0, L_00000000010b50d0;  1 drivers
v00000000009239d0_0 .net *"_s39", 0 0, L_00000000010b5170;  1 drivers
v0000000000923bb0_0 .net *"_s44", 0 0, L_00000000010b5c10;  1 drivers
v0000000000924330_0 .net *"_s7", 0 0, L_00000000010b4e50;  1 drivers
v00000000009228f0_0 .net "a", 11 1, o0000000001060298;  alias, 0 drivers
v0000000000922b70_0 .net "b", 11 1, L_00000000010b5a30;  alias, 1 drivers
L_00000000010b4e50 .part o0000000001060298, 0, 1;
L_00000000010b5850 .part o0000000001060298, 1, 1;
L_00000000010b52b0 .part o0000000001060298, 2, 1;
L_00000000010b5df0 .part o0000000001060298, 3, 1;
L_00000000010b58f0 .part o0000000001060298, 4, 1;
L_00000000010b5e90 .part o0000000001060298, 5, 1;
L_00000000010b4ef0 .part o0000000001060298, 6, 1;
L_00000000010b50d0 .part o0000000001060298, 7, 1;
L_00000000010b5170 .part o0000000001060298, 8, 1;
LS_00000000010b5a30_0_0 .concat8 [ 1 1 1 1], L_00000000010b8078, L_00000000010b4e50, L_00000000010b5850, L_00000000010b52b0;
LS_00000000010b5a30_0_4 .concat8 [ 1 1 1 1], L_00000000010b5df0, L_00000000010b58f0, L_00000000010b5e90, L_00000000010b4ef0;
LS_00000000010b5a30_0_8 .concat8 [ 1 1 1 0], L_00000000010b50d0, L_00000000010b5170, L_00000000010b5c10;
L_00000000010b5a30 .concat8 [ 4 4 3 0], LS_00000000010b5a30_0_0, LS_00000000010b5a30_0_4, LS_00000000010b5a30_0_8;
L_00000000010b5c10 .part o0000000001060298, 9, 1;
S_0000000000908140 .scope module, "s_21" "ShiftLeftOnce_11Bit" 2 18, 3 1 0, S_00000000009082d0;
 .timescale 0 0;
    .port_info 0 /INPUT 11 "a";
    .port_info 1 /OUTPUT 11 "b";
v0000000000923750_0 .net *"_s11", 0 0, L_00000000010b55d0;  1 drivers
v0000000000922a30_0 .net *"_s15", 0 0, L_0000000001103ce0;  1 drivers
v0000000000923d90_0 .net *"_s19", 0 0, L_0000000001105040;  1 drivers
L_00000000010b80c0 .functor BUFT 1, C4<0>, C4<0>, C4<0>, C4<0>;
v0000000000922f30_0 .net/2u *"_s2", 0 0, L_00000000010b80c0;  1 drivers
v0000000000922ad0_0 .net *"_s23", 0 0, L_00000000011036a0;  1 drivers
v00000000009227b0_0 .net *"_s27", 0 0, L_00000000011039c0;  1 drivers
v0000000000923a70_0 .net *"_s31", 0 0, L_0000000001103380;  1 drivers
v0000000000922c10_0 .net *"_s35", 0 0, L_00000000011041e0;  1 drivers
v00000000009236b0_0 .net *"_s39", 0 0, L_00000000011028e0;  1 drivers
v0000000000922e90_0 .net *"_s44", 0 0, L_0000000001103060;  1 drivers
v0000000000923f70_0 .net *"_s7", 0 0, L_00000000010b53f0;  1 drivers
v0000000000923570_0 .net "a", 11 1, L_00000000010b5530;  alias, 1 drivers
v00000000009234d0_0 .net "b", 11 1, L_0000000001104280;  alias, 1 drivers
L_00000000010b53f0 .part L_00000000010b5530, 0, 1;
L_00000000010b55d0 .part L_00000000010b5530, 1, 1;
L_0000000001103ce0 .part L_00000000010b5530, 2, 1;
L_0000000001105040 .part L_00000000010b5530, 3, 1;
L_00000000011036a0 .part L_00000000010b5530, 4, 1;
L_00000000011039c0 .part L_00000000010b5530, 5, 1;
L_0000000001103380 .part L_00000000010b5530, 6, 1;
L_00000000011041e0 .part L_00000000010b5530, 7, 1;
L_00000000011028e0 .part L_00000000010b5530, 8, 1;
LS_0000000001104280_0_0 .concat8 [ 1 1 1 1], L_00000000010b80c0, L_00000000010b53f0, L_00000000010b55d0, L_0000000001103ce0;
LS_0000000001104280_0_4 .concat8 [ 1 1 1 1], L_0000000001105040, L_00000000011036a0, L_00000000011039c0, L_0000000001103380;
LS_0000000001104280_0_8 .concat8 [ 1 1 1 0], L_00000000011041e0, L_00000000011028e0, L_0000000001103060;
L_0000000001104280 .concat8 [ 4 4 3 0], LS_0000000001104280_0_0, LS_0000000001104280_0_4, LS_0000000001104280_0_8;
L_0000000001103060 .part L_00000000010b5530, 9, 1;
S_0000000000906840 .scope module, "s_22" "ShiftLeftOnce_11Bit" 2 19, 3 1 0, S_00000000009082d0;
 .timescale 0 0;
    .port_info 0 /INPUT 11 "a";
    .port_info 1 /OUTPUT 11 "b";
v00000000009225d0_0 .net *"_s11", 0 0, L_0000000001102fc0;  1 drivers
v0000000000923610_0 .net *"_s15", 0 0, L_0000000001103740;  1 drivers
v0000000000923430_0 .net *"_s19", 0 0, L_00000000011037e0;  1 drivers
L_00000000010b8108 .functor BUFT 1, C4<0>, C4<0>, C4<0>, C4<0>;
v0000000000922df0_0 .net/2u *"_s2", 0 0, L_00000000010b8108;  1 drivers
v0000000000922670_0 .net *"_s23", 0 0, L_0000000001103ba0;  1 drivers
v0000000000924290_0 .net *"_s27", 0 0, L_0000000001104640;  1 drivers
v00000000009240b0_0 .net *"_s31", 0 0, L_0000000001104960;  1 drivers
v0000000000922710_0 .net *"_s35", 0 0, L_0000000001103d80;  1 drivers
v0000000000923390_0 .net *"_s39", 0 0, L_0000000001103420;  1 drivers
v00000000009241f0_0 .net *"_s44", 0 0, L_0000000001102e80;  1 drivers
v00000000009237f0_0 .net *"_s7", 0 0, L_0000000001103b00;  1 drivers
v0000000000923890_0 .net "a", 11 1, L_0000000001104280;  alias, 1 drivers
v0000000000923c50_0 .net "b", 11 1, L_0000000001102980;  alias, 1 drivers
L_0000000001103b00 .part L_0000000001104280, 0, 1;
L_0000000001102fc0 .part L_0000000001104280, 1, 1;
L_0000000001103740 .part L_0000000001104280, 2, 1;
L_00000000011037e0 .part L_0000000001104280, 3, 1;
L_0000000001103ba0 .part L_0000000001104280, 4, 1;
L_0000000001104640 .part L_0000000001104280, 5, 1;
L_0000000001104960 .part L_0000000001104280, 6, 1;
L_0000000001103d80 .part L_0000000001104280, 7, 1;
L_0000000001103420 .part L_0000000001104280, 8, 1;
LS_0000000001102980_0_0 .concat8 [ 1 1 1 1], L_00000000010b8108, L_0000000001103b00, L_0000000001102fc0, L_0000000001103740;
LS_0000000001102980_0_4 .concat8 [ 1 1 1 1], L_00000000011037e0, L_0000000001103ba0, L_0000000001104640, L_0000000001104960;
LS_0000000001102980_0_8 .concat8 [ 1 1 1 0], L_0000000001103d80, L_0000000001103420, L_0000000001102e80;
L_0000000001102980 .concat8 [ 4 4 3 0], LS_0000000001102980_0_0, LS_0000000001102980_0_4, LS_0000000001102980_0_8;
L_0000000001102e80 .part L_0000000001104280, 9, 1;
S_0000000000907970 .scope module, "s_31" "ShiftLeftOnce_11Bit" 2 23, 3 1 0, S_00000000009082d0;
 .timescale 0 0;
    .port_info 0 /INPUT 11 "a";
    .port_info 1 /OUTPUT 11 "b";
v0000000000923e30_0 .net *"_s11", 0 0, L_0000000001104000;  1 drivers
v0000000000923930_0 .net *"_s15", 0 0, L_0000000001104d20;  1 drivers
v0000000000922850_0 .net *"_s19", 0 0, L_0000000001103a60;  1 drivers
L_00000000010b8150 .functor BUFT 1, C4<0>, C4<0>, C4<0>, C4<0>;
v0000000000923ed0_0 .net/2u *"_s2", 0 0, L_00000000010b8150;  1 drivers
v0000000000922cb0_0 .net *"_s23", 0 0, L_00000000011032e0;  1 drivers
v0000000000922990_0 .net *"_s27", 0 0, L_00000000011040a0;  1 drivers
v0000000000923b10_0 .net *"_s31", 0 0, L_0000000001103240;  1 drivers
v00000000009243d0_0 .net *"_s35", 0 0, L_00000000011034c0;  1 drivers
v0000000000924010_0 .net *"_s39", 0 0, L_0000000001102a20;  1 drivers
v0000000000924150_0 .net *"_s44", 0 0, L_0000000001103ec0;  1 drivers
v0000000000922d50_0 .net *"_s7", 0 0, L_0000000001103920;  1 drivers
v0000000000922fd0_0 .net "a", 11 1, L_0000000001103880;  alias, 1 drivers
v0000000000923070_0 .net "b", 11 1, L_0000000001103c40;  alias, 1 drivers
L_0000000001103920 .part L_0000000001103880, 0, 1;
L_0000000001104000 .part L_0000000001103880, 1, 1;
L_0000000001104d20 .part L_0000000001103880, 2, 1;
L_0000000001103a60 .part L_0000000001103880, 3, 1;
L_00000000011032e0 .part L_0000000001103880, 4, 1;
L_00000000011040a0 .part L_0000000001103880, 5, 1;
L_0000000001103240 .part L_0000000001103880, 6, 1;
L_00000000011034c0 .part L_0000000001103880, 7, 1;
L_0000000001102a20 .part L_0000000001103880, 8, 1;
LS_0000000001103c40_0_0 .concat8 [ 1 1 1 1], L_00000000010b8150, L_0000000001103920, L_0000000001104000, L_0000000001104d20;
LS_0000000001103c40_0_4 .concat8 [ 1 1 1 1], L_0000000001103a60, L_00000000011032e0, L_00000000011040a0, L_0000000001103240;
LS_0000000001103c40_0_8 .concat8 [ 1 1 1 0], L_00000000011034c0, L_0000000001102a20, L_0000000001103ec0;
L_0000000001103c40 .concat8 [ 4 4 3 0], LS_0000000001103c40_0_0, LS_0000000001103c40_0_4, LS_0000000001103c40_0_8;
L_0000000001103ec0 .part L_0000000001103880, 9, 1;
S_0000000000906520 .scope module, "s_32" "ShiftLeftOnce_11Bit" 2 24, 3 1 0, S_00000000009082d0;
 .timescale 0 0;
    .port_info 0 /INPUT 11 "a";
    .port_info 1 /OUTPUT 11 "b";
v0000000000923cf0_0 .net *"_s11", 0 0, L_0000000001104780;  1 drivers
v0000000000923110_0 .net *"_s15", 0 0, L_0000000001104a00;  1 drivers
v00000000009231b0_0 .net *"_s19", 0 0, L_0000000001103e20;  1 drivers
L_00000000010b8198 .functor BUFT 1, C4<0>, C4<0>, C4<0>, C4<0>;
v0000000000923250_0 .net/2u *"_s2", 0 0, L_00000000010b8198;  1 drivers
v00000000009232f0_0 .net *"_s23", 0 0, L_0000000001103f60;  1 drivers
v0000000000924d70_0 .net *"_s27", 0 0, L_0000000001102de0;  1 drivers
v0000000000924a50_0 .net *"_s31", 0 0, L_0000000001103100;  1 drivers
v0000000000926b70_0 .net *"_s35", 0 0, L_0000000001103560;  1 drivers
v0000000000924c30_0 .net *"_s39", 0 0, L_0000000001104140;  1 drivers
v0000000000924eb0_0 .net *"_s44", 0 0, L_00000000011043c0;  1 drivers
v0000000000924ff0_0 .net *"_s7", 0 0, L_0000000001104aa0;  1 drivers
v0000000000924730_0 .net "a", 11 1, L_0000000001103c40;  alias, 1 drivers
v0000000000926cb0_0 .net "b", 11 1, L_0000000001104320;  alias, 1 drivers
L_0000000001104aa0 .part L_0000000001103c40, 0, 1;
L_0000000001104780 .part L_0000000001103c40, 1, 1;
L_0000000001104a00 .part L_0000000001103c40, 2, 1;
L_0000000001103e20 .part L_0000000001103c40, 3, 1;
L_0000000001103f60 .part L_0000000001103c40, 4, 1;
L_0000000001102de0 .part L_0000000001103c40, 5, 1;
L_0000000001103100 .part L_0000000001103c40, 6, 1;
L_0000000001103560 .part L_0000000001103c40, 7, 1;
L_0000000001104140 .part L_0000000001103c40, 8, 1;
LS_0000000001104320_0_0 .concat8 [ 1 1 1 1], L_00000000010b8198, L_0000000001104aa0, L_0000000001104780, L_0000000001104a00;
LS_0000000001104320_0_4 .concat8 [ 1 1 1 1], L_0000000001103e20, L_0000000001103f60, L_0000000001102de0, L_0000000001103100;
LS_0000000001104320_0_8 .concat8 [ 1 1 1 0], L_0000000001103560, L_0000000001104140, L_00000000011043c0;
L_0000000001104320 .concat8 [ 4 4 3 0], LS_0000000001104320_0_0, LS_0000000001104320_0_4, LS_0000000001104320_0_8;
L_00000000011043c0 .part L_0000000001103c40, 9, 1;
S_0000000000906b60 .scope module, "s_33" "ShiftLeftOnce_11Bit" 2 25, 3 1 0, S_00000000009082d0;
 .timescale 0 0;
    .port_info 0 /INPUT 11 "a";
    .port_info 1 /OUTPUT 11 "b";
v0000000000925590_0 .net *"_s11", 0 0, L_0000000001104dc0;  1 drivers
v0000000000924690_0 .net *"_s15", 0 0, L_0000000001104460;  1 drivers
v0000000000925b30_0 .net *"_s19", 0 0, L_00000000011031a0;  1 drivers
L_00000000010b81e0 .functor BUFT 1, C4<0>, C4<0>, C4<0>, C4<0>;
v0000000000925f90_0 .net/2u *"_s2", 0 0, L_00000000010b81e0;  1 drivers
v0000000000926ad0_0 .net *"_s23", 0 0, L_0000000001102ac0;  1 drivers
v0000000000925090_0 .net *"_s27", 0 0, L_0000000001104b40;  1 drivers
v0000000000924f50_0 .net *"_s31", 0 0, L_0000000001102f20;  1 drivers
v0000000000925270_0 .net *"_s35", 0 0, L_0000000001104500;  1 drivers
v00000000009260d0_0 .net *"_s39", 0 0, L_0000000001103600;  1 drivers
v0000000000925310_0 .net *"_s44", 0 0, L_00000000011046e0;  1 drivers
v0000000000926990_0 .net *"_s7", 0 0, L_0000000001104fa0;  1 drivers
v0000000000925450_0 .net "a", 11 1, L_0000000001104320;  alias, 1 drivers
v0000000000926170_0 .net "b", 11 1, L_00000000011045a0;  alias, 1 drivers
L_0000000001104fa0 .part L_0000000001104320, 0, 1;
L_0000000001104dc0 .part L_0000000001104320, 1, 1;
L_0000000001104460 .part L_0000000001104320, 2, 1;
L_00000000011031a0 .part L_0000000001104320, 3, 1;
L_0000000001102ac0 .part L_0000000001104320, 4, 1;
L_0000000001104b40 .part L_0000000001104320, 5, 1;
L_0000000001102f20 .part L_0000000001104320, 6, 1;
L_0000000001104500 .part L_0000000001104320, 7, 1;
L_0000000001103600 .part L_0000000001104320, 8, 1;
LS_00000000011045a0_0_0 .concat8 [ 1 1 1 1], L_00000000010b81e0, L_0000000001104fa0, L_0000000001104dc0, L_0000000001104460;
LS_00000000011045a0_0_4 .concat8 [ 1 1 1 1], L_00000000011031a0, L_0000000001102ac0, L_0000000001104b40, L_0000000001102f20;
LS_00000000011045a0_0_8 .concat8 [ 1 1 1 0], L_0000000001104500, L_0000000001103600, L_00000000011046e0;
L_00000000011045a0 .concat8 [ 4 4 3 0], LS_00000000011045a0_0_0, LS_00000000011045a0_0_4, LS_00000000011045a0_0_8;
L_00000000011046e0 .part L_0000000001104320, 9, 1;
S_00000000009069d0 .scope module, "s_34" "ShiftLeftOnce_11Bit" 2 26, 3 1 0, S_00000000009082d0;
 .timescale 0 0;
    .port_info 0 /INPUT 11 "a";
    .port_info 1 /OUTPUT 11 "b";
v00000000009263f0_0 .net *"_s11", 0 0, L_00000000011048c0;  1 drivers
v0000000000926850_0 .net *"_s15", 0 0, L_0000000001104be0;  1 drivers
v00000000009253b0_0 .net *"_s19", 0 0, L_0000000001104e60;  1 drivers
L_00000000010b8228 .functor BUFT 1, C4<0>, C4<0>, C4<0>, C4<0>;
v0000000000926350_0 .net/2u *"_s2", 0 0, L_00000000010b8228;  1 drivers
v0000000000924af0_0 .net *"_s23", 0 0, L_0000000001104f00;  1 drivers
v00000000009268f0_0 .net *"_s27", 0 0, L_0000000001102b60;  1 drivers
v0000000000926a30_0 .net *"_s31", 0 0, L_0000000001102c00;  1 drivers
v0000000000924b90_0 .net *"_s35", 0 0, L_0000000001102ca0;  1 drivers
v0000000000925bd0_0 .net *"_s39", 0 0, L_0000000001102d40;  1 drivers
v0000000000925130_0 .net *"_s44", 0 0, L_0000000001106e40;  1 drivers
v0000000000926210_0 .net *"_s7", 0 0, L_0000000001104820;  1 drivers
v0000000000924e10_0 .net "a", 11 1, L_00000000011045a0;  alias, 1 drivers
v0000000000924cd0_0 .net "b", 11 1, L_0000000001107200;  alias, 1 drivers
L_0000000001104820 .part L_00000000011045a0, 0, 1;
L_00000000011048c0 .part L_00000000011045a0, 1, 1;
L_0000000001104be0 .part L_00000000011045a0, 2, 1;
L_0000000001104e60 .part L_00000000011045a0, 3, 1;
L_0000000001104f00 .part L_00000000011045a0, 4, 1;
L_0000000001102b60 .part L_00000000011045a0, 5, 1;
L_0000000001102c00 .part L_00000000011045a0, 6, 1;
L_0000000001102ca0 .part L_00000000011045a0, 7, 1;
L_0000000001102d40 .part L_00000000011045a0, 8, 1;
LS_0000000001107200_0_0 .concat8 [ 1 1 1 1], L_00000000010b8228, L_0000000001104820, L_00000000011048c0, L_0000000001104be0;
LS_0000000001107200_0_4 .concat8 [ 1 1 1 1], L_0000000001104e60, L_0000000001104f00, L_0000000001102b60, L_0000000001102c00;
LS_0000000001107200_0_8 .concat8 [ 1 1 1 0], L_0000000001102ca0, L_0000000001102d40, L_0000000001106e40;
L_0000000001107200 .concat8 [ 4 4 3 0], LS_0000000001107200_0_0, LS_0000000001107200_0_4, LS_0000000001107200_0_8;
L_0000000001106e40 .part L_00000000011045a0, 9, 1;
S_0000000000906cf0 .scope module, "s_41" "ShiftLeftOnce_11Bit" 2 30, 3 1 0, S_00000000009082d0;
 .timescale 0 0;
    .port_info 0 /INPUT 11 "a";
    .port_info 1 /OUTPUT 11 "b";
v00000000009251d0_0 .net *"_s11", 0 0, L_0000000001106c60;  1 drivers
v00000000009258b0_0 .net *"_s15", 0 0, L_0000000001106620;  1 drivers
v00000000009254f0_0 .net *"_s19", 0 0, L_0000000001106bc0;  1 drivers
L_00000000010b8270 .functor BUFT 1, C4<0>, C4<0>, C4<0>, C4<0>;
v0000000000925630_0 .net/2u *"_s2", 0 0, L_00000000010b8270;  1 drivers
v00000000009256d0_0 .net *"_s23", 0 0, L_0000000001106a80;  1 drivers
v00000000009247d0_0 .net *"_s27", 0 0, L_0000000001106b20;  1 drivers
v0000000000926530_0 .net *"_s31", 0 0, L_0000000001105400;  1 drivers
v0000000000926d50_0 .net *"_s35", 0 0, L_0000000001105d60;  1 drivers
v0000000000924870_0 .net *"_s39", 0 0, L_00000000011050e0;  1 drivers
v0000000000925770_0 .net *"_s44", 0 0, L_0000000001105e00;  1 drivers
v0000000000925810_0 .net *"_s7", 0 0, L_0000000001105180;  1 drivers
v0000000000924910_0 .net "a", 11 1, L_00000000011064e0;  alias, 1 drivers
v0000000000925e50_0 .net "b", 11 1, L_0000000001107840;  alias, 1 drivers
L_0000000001105180 .part L_00000000011064e0, 0, 1;
L_0000000001106c60 .part L_00000000011064e0, 1, 1;
L_0000000001106620 .part L_00000000011064e0, 2, 1;
L_0000000001106bc0 .part L_00000000011064e0, 3, 1;
L_0000000001106a80 .part L_00000000011064e0, 4, 1;
L_0000000001106b20 .part L_00000000011064e0, 5, 1;
L_0000000001105400 .part L_00000000011064e0, 6, 1;
L_0000000001105d60 .part L_00000000011064e0, 7, 1;
L_00000000011050e0 .part L_00000000011064e0, 8, 1;
LS_0000000001107840_0_0 .concat8 [ 1 1 1 1], L_00000000010b8270, L_0000000001105180, L_0000000001106c60, L_0000000001106620;
LS_0000000001107840_0_4 .concat8 [ 1 1 1 1], L_0000000001106bc0, L_0000000001106a80, L_0000000001106b20, L_0000000001105400;
LS_0000000001107840_0_8 .concat8 [ 1 1 1 0], L_0000000001105d60, L_00000000011050e0, L_0000000001105e00;
L_0000000001107840 .concat8 [ 4 4 3 0], LS_0000000001107840_0_0, LS_0000000001107840_0_4, LS_0000000001107840_0_8;
L_0000000001105e00 .part L_00000000011064e0, 9, 1;
S_0000000000907c90 .scope module, "s_42" "ShiftLeftOnce_11Bit" 2 31, 3 1 0, S_00000000009082d0;
 .timescale 0 0;
    .port_info 0 /INPUT 11 "a";
    .port_info 1 /OUTPUT 11 "b";
v0000000000925950_0 .net *"_s11", 0 0, L_00000000011072a0;  1 drivers
v00000000009259f0_0 .net *"_s15", 0 0, L_00000000011077a0;  1 drivers
v00000000009249b0_0 .net *"_s19", 0 0, L_0000000001105fe0;  1 drivers
L_00000000010b82b8 .functor BUFT 1, C4<0>, C4<0>, C4<0>, C4<0>;
v0000000000925a90_0 .net/2u *"_s2", 0 0, L_00000000010b82b8;  1 drivers
v0000000000925d10_0 .net *"_s23", 0 0, L_00000000011057c0;  1 drivers
v0000000000925c70_0 .net *"_s27", 0 0, L_0000000001106940;  1 drivers
v00000000009262b0_0 .net *"_s31", 0 0, L_0000000001105f40;  1 drivers
v0000000000925db0_0 .net *"_s35", 0 0, L_0000000001106d00;  1 drivers
v0000000000925ef0_0 .net *"_s39", 0 0, L_0000000001106da0;  1 drivers
v0000000000926030_0 .net *"_s44", 0 0, L_0000000001105ea0;  1 drivers
v0000000000926490_0 .net *"_s7", 0 0, L_0000000001105a40;  1 drivers
v00000000009265d0_0 .net "a", 11 1, L_0000000001107840;  alias, 1 drivers
v0000000000926670_0 .net "b", 11 1, L_0000000001106ee0;  alias, 1 drivers
L_0000000001105a40 .part L_0000000001107840, 0, 1;
L_00000000011072a0 .part L_0000000001107840, 1, 1;
L_00000000011077a0 .part L_0000000001107840, 2, 1;
L_0000000001105fe0 .part L_0000000001107840, 3, 1;
L_00000000011057c0 .part L_0000000001107840, 4, 1;
L_0000000001106940 .part L_0000000001107840, 5, 1;
L_0000000001105f40 .part L_0000000001107840, 6, 1;
L_0000000001106d00 .part L_0000000001107840, 7, 1;
L_0000000001106da0 .part L_0000000001107840, 8, 1;
LS_0000000001106ee0_0_0 .concat8 [ 1 1 1 1], L_00000000010b82b8, L_0000000001105a40, L_00000000011072a0, L_00000000011077a0;
LS_0000000001106ee0_0_4 .concat8 [ 1 1 1 1], L_0000000001105fe0, L_00000000011057c0, L_0000000001106940, L_0000000001105f40;
LS_0000000001106ee0_0_8 .concat8 [ 1 1 1 0], L_0000000001106d00, L_0000000001106da0, L_0000000001105ea0;
L_0000000001106ee0 .concat8 [ 4 4 3 0], LS_0000000001106ee0_0_0, LS_0000000001106ee0_0_4, LS_0000000001106ee0_0_8;
L_0000000001105ea0 .part L_0000000001107840, 9, 1;
S_0000000000906e80 .scope module, "s_43" "ShiftLeftOnce_11Bit" 2 32, 3 1 0, S_00000000009082d0;
 .timescale 0 0;
    .port_info 0 /INPUT 11 "a";
    .port_info 1 /OUTPUT 11 "b";
v0000000000926710_0 .net *"_s11", 0 0, L_0000000001105cc0;  1 drivers
v0000000000926c10_0 .net *"_s15", 0 0, L_00000000011066c0;  1 drivers
v00000000009267b0_0 .net *"_s19", 0 0, L_0000000001106260;  1 drivers
L_00000000010b8300 .functor BUFT 1, C4<0>, C4<0>, C4<0>, C4<0>;
v00000000009245f0_0 .net/2u *"_s2", 0 0, L_00000000010b8300;  1 drivers
v0000000000927890_0 .net *"_s23", 0 0, L_0000000001107480;  1 drivers
v0000000000927610_0 .net *"_s27", 0 0, L_0000000001106f80;  1 drivers
v0000000000927a70_0 .net *"_s31", 0 0, L_0000000001107020;  1 drivers
v0000000000927f70_0 .net *"_s35", 0 0, L_00000000011070c0;  1 drivers
v0000000000927390_0 .net *"_s39", 0 0, L_0000000001107340;  1 drivers
v0000000000927750_0 .net *"_s44", 0 0, L_0000000001106300;  1 drivers
v00000000009281f0_0 .net *"_s7", 0 0, L_00000000011073e0;  1 drivers
v00000000009280b0_0 .net "a", 11 1, L_0000000001106ee0;  alias, 1 drivers
v0000000000926fd0_0 .net "b", 11 1, L_00000000011069e0;  alias, 1 drivers
L_00000000011073e0 .part L_0000000001106ee0, 0, 1;
L_0000000001105cc0 .part L_0000000001106ee0, 1, 1;
L_00000000011066c0 .part L_0000000001106ee0, 2, 1;
L_0000000001106260 .part L_0000000001106ee0, 3, 1;
L_0000000001107480 .part L_0000000001106ee0, 4, 1;
L_0000000001106f80 .part L_0000000001106ee0, 5, 1;
L_0000000001107020 .part L_0000000001106ee0, 6, 1;
L_00000000011070c0 .part L_0000000001106ee0, 7, 1;
L_0000000001107340 .part L_0000000001106ee0, 8, 1;
LS_00000000011069e0_0_0 .concat8 [ 1 1 1 1], L_00000000010b8300, L_00000000011073e0, L_0000000001105cc0, L_00000000011066c0;
LS_00000000011069e0_0_4 .concat8 [ 1 1 1 1], L_0000000001106260, L_0000000001107480, L_0000000001106f80, L_0000000001107020;
LS_00000000011069e0_0_8 .concat8 [ 1 1 1 0], L_00000000011070c0, L_0000000001107340, L_0000000001106300;
L_00000000011069e0 .concat8 [ 4 4 3 0], LS_00000000011069e0_0_0, LS_00000000011069e0_0_4, LS_00000000011069e0_0_8;
L_0000000001106300 .part L_0000000001106ee0, 9, 1;
S_0000000000907650 .scope module, "s_44" "ShiftLeftOnce_11Bit" 2 33, 3 1 0, S_00000000009082d0;
 .timescale 0 0;
    .port_info 0 /INPUT 11 "a";
    .port_info 1 /OUTPUT 11 "b";
v0000000000927c50_0 .net *"_s11", 0 0, L_0000000001106760;  1 drivers
v0000000000928290_0 .net *"_s15", 0 0, L_00000000011055e0;  1 drivers
v0000000000927b10_0 .net *"_s19", 0 0, L_0000000001106120;  1 drivers
L_00000000010b8348 .functor BUFT 1, C4<0>, C4<0>, C4<0>, C4<0>;
v0000000000928330_0 .net/2u *"_s2", 0 0, L_00000000010b8348;  1 drivers
v0000000000928150_0 .net *"_s23", 0 0, L_0000000001105720;  1 drivers
v0000000000926df0_0 .net *"_s27", 0 0, L_0000000001105540;  1 drivers
v0000000000927cf0_0 .net *"_s31", 0 0, L_0000000001107660;  1 drivers
v0000000000927430_0 .net *"_s35", 0 0, L_0000000001105860;  1 drivers
v0000000000927d90_0 .net *"_s39", 0 0, L_0000000001105680;  1 drivers
v00000000009283d0_0 .net *"_s44", 0 0, L_00000000011059a0;  1 drivers
v0000000000927070_0 .net *"_s7", 0 0, L_0000000001106080;  1 drivers
v0000000000928470_0 .net "a", 11 1, L_00000000011069e0;  alias, 1 drivers
v0000000000926e90_0 .net "b", 11 1, L_0000000001105900;  alias, 1 drivers
L_0000000001106080 .part L_00000000011069e0, 0, 1;
L_0000000001106760 .part L_00000000011069e0, 1, 1;
L_00000000011055e0 .part L_00000000011069e0, 2, 1;
L_0000000001106120 .part L_00000000011069e0, 3, 1;
L_0000000001105720 .part L_00000000011069e0, 4, 1;
L_0000000001105540 .part L_00000000011069e0, 5, 1;
L_0000000001107660 .part L_00000000011069e0, 6, 1;
L_0000000001105860 .part L_00000000011069e0, 7, 1;
L_0000000001105680 .part L_00000000011069e0, 8, 1;
LS_0000000001105900_0_0 .concat8 [ 1 1 1 1], L_00000000010b8348, L_0000000001106080, L_0000000001106760, L_00000000011055e0;
LS_0000000001105900_0_4 .concat8 [ 1 1 1 1], L_0000000001106120, L_0000000001105720, L_0000000001105540, L_0000000001107660;
LS_0000000001105900_0_8 .concat8 [ 1 1 1 0], L_0000000001105860, L_0000000001105680, L_00000000011059a0;
L_0000000001105900 .concat8 [ 4 4 3 0], LS_0000000001105900_0_0, LS_0000000001105900_0_4, LS_0000000001105900_0_8;
L_00000000011059a0 .part L_00000000011069e0, 9, 1;
S_0000000000907b00 .scope module, "s_45" "ShiftLeftOnce_11Bit" 2 34, 3 1 0, S_00000000009082d0;
 .timescale 0 0;
    .port_info 0 /INPUT 11 "a";
    .port_info 1 /OUTPUT 11 "b";
v0000000000927110_0 .net *"_s11", 0 0, L_0000000001105ae0;  1 drivers
v00000000009271b0_0 .net *"_s15", 0 0, L_0000000001105220;  1 drivers
v00000000009272f0_0 .net *"_s19", 0 0, L_0000000001105b80;  1 drivers
L_00000000010b8390 .functor BUFT 1, C4<0>, C4<0>, C4<0>, C4<0>;
v0000000000926f30_0 .net/2u *"_s2", 0 0, L_00000000010b8390;  1 drivers
v0000000000927250_0 .net *"_s23", 0 0, L_0000000001105c20;  1 drivers
v00000000009274d0_0 .net *"_s27", 0 0, L_00000000011061c0;  1 drivers
v0000000000927bb0_0 .net *"_s31", 0 0, L_00000000011063a0;  1 drivers
v00000000009277f0_0 .net *"_s35", 0 0, L_0000000001106580;  1 drivers
v00000000009279d0_0 .net *"_s39", 0 0, L_0000000001106800;  1 drivers
v0000000000927e30_0 .net *"_s44", 0 0, L_00000000011068a0;  1 drivers
v0000000000927570_0 .net *"_s7", 0 0, L_0000000001107520;  1 drivers
v00000000009276b0_0 .net "a", 11 1, L_0000000001105900;  alias, 1 drivers
v0000000000928010_0 .net "b", 11 1, L_0000000001106440;  alias, 1 drivers
L_0000000001107520 .part L_0000000001105900, 0, 1;
L_0000000001105ae0 .part L_0000000001105900, 1, 1;
L_0000000001105220 .part L_0000000001105900, 2, 1;
L_0000000001105b80 .part L_0000000001105900, 3, 1;
L_0000000001105c20 .part L_0000000001105900, 4, 1;
L_00000000011061c0 .part L_0000000001105900, 5, 1;
L_00000000011063a0 .part L_0000000001105900, 6, 1;
L_0000000001106580 .part L_0000000001105900, 7, 1;
L_0000000001106800 .part L_0000000001105900, 8, 1;
LS_0000000001106440_0_0 .concat8 [ 1 1 1 1], L_00000000010b8390, L_0000000001107520, L_0000000001105ae0, L_0000000001105220;
LS_0000000001106440_0_4 .concat8 [ 1 1 1 1], L_0000000001105b80, L_0000000001105c20, L_00000000011061c0, L_00000000011063a0;
LS_0000000001106440_0_8 .concat8 [ 1 1 1 0], L_0000000001106580, L_0000000001106800, L_00000000011068a0;
L_0000000001106440 .concat8 [ 4 4 3 0], LS_0000000001106440_0_0, LS_0000000001106440_0_4, LS_0000000001106440_0_8;
L_00000000011068a0 .part L_0000000001105900, 9, 1;
S_0000000000907e20 .scope module, "s_46" "ShiftLeftOnce_11Bit" 2 35, 3 1 0, S_00000000009082d0;
 .timescale 0 0;
    .port_info 0 /INPUT 11 "a";
    .port_info 1 /OUTPUT 11 "b";
v0000000000927ed0_0 .net *"_s11", 0 0, L_00000000011054a0;  1 drivers
v0000000000927930_0 .net *"_s15", 0 0, L_0000000001107700;  1 drivers
v000000000092ad60_0 .net *"_s19", 0 0, L_00000000011052c0;  1 drivers
L_00000000010b83d8 .functor BUFT 1, C4<0>, C4<0>, C4<0>, C4<0>;
v0000000000928a60_0 .net/2u *"_s2", 0 0, L_00000000010b83d8;  1 drivers
v000000000092a2c0_0 .net *"_s23", 0 0, L_0000000001105360;  1 drivers
v0000000000929aa0_0 .net *"_s27", 0 0, L_0000000001107f20;  1 drivers
v000000000092a680_0 .net *"_s31", 0 0, L_0000000001107d40;  1 drivers
v0000000000929a00_0 .net *"_s35", 0 0, L_0000000001107a20;  1 drivers
v00000000009290a0_0 .net *"_s39", 0 0, L_00000000011078e0;  1 drivers
v000000000092a360_0 .net *"_s44", 0 0, L_0000000001107de0;  1 drivers
v0000000000928b00_0 .net *"_s7", 0 0, L_00000000011075c0;  1 drivers
v0000000000929b40_0 .net "a", 11 1, L_0000000001106440;  alias, 1 drivers
v000000000092a0e0_0 .net "b", 11 1, L_0000000001107980;  alias, 1 drivers
L_00000000011075c0 .part L_0000000001106440, 0, 1;
L_00000000011054a0 .part L_0000000001106440, 1, 1;
L_0000000001107700 .part L_0000000001106440, 2, 1;
L_00000000011052c0 .part L_0000000001106440, 3, 1;
L_0000000001105360 .part L_0000000001106440, 4, 1;
L_0000000001107f20 .part L_0000000001106440, 5, 1;
L_0000000001107d40 .part L_0000000001106440, 6, 1;
L_0000000001107a20 .part L_0000000001106440, 7, 1;
L_00000000011078e0 .part L_0000000001106440, 8, 1;
LS_0000000001107980_0_0 .concat8 [ 1 1 1 1], L_00000000010b83d8, L_00000000011075c0, L_00000000011054a0, L_0000000001107700;
LS_0000000001107980_0_4 .concat8 [ 1 1 1 1], L_00000000011052c0, L_0000000001105360, L_0000000001107f20, L_0000000001107d40;
LS_0000000001107980_0_8 .concat8 [ 1 1 1 0], L_0000000001107a20, L_00000000011078e0, L_0000000001107de0;
L_0000000001107980 .concat8 [ 4 4 3 0], LS_0000000001107980_0_0, LS_0000000001107980_0_4, LS_0000000001107980_0_8;
L_0000000001107de0 .part L_0000000001106440, 9, 1;
S_0000000000907fb0 .scope module, "s_47" "ShiftLeftOnce_11Bit" 2 36, 3 1 0, S_00000000009082d0;
 .timescale 0 0;
    .port_info 0 /INPUT 11 "a";
    .port_info 1 /OUTPUT 11 "b";
v0000000000928920_0 .net *"_s11", 0 0, L_0000000001107ac0;  1 drivers
v0000000000928ba0_0 .net *"_s15", 0 0, L_0000000001107b60;  1 drivers
v00000000009298c0_0 .net *"_s19", 0 0, L_0000000001107ca0;  1 drivers
L_00000000010b8420 .functor BUFT 1, C4<0>, C4<0>, C4<0>, C4<0>;
v0000000000929500_0 .net/2u *"_s2", 0 0, L_00000000010b8420;  1 drivers
v0000000000929c80_0 .net *"_s23", 0 0, L_0000000001107fc0;  1 drivers
v000000000092a040_0 .net *"_s27", 0 0, L_0000000001107e80;  1 drivers
v0000000000929280_0 .net *"_s31", 0 0, L_0000000001100360;  1 drivers
v0000000000929640_0 .net *"_s35", 0 0, L_00000000011007c0;  1 drivers
v000000000092a9a0_0 .net *"_s39", 0 0, L_0000000001101580;  1 drivers
v000000000092a400_0 .net *"_s44", 0 0, L_00000000011011c0;  1 drivers
v000000000092a540_0 .net *"_s7", 0 0, L_0000000001107c00;  1 drivers
v0000000000929dc0_0 .net "a", 11 1, L_0000000001107980;  alias, 1 drivers
v000000000092a720_0 .net "b", 11 1, L_0000000001102840;  alias, 1 drivers
L_0000000001107c00 .part L_0000000001107980, 0, 1;
L_0000000001107ac0 .part L_0000000001107980, 1, 1;
L_0000000001107b60 .part L_0000000001107980, 2, 1;
L_0000000001107ca0 .part L_0000000001107980, 3, 1;
L_0000000001107fc0 .part L_0000000001107980, 4, 1;
L_0000000001107e80 .part L_0000000001107980, 5, 1;
L_0000000001100360 .part L_0000000001107980, 6, 1;
L_00000000011007c0 .part L_0000000001107980, 7, 1;
L_0000000001101580 .part L_0000000001107980, 8, 1;
LS_0000000001102840_0_0 .concat8 [ 1 1 1 1], L_00000000010b8420, L_0000000001107c00, L_0000000001107ac0, L_0000000001107b60;
LS_0000000001102840_0_4 .concat8 [ 1 1 1 1], L_0000000001107ca0, L_0000000001107fc0, L_0000000001107e80, L_0000000001100360;
LS_0000000001102840_0_8 .concat8 [ 1 1 1 0], L_00000000011007c0, L_0000000001101580, L_00000000011011c0;
L_0000000001102840 .concat8 [ 4 4 3 0], LS_0000000001102840_0_0, LS_0000000001102840_0_4, LS_0000000001102840_0_8;
L_00000000011011c0 .part L_0000000001107980, 9, 1;
S_00000000009066b0 .scope module, "s_48" "ShiftLeftOnce_11Bit" 2 37, 3 1 0, S_00000000009082d0;
 .timescale 0 0;
    .port_info 0 /INPUT 11 "a";
    .port_info 1 /OUTPUT 11 "b";
v0000000000929140_0 .net *"_s11", 0 0, L_0000000001100400;  1 drivers
v0000000000928ec0_0 .net *"_s15", 0 0, L_0000000001101940;  1 drivers
v000000000092aae0_0 .net *"_s19", 0 0, L_0000000001101da0;  1 drivers
L_00000000010b8468 .functor BUFT 1, C4<0>, C4<0>, C4<0>, C4<0>;
v0000000000929000_0 .net/2u *"_s2", 0 0, L_00000000010b8468;  1 drivers
v0000000000928f60_0 .net *"_s23", 0 0, L_0000000001101e40;  1 drivers
v0000000000928ce0_0 .net *"_s27", 0 0, L_0000000001101f80;  1 drivers
v000000000092a900_0 .net *"_s31", 0 0, L_00000000011004a0;  1 drivers
v0000000000929320_0 .net *"_s35", 0 0, L_00000000011023e0;  1 drivers
v000000000092aa40_0 .net *"_s39", 0 0, L_0000000001100540;  1 drivers
v0000000000929820_0 .net *"_s44", 0 0, L_0000000001100720;  1 drivers
v0000000000928e20_0 .net *"_s7", 0 0, L_0000000001100b80;  1 drivers
v000000000092ab80_0 .net "a", 11 1, L_0000000001102840;  alias, 1 drivers
v00000000009293c0_0 .net "b", 11 1, L_00000000011019e0;  alias, 1 drivers
L_0000000001100b80 .part L_0000000001102840, 0, 1;
L_0000000001100400 .part L_0000000001102840, 1, 1;
L_0000000001101940 .part L_0000000001102840, 2, 1;
L_0000000001101da0 .part L_0000000001102840, 3, 1;
L_0000000001101e40 .part L_0000000001102840, 4, 1;
L_0000000001101f80 .part L_0000000001102840, 5, 1;
L_00000000011004a0 .part L_0000000001102840, 6, 1;
L_00000000011023e0 .part L_0000000001102840, 7, 1;
L_0000000001100540 .part L_0000000001102840, 8, 1;
LS_00000000011019e0_0_0 .concat8 [ 1 1 1 1], L_00000000010b8468, L_0000000001100b80, L_0000000001100400, L_0000000001101940;
LS_00000000011019e0_0_4 .concat8 [ 1 1 1 1], L_0000000001101da0, L_0000000001101e40, L_0000000001101f80, L_00000000011004a0;
LS_00000000011019e0_0_8 .concat8 [ 1 1 1 0], L_00000000011023e0, L_0000000001100540, L_0000000001100720;
L_00000000011019e0 .concat8 [ 4 4 3 0], LS_00000000011019e0_0_0, LS_00000000011019e0_0_4, LS_00000000011019e0_0_8;
L_0000000001100720 .part L_0000000001102840, 9, 1;
S_0000000000907010 .scope module, "BarrelShifterRight" "BarrelShifterRight" 2 50;
 .timescale 0 0;
    .port_info 0 /INPUT 11 "a";
    .port_info 1 /INPUT 5 "shift";
    .port_info 2 /OUTPUT 11 "b";
v00000000010b3d70_0 .net *"_s1", 0 0, L_00000000011009a0;  1 drivers
v00000000010b4590_0 .net *"_s13", 0 0, L_0000000001120c10;  1 drivers
v00000000010b4630_0 .net *"_s17", 0 0, L_0000000001122150;  1 drivers
L_00000000010b8930 .functor BUFT 1, C4<00000000000>, C4<0>, C4<0>, C4<0>;
v00000000010b3870_0 .net/2u *"_s18", 10 0, L_00000000010b8930;  1 drivers
v00000000010b3a50_0 .net *"_s5", 0 0, L_0000000001102200;  1 drivers
v00000000010b3cd0_0 .net *"_s9", 0 0, L_000000000111dd30;  1 drivers
o0000000001062cf8 .functor BUFZ 11, C4<zzzzzzzzzzz>; HiZ drive
v00000000010b5f30_0 .net "a", 11 1, o0000000001062cf8;  0 drivers
v00000000010b4d10_0 .net "b", 11 1, L_00000000011217f0;  1 drivers
v00000000010b5ad0_0 .net "o1", 11 1, L_0000000001100cc0;  1 drivers
v00000000010b5d50_0 .net "o2", 11 1, L_00000000011022a0;  1 drivers
v00000000010b4bd0_0 .net "o3", 11 1, L_000000000111d790;  1 drivers
v00000000010b5670_0 .net "o4", 11 1, L_0000000001123230;  1 drivers
o0000000001065488 .functor BUFZ 5, C4<zzzzz>; HiZ drive
v00000000010b4db0_0 .net "shift", 5 1, o0000000001065488;  0 drivers
v00000000010b5990_0 .net "w1", 11 1, L_00000000011018a0;  1 drivers
v00000000010b4b30_0 .net "w21", 11 1, L_0000000001100e00;  1 drivers
v00000000010b5490_0 .net "w22", 11 1, L_00000000011002c0;  1 drivers
v00000000010b57b0_0 .net "w31", 11 1, L_000000000111e7d0;  1 drivers
v00000000010b4c70_0 .net "w32", 11 1, L_000000000111c930;  1 drivers
v00000000010b5cb0_0 .net "w33", 11 1, L_000000000111c2f0;  1 drivers
v00000000010b4a90_0 .net "w34", 11 1, L_000000000111e550;  1 drivers
v00000000010b4f90_0 .net "w41", 11 1, L_000000000111cc50;  1 drivers
v00000000010b48b0_0 .net "w42", 11 1, L_000000000111e5f0;  1 drivers
v00000000010b4950_0 .net "w43", 11 1, L_000000000111ec30;  1 drivers
v00000000010b5210_0 .net "w44", 11 1, L_000000000111f4f0;  1 drivers
v00000000010b5710_0 .net "w45", 11 1, L_00000000011205d0;  1 drivers
v00000000010b5b70_0 .net "w46", 11 1, L_0000000001121070;  1 drivers
v00000000010b5030_0 .net "w47", 11 1, L_000000000111f950;  1 drivers
v00000000010b49f0_0 .net "w48", 11 1, L_0000000001120b70;  1 drivers
L_00000000011009a0 .part o0000000001065488, 0, 1;
L_0000000001100cc0 .functor MUXZ 11, o0000000001062cf8, L_00000000011018a0, L_00000000011009a0, C4<>;
L_0000000001102200 .part o0000000001065488, 1, 1;
L_00000000011022a0 .functor MUXZ 11, L_0000000001100cc0, L_00000000011002c0, L_0000000001102200, C4<>;
L_000000000111dd30 .part o0000000001065488, 2, 1;
L_000000000111d790 .functor MUXZ 11, L_00000000011022a0, L_000000000111e550, L_000000000111dd30, C4<>;
L_0000000001120c10 .part o0000000001065488, 3, 1;
L_0000000001123230 .functor MUXZ 11, L_000000000111d790, L_0000000001120b70, L_0000000001120c10, C4<>;
L_0000000001122150 .part o0000000001065488, 4, 1;
L_00000000011217f0 .functor MUXZ 11, L_0000000001123230, L_00000000010b8930, L_0000000001122150, C4<>;
S_000000000092d410 .scope module, "s_1" "ShiftRightOnce_11Bit" 2 60, 4 1 0, S_0000000000907010;
 .timescale 0 0;
    .port_info 0 /INPUT 11 "a";
    .port_info 1 /OUTPUT 11 "b";
v000000000092c2a0_0 .net *"_s11", 0 0, L_0000000001102480;  1 drivers
v000000000092c200_0 .net *"_s15", 0 0, L_0000000001100680;  1 drivers
v000000000092b3a0_0 .net *"_s19", 0 0, L_0000000001100860;  1 drivers
L_00000000010b84f8 .functor BUFT 1, C4<0>, C4<0>, C4<0>, C4<0>;
v000000000092bee0_0 .net/2u *"_s2", 0 0, L_00000000010b84f8;  1 drivers
v000000000092b080_0 .net *"_s23", 0 0, L_0000000001100fe0;  1 drivers
v000000000092af40_0 .net *"_s27", 0 0, L_0000000001101800;  1 drivers
v000000000092b940_0 .net *"_s31", 0 0, L_0000000001101620;  1 drivers
v000000000092b120_0 .net *"_s35", 0 0, L_0000000001101260;  1 drivers
v000000000092c340_0 .net *"_s39", 0 0, L_0000000001100c20;  1 drivers
v000000000092b620_0 .net *"_s44", 0 0, L_0000000001100900;  1 drivers
v000000000092b1c0_0 .net *"_s7", 0 0, L_0000000001101a80;  1 drivers
v000000000092b6c0_0 .net "a", 11 1, o0000000001062cf8;  alias, 0 drivers
v000000000092bb20_0 .net "b", 11 1, L_00000000011018a0;  alias, 1 drivers
L_0000000001101a80 .part o0000000001062cf8, 10, 1;
L_0000000001102480 .part o0000000001062cf8, 9, 1;
L_0000000001100680 .part o0000000001062cf8, 8, 1;
L_0000000001100860 .part o0000000001062cf8, 7, 1;
L_0000000001100fe0 .part o0000000001062cf8, 6, 1;
L_0000000001101800 .part o0000000001062cf8, 5, 1;
L_0000000001101620 .part o0000000001062cf8, 4, 1;
L_0000000001101260 .part o0000000001062cf8, 3, 1;
L_0000000001100c20 .part o0000000001062cf8, 2, 1;
LS_00000000011018a0_0_0 .concat8 [ 1 1 1 1], L_0000000001100900, L_0000000001100c20, L_0000000001101260, L_0000000001101620;
LS_00000000011018a0_0_4 .concat8 [ 1 1 1 1], L_0000000001101800, L_0000000001100fe0, L_0000000001100860, L_0000000001100680;
LS_00000000011018a0_0_8 .concat8 [ 1 1 1 0], L_0000000001102480, L_0000000001101a80, L_00000000010b84f8;
L_00000000011018a0 .concat8 [ 4 4 3 0], LS_00000000011018a0_0_0, LS_00000000011018a0_0_4, LS_00000000011018a0_0_8;
L_0000000001100900 .part o0000000001062cf8, 1, 1;
S_000000000092cc40 .scope module, "s_21" "ShiftRightOnce_11Bit" 2 64, 4 1 0, S_0000000000907010;
 .timescale 0 0;
    .port_info 0 /INPUT 11 "a";
    .port_info 1 /OUTPUT 11 "b";
v000000000092b440_0 .net *"_s11", 0 0, L_0000000001100a40;  1 drivers
v000000000092b760_0 .net *"_s15", 0 0, L_00000000011025c0;  1 drivers
v000000000092afe0_0 .net *"_s19", 0 0, L_0000000001100f40;  1 drivers
L_00000000010b8540 .functor BUFT 1, C4<0>, C4<0>, C4<0>, C4<0>;
v000000000092c480_0 .net/2u *"_s2", 0 0, L_00000000010b8540;  1 drivers
v000000000092b800_0 .net *"_s23", 0 0, L_0000000001101b20;  1 drivers
v000000000092b260_0 .net *"_s27", 0 0, L_0000000001101c60;  1 drivers
v000000000092aea0_0 .net *"_s31", 0 0, L_0000000001102520;  1 drivers
v000000000092c0c0_0 .net *"_s35", 0 0, L_0000000001101d00;  1 drivers
v000000000092c160_0 .net *"_s39", 0 0, L_0000000001100d60;  1 drivers
v000000000092bd00_0 .net *"_s44", 0 0, L_0000000001101760;  1 drivers
v000000000092bc60_0 .net *"_s7", 0 0, L_00000000011016c0;  1 drivers
v000000000092c3e0_0 .net "a", 11 1, L_0000000001100cc0;  alias, 1 drivers
v000000000092b4e0_0 .net "b", 11 1, L_0000000001100e00;  alias, 1 drivers
L_00000000011016c0 .part L_0000000001100cc0, 10, 1;
L_0000000001100a40 .part L_0000000001100cc0, 9, 1;
L_00000000011025c0 .part L_0000000001100cc0, 8, 1;
L_0000000001100f40 .part L_0000000001100cc0, 7, 1;
L_0000000001101b20 .part L_0000000001100cc0, 6, 1;
L_0000000001101c60 .part L_0000000001100cc0, 5, 1;
L_0000000001102520 .part L_0000000001100cc0, 4, 1;
L_0000000001101d00 .part L_0000000001100cc0, 3, 1;
L_0000000001100d60 .part L_0000000001100cc0, 2, 1;
LS_0000000001100e00_0_0 .concat8 [ 1 1 1 1], L_0000000001101760, L_0000000001100d60, L_0000000001101d00, L_0000000001102520;
LS_0000000001100e00_0_4 .concat8 [ 1 1 1 1], L_0000000001101c60, L_0000000001101b20, L_0000000001100f40, L_00000000011025c0;
LS_0000000001100e00_0_8 .concat8 [ 1 1 1 0], L_0000000001100a40, L_00000000011016c0, L_00000000010b8540;
L_0000000001100e00 .concat8 [ 4 4 3 0], LS_0000000001100e00_0_0, LS_0000000001100e00_0_4, LS_0000000001100e00_0_8;
L_0000000001101760 .part L_0000000001100cc0, 1, 1;
S_000000000092e3b0 .scope module, "s_22" "ShiftRightOnce_11Bit" 2 65, 4 1 0, S_0000000000907010;
 .timescale 0 0;
    .port_info 0 /INPUT 11 "a";
    .port_info 1 /OUTPUT 11 "b";
v000000000092ae00_0 .net *"_s11", 0 0, L_0000000001101ee0;  1 drivers
v000000000092ba80_0 .net *"_s15", 0 0, L_0000000001100ea0;  1 drivers
v000000000092b580_0 .net *"_s19", 0 0, L_0000000001101300;  1 drivers
L_00000000010b8588 .functor BUFT 1, C4<0>, C4<0>, C4<0>, C4<0>;
v000000000092b300_0 .net/2u *"_s2", 0 0, L_00000000010b8588;  1 drivers
v000000000092b8a0_0 .net *"_s23", 0 0, L_0000000001101080;  1 drivers
v000000000092bbc0_0 .net *"_s27", 0 0, L_0000000001102020;  1 drivers
v000000000092bda0_0 .net *"_s31", 0 0, L_0000000001102700;  1 drivers
v000000000092be40_0 .net *"_s35", 0 0, L_00000000011020c0;  1 drivers
v000000000092bf80_0 .net *"_s39", 0 0, L_0000000001101120;  1 drivers
v000000000092c020_0 .net *"_s44", 0 0, L_0000000001102160;  1 drivers
v00000000010af830_0 .net *"_s7", 0 0, L_0000000001102660;  1 drivers
v00000000010afb50_0 .net "a", 11 1, L_0000000001100e00;  alias, 1 drivers
v00000000010af330_0 .net "b", 11 1, L_00000000011002c0;  alias, 1 drivers
L_0000000001102660 .part L_0000000001100e00, 10, 1;
L_0000000001101ee0 .part L_0000000001100e00, 9, 1;
L_0000000001100ea0 .part L_0000000001100e00, 8, 1;
L_0000000001101300 .part L_0000000001100e00, 7, 1;
L_0000000001101080 .part L_0000000001100e00, 6, 1;
L_0000000001102020 .part L_0000000001100e00, 5, 1;
L_0000000001102700 .part L_0000000001100e00, 4, 1;
L_00000000011020c0 .part L_0000000001100e00, 3, 1;
L_0000000001101120 .part L_0000000001100e00, 2, 1;
LS_00000000011002c0_0_0 .concat8 [ 1 1 1 1], L_0000000001102160, L_0000000001101120, L_00000000011020c0, L_0000000001102700;
LS_00000000011002c0_0_4 .concat8 [ 1 1 1 1], L_0000000001102020, L_0000000001101080, L_0000000001101300, L_0000000001100ea0;
LS_00000000011002c0_0_8 .concat8 [ 1 1 1 0], L_0000000001101ee0, L_0000000001102660, L_00000000010b8588;
L_00000000011002c0 .concat8 [ 4 4 3 0], LS_00000000011002c0_0_0, LS_00000000011002c0_0_4, LS_00000000011002c0_0_8;
L_0000000001102160 .part L_0000000001100e00, 1, 1;
S_000000000092e090 .scope module, "s_31" "ShiftRightOnce_11Bit" 2 69, 4 1 0, S_0000000000907010;
 .timescale 0 0;
    .port_info 0 /INPUT 11 "a";
    .port_info 1 /OUTPUT 11 "b";
v00000000010af3d0_0 .net *"_s11", 0 0, L_00000000011013a0;  1 drivers
v00000000010aef70_0 .net *"_s15", 0 0, L_0000000001101440;  1 drivers
v00000000010aea70_0 .net *"_s19", 0 0, L_00000000011027a0;  1 drivers
L_00000000010b85d0 .functor BUFT 1, C4<0>, C4<0>, C4<0>, C4<0>;
v00000000010af970_0 .net/2u *"_s2", 0 0, L_00000000010b85d0;  1 drivers
v00000000010af510_0 .net *"_s23", 0 0, L_00000000011000e0;  1 drivers
v00000000010af650_0 .net *"_s27", 0 0, L_0000000001100180;  1 drivers
v00000000010afd30_0 .net *"_s31", 0 0, L_0000000001100220;  1 drivers
v00000000010af6f0_0 .net *"_s35", 0 0, L_000000000111cbb0;  1 drivers
v00000000010aeb10_0 .net *"_s39", 0 0, L_000000000111e2d0;  1 drivers
v00000000010af470_0 .net *"_s44", 0 0, L_000000000111d010;  1 drivers
v00000000010af290_0 .net *"_s7", 0 0, L_0000000001102340;  1 drivers
v00000000010ae890_0 .net "a", 11 1, L_00000000011022a0;  alias, 1 drivers
v00000000010af790_0 .net "b", 11 1, L_000000000111e7d0;  alias, 1 drivers
L_0000000001102340 .part L_00000000011022a0, 10, 1;
L_00000000011013a0 .part L_00000000011022a0, 9, 1;
L_0000000001101440 .part L_00000000011022a0, 8, 1;
L_00000000011027a0 .part L_00000000011022a0, 7, 1;
L_00000000011000e0 .part L_00000000011022a0, 6, 1;
L_0000000001100180 .part L_00000000011022a0, 5, 1;
L_0000000001100220 .part L_00000000011022a0, 4, 1;
L_000000000111cbb0 .part L_00000000011022a0, 3, 1;
L_000000000111e2d0 .part L_00000000011022a0, 2, 1;
LS_000000000111e7d0_0_0 .concat8 [ 1 1 1 1], L_000000000111d010, L_000000000111e2d0, L_000000000111cbb0, L_0000000001100220;
LS_000000000111e7d0_0_4 .concat8 [ 1 1 1 1], L_0000000001100180, L_00000000011000e0, L_00000000011027a0, L_0000000001101440;
LS_000000000111e7d0_0_8 .concat8 [ 1 1 1 0], L_00000000011013a0, L_0000000001102340, L_00000000010b85d0;
L_000000000111e7d0 .concat8 [ 4 4 3 0], LS_000000000111e7d0_0_0, LS_000000000111e7d0_0_4, LS_000000000111e7d0_0_8;
L_000000000111d010 .part L_00000000011022a0, 1, 1;
S_000000000092da50 .scope module, "s_32" "ShiftRightOnce_11Bit" 2 70, 4 1 0, S_0000000000907010;
 .timescale 0 0;
    .port_info 0 /INPUT 11 "a";
    .port_info 1 /OUTPUT 11 "b";
v00000000010af8d0_0 .net *"_s11", 0 0, L_000000000111ddd0;  1 drivers
v00000000010afe70_0 .net *"_s15", 0 0, L_000000000111e730;  1 drivers
v00000000010afbf0_0 .net *"_s19", 0 0, L_000000000111c4d0;  1 drivers
L_00000000010b8618 .functor BUFT 1, C4<0>, C4<0>, C4<0>, C4<0>;
v00000000010af1f0_0 .net/2u *"_s2", 0 0, L_00000000010b8618;  1 drivers
v00000000010af5b0_0 .net *"_s23", 0 0, L_000000000111c890;  1 drivers
v00000000010aed90_0 .net *"_s27", 0 0, L_000000000111c570;  1 drivers
v00000000010aebb0_0 .net *"_s31", 0 0, L_000000000111d970;  1 drivers
v00000000010aec50_0 .net *"_s35", 0 0, L_000000000111c110;  1 drivers
v00000000010afa10_0 .net *"_s39", 0 0, L_000000000111e870;  1 drivers
v00000000010afab0_0 .net *"_s44", 0 0, L_000000000111c390;  1 drivers
v00000000010ae930_0 .net *"_s7", 0 0, L_000000000111dab0;  1 drivers
v00000000010afc90_0 .net "a", 11 1, L_000000000111e7d0;  alias, 1 drivers
v00000000010afdd0_0 .net "b", 11 1, L_000000000111c930;  alias, 1 drivers
L_000000000111dab0 .part L_000000000111e7d0, 10, 1;
L_000000000111ddd0 .part L_000000000111e7d0, 9, 1;
L_000000000111e730 .part L_000000000111e7d0, 8, 1;
L_000000000111c4d0 .part L_000000000111e7d0, 7, 1;
L_000000000111c890 .part L_000000000111e7d0, 6, 1;
L_000000000111c570 .part L_000000000111e7d0, 5, 1;
L_000000000111d970 .part L_000000000111e7d0, 4, 1;
L_000000000111c110 .part L_000000000111e7d0, 3, 1;
L_000000000111e870 .part L_000000000111e7d0, 2, 1;
LS_000000000111c930_0_0 .concat8 [ 1 1 1 1], L_000000000111c390, L_000000000111e870, L_000000000111c110, L_000000000111d970;
LS_000000000111c930_0_4 .concat8 [ 1 1 1 1], L_000000000111c570, L_000000000111c890, L_000000000111c4d0, L_000000000111e730;
LS_000000000111c930_0_8 .concat8 [ 1 1 1 0], L_000000000111ddd0, L_000000000111dab0, L_00000000010b8618;
L_000000000111c930 .concat8 [ 4 4 3 0], LS_000000000111c930_0_0, LS_000000000111c930_0_4, LS_000000000111c930_0_8;
L_000000000111c390 .part L_000000000111e7d0, 1, 1;
S_000000000092cdd0 .scope module, "s_33" "ShiftRightOnce_11Bit" 2 71, 4 1 0, S_0000000000907010;
 .timescale 0 0;
    .port_info 0 /INPUT 11 "a";
    .port_info 1 /OUTPUT 11 "b";
v00000000010ae9d0_0 .net *"_s11", 0 0, L_000000000111c610;  1 drivers
v00000000010aff10_0 .net *"_s15", 0 0, L_000000000111d650;  1 drivers
v00000000010aecf0_0 .net *"_s19", 0 0, L_000000000111dbf0;  1 drivers
L_00000000010b8660 .functor BUFT 1, C4<0>, C4<0>, C4<0>, C4<0>;
v00000000010aee30_0 .net/2u *"_s2", 0 0, L_00000000010b8660;  1 drivers
v00000000010aeed0_0 .net *"_s23", 0 0, L_000000000111db50;  1 drivers
v00000000010af010_0 .net *"_s27", 0 0, L_000000000111e4b0;  1 drivers
v00000000010af0b0_0 .net *"_s31", 0 0, L_000000000111c430;  1 drivers
v00000000010af150_0 .net *"_s35", 0 0, L_000000000111cd90;  1 drivers
v00000000010ac450_0 .net *"_s39", 0 0, L_000000000111c250;  1 drivers
v00000000010ac8b0_0 .net *"_s44", 0 0, L_000000000111c6b0;  1 drivers
v00000000010ae070_0 .net *"_s7", 0 0, L_000000000111c1b0;  1 drivers
v00000000010addf0_0 .net "a", 11 1, L_000000000111c930;  alias, 1 drivers
v00000000010ae110_0 .net "b", 11 1, L_000000000111c2f0;  alias, 1 drivers
L_000000000111c1b0 .part L_000000000111c930, 10, 1;
L_000000000111c610 .part L_000000000111c930, 9, 1;
L_000000000111d650 .part L_000000000111c930, 8, 1;
L_000000000111dbf0 .part L_000000000111c930, 7, 1;
L_000000000111db50 .part L_000000000111c930, 6, 1;
L_000000000111e4b0 .part L_000000000111c930, 5, 1;
L_000000000111c430 .part L_000000000111c930, 4, 1;
L_000000000111cd90 .part L_000000000111c930, 3, 1;
L_000000000111c250 .part L_000000000111c930, 2, 1;
LS_000000000111c2f0_0_0 .concat8 [ 1 1 1 1], L_000000000111c6b0, L_000000000111c250, L_000000000111cd90, L_000000000111c430;
LS_000000000111c2f0_0_4 .concat8 [ 1 1 1 1], L_000000000111e4b0, L_000000000111db50, L_000000000111dbf0, L_000000000111d650;
LS_000000000111c2f0_0_8 .concat8 [ 1 1 1 0], L_000000000111c610, L_000000000111c1b0, L_00000000010b8660;
L_000000000111c2f0 .concat8 [ 4 4 3 0], LS_000000000111c2f0_0_0, LS_000000000111c2f0_0_4, LS_000000000111c2f0_0_8;
L_000000000111c6b0 .part L_000000000111c930, 1, 1;
S_000000000092cf60 .scope module, "s_34" "ShiftRightOnce_11Bit" 2 72, 4 1 0, S_0000000000907010;
 .timescale 0 0;
    .port_info 0 /INPUT 11 "a";
    .port_info 1 /OUTPUT 11 "b";
v00000000010ade90_0 .net *"_s11", 0 0, L_000000000111e230;  1 drivers
v00000000010ad670_0 .net *"_s15", 0 0, L_000000000111c750;  1 drivers
v00000000010acbd0_0 .net *"_s19", 0 0, L_000000000111d0b0;  1 drivers
L_00000000010b86a8 .functor BUFT 1, C4<0>, C4<0>, C4<0>, C4<0>;
v00000000010ada30_0 .net/2u *"_s2", 0 0, L_00000000010b86a8;  1 drivers
v00000000010adad0_0 .net *"_s23", 0 0, L_000000000111c7f0;  1 drivers
v00000000010ac3b0_0 .net *"_s27", 0 0, L_000000000111da10;  1 drivers
v00000000010acd10_0 .net *"_s31", 0 0, L_000000000111df10;  1 drivers
v00000000010ac090_0 .net *"_s35", 0 0, L_000000000111d6f0;  1 drivers
v00000000010ae7f0_0 .net *"_s39", 0 0, L_000000000111dc90;  1 drivers
v00000000010ad490_0 .net *"_s44", 0 0, L_000000000111ced0;  1 drivers
v00000000010ac950_0 .net *"_s7", 0 0, L_000000000111ca70;  1 drivers
v00000000010adb70_0 .net "a", 11 1, L_000000000111c2f0;  alias, 1 drivers
v00000000010acdb0_0 .net "b", 11 1, L_000000000111e550;  alias, 1 drivers
L_000000000111ca70 .part L_000000000111c2f0, 10, 1;
L_000000000111e230 .part L_000000000111c2f0, 9, 1;
L_000000000111c750 .part L_000000000111c2f0, 8, 1;
L_000000000111d0b0 .part L_000000000111c2f0, 7, 1;
L_000000000111c7f0 .part L_000000000111c2f0, 6, 1;
L_000000000111da10 .part L_000000000111c2f0, 5, 1;
L_000000000111df10 .part L_000000000111c2f0, 4, 1;
L_000000000111d6f0 .part L_000000000111c2f0, 3, 1;
L_000000000111dc90 .part L_000000000111c2f0, 2, 1;
LS_000000000111e550_0_0 .concat8 [ 1 1 1 1], L_000000000111ced0, L_000000000111dc90, L_000000000111d6f0, L_000000000111df10;
LS_000000000111e550_0_4 .concat8 [ 1 1 1 1], L_000000000111da10, L_000000000111c7f0, L_000000000111d0b0, L_000000000111c750;
LS_000000000111e550_0_8 .concat8 [ 1 1 1 0], L_000000000111e230, L_000000000111ca70, L_00000000010b86a8;
L_000000000111e550 .concat8 [ 4 4 3 0], LS_000000000111e550_0_0, LS_000000000111e550_0_4, LS_000000000111e550_0_8;
L_000000000111ced0 .part L_000000000111c2f0, 1, 1;
S_000000000092e220 .scope module, "s_41" "ShiftRightOnce_11Bit" 2 76, 4 1 0, S_0000000000907010;
 .timescale 0 0;
    .port_info 0 /INPUT 11 "a";
    .port_info 1 /OUTPUT 11 "b";
v00000000010add50_0 .net *"_s11", 0 0, L_000000000111e0f0;  1 drivers
v00000000010ad0d0_0 .net *"_s15", 0 0, L_000000000111de70;  1 drivers
v00000000010ac770_0 .net *"_s19", 0 0, L_000000000111dfb0;  1 drivers
L_00000000010b86f0 .functor BUFT 1, C4<0>, C4<0>, C4<0>, C4<0>;
v00000000010ad030_0 .net/2u *"_s2", 0 0, L_00000000010b86f0;  1 drivers
v00000000010acef0_0 .net *"_s23", 0 0, L_000000000111c9d0;  1 drivers
v00000000010acc70_0 .net *"_s27", 0 0, L_000000000111d150;  1 drivers
v00000000010ae250_0 .net *"_s31", 0 0, L_000000000111cb10;  1 drivers
v00000000010ae390_0 .net *"_s35", 0 0, L_000000000111d830;  1 drivers
v00000000010adcb0_0 .net *"_s39", 0 0, L_000000000111d1f0;  1 drivers
v00000000010ad530_0 .net *"_s44", 0 0, L_000000000111ccf0;  1 drivers
v00000000010ad5d0_0 .net *"_s7", 0 0, L_000000000111d5b0;  1 drivers
v00000000010ac810_0 .net "a", 11 1, L_000000000111d790;  alias, 1 drivers
v00000000010ae430_0 .net "b", 11 1, L_000000000111cc50;  alias, 1 drivers
L_000000000111d5b0 .part L_000000000111d790, 10, 1;
L_000000000111e0f0 .part L_000000000111d790, 9, 1;
L_000000000111de70 .part L_000000000111d790, 8, 1;
L_000000000111dfb0 .part L_000000000111d790, 7, 1;
L_000000000111c9d0 .part L_000000000111d790, 6, 1;
L_000000000111d150 .part L_000000000111d790, 5, 1;
L_000000000111cb10 .part L_000000000111d790, 4, 1;
L_000000000111d830 .part L_000000000111d790, 3, 1;
L_000000000111d1f0 .part L_000000000111d790, 2, 1;
LS_000000000111cc50_0_0 .concat8 [ 1 1 1 1], L_000000000111ccf0, L_000000000111d1f0, L_000000000111d830, L_000000000111cb10;
LS_000000000111cc50_0_4 .concat8 [ 1 1 1 1], L_000000000111d150, L_000000000111c9d0, L_000000000111dfb0, L_000000000111de70;
LS_000000000111cc50_0_8 .concat8 [ 1 1 1 0], L_000000000111e0f0, L_000000000111d5b0, L_00000000010b86f0;
L_000000000111cc50 .concat8 [ 4 4 3 0], LS_000000000111cc50_0_0, LS_000000000111cc50_0_4, LS_000000000111cc50_0_8;
L_000000000111ccf0 .part L_000000000111d790, 1, 1;
S_000000000092d5a0 .scope module, "s_42" "ShiftRightOnce_11Bit" 2 77, 4 1 0, S_0000000000907010;
 .timescale 0 0;
    .port_info 0 /INPUT 11 "a";
    .port_info 1 /OUTPUT 11 "b";
v00000000010ae4d0_0 .net *"_s11", 0 0, L_000000000111e050;  1 drivers
v00000000010adf30_0 .net *"_s15", 0 0, L_000000000111cf70;  1 drivers
v00000000010ad210_0 .net *"_s19", 0 0, L_000000000111e190;  1 drivers
L_00000000010b8738 .functor BUFT 1, C4<0>, C4<0>, C4<0>, C4<0>;
v00000000010ad710_0 .net/2u *"_s2", 0 0, L_00000000010b8738;  1 drivers
v00000000010adc10_0 .net *"_s23", 0 0, L_000000000111d290;  1 drivers
v00000000010ae570_0 .net *"_s27", 0 0, L_000000000111d330;  1 drivers
v00000000010ad850_0 .net *"_s31", 0 0, L_000000000111d3d0;  1 drivers
v00000000010ac4f0_0 .net *"_s35", 0 0, L_000000000111d470;  1 drivers
v00000000010ae2f0_0 .net *"_s39", 0 0, L_000000000111e370;  1 drivers
v00000000010ad2b0_0 .net *"_s44", 0 0, L_000000000111e410;  1 drivers
v00000000010ac130_0 .net *"_s7", 0 0, L_000000000111ce30;  1 drivers
v00000000010ad8f0_0 .net "a", 11 1, L_000000000111cc50;  alias, 1 drivers
v00000000010ac9f0_0 .net "b", 11 1, L_000000000111e5f0;  alias, 1 drivers
L_000000000111ce30 .part L_000000000111cc50, 10, 1;
L_000000000111e050 .part L_000000000111cc50, 9, 1;
L_000000000111cf70 .part L_000000000111cc50, 8, 1;
L_000000000111e190 .part L_000000000111cc50, 7, 1;
L_000000000111d290 .part L_000000000111cc50, 6, 1;
L_000000000111d330 .part L_000000000111cc50, 5, 1;
L_000000000111d3d0 .part L_000000000111cc50, 4, 1;
L_000000000111d470 .part L_000000000111cc50, 3, 1;
L_000000000111e370 .part L_000000000111cc50, 2, 1;
LS_000000000111e5f0_0_0 .concat8 [ 1 1 1 1], L_000000000111e410, L_000000000111e370, L_000000000111d470, L_000000000111d3d0;
LS_000000000111e5f0_0_4 .concat8 [ 1 1 1 1], L_000000000111d330, L_000000000111d290, L_000000000111e190, L_000000000111cf70;
LS_000000000111e5f0_0_8 .concat8 [ 1 1 1 0], L_000000000111e050, L_000000000111ce30, L_00000000010b8738;
L_000000000111e5f0 .concat8 [ 4 4 3 0], LS_000000000111e5f0_0_0, LS_000000000111e5f0_0_4, LS_000000000111e5f0_0_8;
L_000000000111e410 .part L_000000000111cc50, 1, 1;
S_000000000092cab0 .scope module, "s_43" "ShiftRightOnce_11Bit" 2 78, 4 1 0, S_0000000000907010;
 .timescale 0 0;
    .port_info 0 /INPUT 11 "a";
    .port_info 1 /OUTPUT 11 "b";
v00000000010ac310_0 .net *"_s11", 0 0, L_000000000111d8d0;  1 drivers
v00000000010ad990_0 .net *"_s15", 0 0, L_000000000111e690;  1 drivers
v00000000010ac630_0 .net *"_s19", 0 0, L_000000000111e9b0;  1 drivers
L_00000000010b8780 .functor BUFT 1, C4<0>, C4<0>, C4<0>, C4<0>;
v00000000010aca90_0 .net/2u *"_s2", 0 0, L_00000000010b8780;  1 drivers
v00000000010ac1d0_0 .net *"_s23", 0 0, L_0000000001120490;  1 drivers
v00000000010acb30_0 .net *"_s27", 0 0, L_000000000111fe50;  1 drivers
v00000000010ad7b0_0 .net *"_s31", 0 0, L_00000000011203f0;  1 drivers
v00000000010adfd0_0 .net *"_s35", 0 0, L_00000000011202b0;  1 drivers
v00000000010ac270_0 .net *"_s39", 0 0, L_0000000001120350;  1 drivers
v00000000010ac590_0 .net *"_s44", 0 0, L_000000000111fd10;  1 drivers
v00000000010ae750_0 .net *"_s7", 0 0, L_000000000111d510;  1 drivers
v00000000010ace50_0 .net "a", 11 1, L_000000000111e5f0;  alias, 1 drivers
v00000000010ac6d0_0 .net "b", 11 1, L_000000000111ec30;  alias, 1 drivers
L_000000000111d510 .part L_000000000111e5f0, 10, 1;
L_000000000111d8d0 .part L_000000000111e5f0, 9, 1;
L_000000000111e690 .part L_000000000111e5f0, 8, 1;
L_000000000111e9b0 .part L_000000000111e5f0, 7, 1;
L_0000000001120490 .part L_000000000111e5f0, 6, 1;
L_000000000111fe50 .part L_000000000111e5f0, 5, 1;
L_00000000011203f0 .part L_000000000111e5f0, 4, 1;
L_00000000011202b0 .part L_000000000111e5f0, 3, 1;
L_0000000001120350 .part L_000000000111e5f0, 2, 1;
LS_000000000111ec30_0_0 .concat8 [ 1 1 1 1], L_000000000111fd10, L_0000000001120350, L_00000000011202b0, L_00000000011203f0;
LS_000000000111ec30_0_4 .concat8 [ 1 1 1 1], L_000000000111fe50, L_0000000001120490, L_000000000111e9b0, L_000000000111e690;
LS_000000000111ec30_0_8 .concat8 [ 1 1 1 0], L_000000000111d8d0, L_000000000111d510, L_00000000010b8780;
L_000000000111ec30 .concat8 [ 4 4 3 0], LS_000000000111ec30_0_0, LS_000000000111ec30_0_4, LS_000000000111ec30_0_8;
L_000000000111fd10 .part L_000000000111e5f0, 1, 1;
S_000000000092c790 .scope module, "s_44" "ShiftRightOnce_11Bit" 2 79, 4 1 0, S_0000000000907010;
 .timescale 0 0;
    .port_info 0 /INPUT 11 "a";
    .port_info 1 /OUTPUT 11 "b";
v00000000010ae1b0_0 .net *"_s11", 0 0, L_000000000111ea50;  1 drivers
v00000000010acf90_0 .net *"_s15", 0 0, L_0000000001120df0;  1 drivers
v00000000010ae6b0_0 .net *"_s19", 0 0, L_000000000111f270;  1 drivers
L_00000000010b87c8 .functor BUFT 1, C4<0>, C4<0>, C4<0>, C4<0>;
v00000000010ad170_0 .net/2u *"_s2", 0 0, L_00000000010b87c8;  1 drivers
v00000000010ae610_0 .net *"_s23", 0 0, L_000000000111f450;  1 drivers
v00000000010ad350_0 .net *"_s27", 0 0, L_0000000001120fd0;  1 drivers
v00000000010ad3f0_0 .net *"_s31", 0 0, L_000000000111f810;  1 drivers
v00000000010b2e70_0 .net *"_s35", 0 0, L_000000000111eff0;  1 drivers
v00000000010b2f10_0 .net *"_s39", 0 0, L_000000000111fdb0;  1 drivers
v00000000010b4090_0 .net *"_s44", 0 0, L_0000000001120530;  1 drivers
v00000000010b3e10_0 .net *"_s7", 0 0, L_000000000111fa90;  1 drivers
v00000000010b4130_0 .net "a", 11 1, L_000000000111ec30;  alias, 1 drivers
v00000000010b34b0_0 .net "b", 11 1, L_000000000111f4f0;  alias, 1 drivers
L_000000000111fa90 .part L_000000000111ec30, 10, 1;
L_000000000111ea50 .part L_000000000111ec30, 9, 1;
L_0000000001120df0 .part L_000000000111ec30, 8, 1;
L_000000000111f270 .part L_000000000111ec30, 7, 1;
L_000000000111f450 .part L_000000000111ec30, 6, 1;
L_0000000001120fd0 .part L_000000000111ec30, 5, 1;
L_000000000111f810 .part L_000000000111ec30, 4, 1;
L_000000000111eff0 .part L_000000000111ec30, 3, 1;
L_000000000111fdb0 .part L_000000000111ec30, 2, 1;
LS_000000000111f4f0_0_0 .concat8 [ 1 1 1 1], L_0000000001120530, L_000000000111fdb0, L_000000000111eff0, L_000000000111f810;
LS_000000000111f4f0_0_4 .concat8 [ 1 1 1 1], L_0000000001120fd0, L_000000000111f450, L_000000000111f270, L_0000000001120df0;
LS_000000000111f4f0_0_8 .concat8 [ 1 1 1 0], L_000000000111ea50, L_000000000111fa90, L_00000000010b87c8;
L_000000000111f4f0 .concat8 [ 4 4 3 0], LS_000000000111f4f0_0_0, LS_000000000111f4f0_0_4, LS_000000000111f4f0_0_8;
L_0000000001120530 .part L_000000000111ec30, 1, 1;
S_000000000092c600 .scope module, "s_45" "ShiftRightOnce_11Bit" 2 80, 4 1 0, S_0000000000907010;
 .timescale 0 0;
    .port_info 0 /INPUT 11 "a";
    .port_info 1 /OUTPUT 11 "b";
v00000000010b25b0_0 .net *"_s11", 0 0, L_0000000001120f30;  1 drivers
v00000000010b2290_0 .net *"_s15", 0 0, L_000000000111ee10;  1 drivers
v00000000010b41d0_0 .net *"_s19", 0 0, L_000000000111f090;  1 drivers
L_00000000010b8810 .functor BUFT 1, C4<0>, C4<0>, C4<0>, C4<0>;
v00000000010b3af0_0 .net/2u *"_s2", 0 0, L_00000000010b8810;  1 drivers
v00000000010b23d0_0 .net *"_s23", 0 0, L_000000000111f590;  1 drivers
v00000000010b2d30_0 .net *"_s27", 0 0, L_000000000111ecd0;  1 drivers
v00000000010b20b0_0 .net *"_s31", 0 0, L_0000000001120cb0;  1 drivers
v00000000010b4810_0 .net *"_s35", 0 0, L_000000000111eeb0;  1 drivers
v00000000010b2fb0_0 .net *"_s39", 0 0, L_0000000001120670;  1 drivers
v00000000010b28d0_0 .net *"_s44", 0 0, L_0000000001120710;  1 drivers
v00000000010b3b90_0 .net *"_s7", 0 0, L_000000000111fef0;  1 drivers
v00000000010b2dd0_0 .net "a", 11 1, L_000000000111f4f0;  alias, 1 drivers
v00000000010b30f0_0 .net "b", 11 1, L_00000000011205d0;  alias, 1 drivers
L_000000000111fef0 .part L_000000000111f4f0, 10, 1;
L_0000000001120f30 .part L_000000000111f4f0, 9, 1;
L_000000000111ee10 .part L_000000000111f4f0, 8, 1;
L_000000000111f090 .part L_000000000111f4f0, 7, 1;
L_000000000111f590 .part L_000000000111f4f0, 6, 1;
L_000000000111ecd0 .part L_000000000111f4f0, 5, 1;
L_0000000001120cb0 .part L_000000000111f4f0, 4, 1;
L_000000000111eeb0 .part L_000000000111f4f0, 3, 1;
L_0000000001120670 .part L_000000000111f4f0, 2, 1;
LS_00000000011205d0_0_0 .concat8 [ 1 1 1 1], L_0000000001120710, L_0000000001120670, L_000000000111eeb0, L_0000000001120cb0;
LS_00000000011205d0_0_4 .concat8 [ 1 1 1 1], L_000000000111ecd0, L_000000000111f590, L_000000000111f090, L_000000000111ee10;
LS_00000000011205d0_0_8 .concat8 [ 1 1 1 0], L_0000000001120f30, L_000000000111fef0, L_00000000010b8810;
L_00000000011205d0 .concat8 [ 4 4 3 0], LS_00000000011205d0_0_0, LS_00000000011205d0_0_4, LS_00000000011205d0_0_8;
L_0000000001120710 .part L_000000000111f4f0, 1, 1;
S_000000000092c920 .scope module, "s_46" "ShiftRightOnce_11Bit" 2 81, 4 1 0, S_0000000000907010;
 .timescale 0 0;
    .port_info 0 /INPUT 11 "a";
    .port_info 1 /OUTPUT 11 "b";
v00000000010b3ff0_0 .net *"_s11", 0 0, L_000000000111eb90;  1 drivers
v00000000010b2650_0 .net *"_s15", 0 0, L_000000000111ed70;  1 drivers
v00000000010b21f0_0 .net *"_s19", 0 0, L_000000000111e910;  1 drivers
L_00000000010b8858 .functor BUFT 1, C4<0>, C4<0>, C4<0>, C4<0>;
v00000000010b3050_0 .net/2u *"_s2", 0 0, L_00000000010b8858;  1 drivers
v00000000010b2bf0_0 .net *"_s23", 0 0, L_0000000001120030;  1 drivers
v00000000010b2970_0 .net *"_s27", 0 0, L_000000000111ff90;  1 drivers
v00000000010b3f50_0 .net *"_s31", 0 0, L_000000000111f310;  1 drivers
v00000000010b4270_0 .net *"_s35", 0 0, L_000000000111f3b0;  1 drivers
v00000000010b3550_0 .net *"_s39", 0 0, L_0000000001120ad0;  1 drivers
v00000000010b46d0_0 .net *"_s44", 0 0, L_000000000111f8b0;  1 drivers
v00000000010b26f0_0 .net *"_s7", 0 0, L_000000000111ef50;  1 drivers
v00000000010b2790_0 .net "a", 11 1, L_00000000011205d0;  alias, 1 drivers
v00000000010b35f0_0 .net "b", 11 1, L_0000000001121070;  alias, 1 drivers
L_000000000111ef50 .part L_00000000011205d0, 10, 1;
L_000000000111eb90 .part L_00000000011205d0, 9, 1;
L_000000000111ed70 .part L_00000000011205d0, 8, 1;
L_000000000111e910 .part L_00000000011205d0, 7, 1;
L_0000000001120030 .part L_00000000011205d0, 6, 1;
L_000000000111ff90 .part L_00000000011205d0, 5, 1;
L_000000000111f310 .part L_00000000011205d0, 4, 1;
L_000000000111f3b0 .part L_00000000011205d0, 3, 1;
L_0000000001120ad0 .part L_00000000011205d0, 2, 1;
LS_0000000001121070_0_0 .concat8 [ 1 1 1 1], L_000000000111f8b0, L_0000000001120ad0, L_000000000111f3b0, L_000000000111f310;
LS_0000000001121070_0_4 .concat8 [ 1 1 1 1], L_000000000111ff90, L_0000000001120030, L_000000000111e910, L_000000000111ed70;
LS_0000000001121070_0_8 .concat8 [ 1 1 1 0], L_000000000111eb90, L_000000000111ef50, L_00000000010b8858;
L_0000000001121070 .concat8 [ 4 4 3 0], LS_0000000001121070_0_0, LS_0000000001121070_0_4, LS_0000000001121070_0_8;
L_000000000111f8b0 .part L_00000000011205d0, 1, 1;
S_000000000092d730 .scope module, "s_47" "ShiftRightOnce_11Bit" 2 82, 4 1 0, S_0000000000907010;
 .timescale 0 0;
    .port_info 0 /INPUT 11 "a";
    .port_info 1 /OUTPUT 11 "b";
v00000000010b3eb0_0 .net *"_s11", 0 0, L_0000000001120850;  1 drivers
v00000000010b4310_0 .net *"_s15", 0 0, L_000000000111eaf0;  1 drivers
v00000000010b3190_0 .net *"_s19", 0 0, L_000000000111f130;  1 drivers
L_00000000010b88a0 .functor BUFT 1, C4<0>, C4<0>, C4<0>, C4<0>;
v00000000010b39b0_0 .net/2u *"_s2", 0 0, L_00000000010b88a0;  1 drivers
v00000000010b2830_0 .net *"_s23", 0 0, L_000000000111f1d0;  1 drivers
v00000000010b43b0_0 .net *"_s27", 0 0, L_000000000111f630;  1 drivers
v00000000010b4450_0 .net *"_s31", 0 0, L_0000000001120170;  1 drivers
v00000000010b2a10_0 .net *"_s35", 0 0, L_000000000111f6d0;  1 drivers
v00000000010b3690_0 .net *"_s39", 0 0, L_000000000111f770;  1 drivers
v00000000010b2ab0_0 .net *"_s44", 0 0, L_000000000111f9f0;  1 drivers
v00000000010b3c30_0 .net *"_s7", 0 0, L_00000000011207b0;  1 drivers
v00000000010b2b50_0 .net "a", 11 1, L_0000000001121070;  alias, 1 drivers
v00000000010b2510_0 .net "b", 11 1, L_000000000111f950;  alias, 1 drivers
L_00000000011207b0 .part L_0000000001121070, 10, 1;
L_0000000001120850 .part L_0000000001121070, 9, 1;
L_000000000111eaf0 .part L_0000000001121070, 8, 1;
L_000000000111f130 .part L_0000000001121070, 7, 1;
L_000000000111f1d0 .part L_0000000001121070, 6, 1;
L_000000000111f630 .part L_0000000001121070, 5, 1;
L_0000000001120170 .part L_0000000001121070, 4, 1;
L_000000000111f6d0 .part L_0000000001121070, 3, 1;
L_000000000111f770 .part L_0000000001121070, 2, 1;
LS_000000000111f950_0_0 .concat8 [ 1 1 1 1], L_000000000111f9f0, L_000000000111f770, L_000000000111f6d0, L_0000000001120170;
LS_000000000111f950_0_4 .concat8 [ 1 1 1 1], L_000000000111f630, L_000000000111f1d0, L_000000000111f130, L_000000000111eaf0;
LS_000000000111f950_0_8 .concat8 [ 1 1 1 0], L_0000000001120850, L_00000000011207b0, L_00000000010b88a0;
L_000000000111f950 .concat8 [ 4 4 3 0], LS_000000000111f950_0_0, LS_000000000111f950_0_4, LS_000000000111f950_0_8;
L_000000000111f9f0 .part L_0000000001121070, 1, 1;
S_000000000092d8c0 .scope module, "s_48" "ShiftRightOnce_11Bit" 2 83, 4 1 0, S_0000000000907010;
 .timescale 0 0;
    .port_info 0 /INPUT 11 "a";
    .port_info 1 /OUTPUT 11 "b";
v00000000010b2c90_0 .net *"_s11", 0 0, L_000000000111fbd0;  1 drivers
v00000000010b3370_0 .net *"_s15", 0 0, L_00000000011200d0;  1 drivers
v00000000010b3230_0 .net *"_s19", 0 0, L_00000000011208f0;  1 drivers
L_00000000010b88e8 .functor BUFT 1, C4<0>, C4<0>, C4<0>, C4<0>;
v00000000010b32d0_0 .net/2u *"_s2", 0 0, L_00000000010b88e8;  1 drivers
v00000000010b3410_0 .net *"_s23", 0 0, L_0000000001120990;  1 drivers
v00000000010b2150_0 .net *"_s27", 0 0, L_0000000001120d50;  1 drivers
v00000000010b44f0_0 .net *"_s31", 0 0, L_000000000111fc70;  1 drivers
v00000000010b4770_0 .net *"_s35", 0 0, L_0000000001120210;  1 drivers
v00000000010b2330_0 .net *"_s39", 0 0, L_0000000001120a30;  1 drivers
v00000000010b3730_0 .net *"_s44", 0 0, L_0000000001120e90;  1 drivers
v00000000010b37d0_0 .net *"_s7", 0 0, L_000000000111fb30;  1 drivers
v00000000010b2470_0 .net "a", 11 1, L_000000000111f950;  alias, 1 drivers
v00000000010b3910_0 .net "b", 11 1, L_0000000001120b70;  alias, 1 drivers
L_000000000111fb30 .part L_000000000111f950, 10, 1;
L_000000000111fbd0 .part L_000000000111f950, 9, 1;
L_00000000011200d0 .part L_000000000111f950, 8, 1;
L_00000000011208f0 .part L_000000000111f950, 7, 1;
L_0000000001120990 .part L_000000000111f950, 6, 1;
L_0000000001120d50 .part L_000000000111f950, 5, 1;
L_000000000111fc70 .part L_000000000111f950, 4, 1;
L_0000000001120210 .part L_000000000111f950, 3, 1;
L_0000000001120a30 .part L_000000000111f950, 2, 1;
LS_0000000001120b70_0_0 .concat8 [ 1 1 1 1], L_0000000001120e90, L_0000000001120a30, L_0000000001120210, L_000000000111fc70;
LS_0000000001120b70_0_4 .concat8 [ 1 1 1 1], L_0000000001120d50, L_0000000001120990, L_00000000011208f0, L_00000000011200d0;
LS_0000000001120b70_0_8 .concat8 [ 1 1 1 0], L_000000000111fbd0, L_000000000111fb30, L_00000000010b88e8;
L_0000000001120b70 .concat8 [ 4 4 3 0], LS_0000000001120b70_0_0, LS_0000000001120b70_0_4, LS_0000000001120b70_0_8;
L_0000000001120e90 .part L_000000000111f950, 1, 1;
    .scope S_00000000009082d0;
T_0 ;
    %wait E_00000000009015d0;
    %vpi_call 2 44 "$display", "LOLW: w1: %b, w22: %b, w34: %b, w48: %b", v0000000000928600_0, v0000000000929d20_0, v000000000092a180_0, v000000000092b9e0_0 {0 0 0};
    %vpi_call 2 45 "$display", "LOLO: o1: %b, o2: %b, o3: %b, o4: %b", v00000000009289c0_0, v00000000009291e0_0, v0000000000929460_0, v0000000000929780_0 {0 0 0};
    %jmp T_0;
    .thread T_0, $push;
# The file index is used to find the file name in the following table.
:file_names 5;
    "N/A";
    "<interactive>";
    "BarrelShifter5Bit.v";
    "./ShiftLeftOnce_11Bit.v";
    "./ShiftRightOnce_11Bit.v";
