#! /usr/local/iverilog/bin/vvp
:ivl_version "11.0 (devel)" "(s20150603-642-g3bdb50da)";
:ivl_delay_selection "TYPICAL";
:vpi_time_precision + 0;
:vpi_module "system";
:vpi_module "vhdl_sys";
:vpi_module "vhdl_textio";
:vpi_module "v2005_math";
:vpi_module "va_math";
S_00000000012569b0 .scope module, "Bit10MUX" "Bit10MUX" 2 2;
 .timescale 0 0;
L_00000000008dcfb0 .functor AND 1, L_00000000009415e0, L_0000000000941400, C4<1>, C4<1>;
o00000000008ea508 .functor BUFZ 1, C4<z>; HiZ drive
L_00000000008dd020 .functor AND 1, o00000000008ea508, L_0000000000940b40, C4<1>, C4<1>;
L_00000000008dd100 .functor OR 1, L_00000000008dcfb0, L_00000000008dd020, C4<0>, C4<0>;
L_00000000008dd1e0 .functor AND 1, L_0000000000941900, L_0000000000941680, C4<1>, C4<1>;
L_0000000000942790 .functor AND 1, o00000000008ea508, L_000000000093ff60, C4<1>, C4<1>;
L_00000000009422c0 .functor OR 1, L_00000000008dd1e0, L_0000000000942790, C4<0>, C4<0>;
L_0000000000942950 .functor AND 1, L_0000000000941360, L_00000000009414a0, C4<1>, C4<1>;
L_00000000009421e0 .functor AND 1, o00000000008ea508, L_000000000093fce0, C4<1>, C4<1>;
L_0000000000941ed0 .functor OR 1, L_0000000000942950, L_00000000009421e0, C4<0>, C4<0>;
L_00000000009428e0 .functor AND 1, L_00000000009417c0, L_0000000000940780, C4<1>, C4<1>;
L_0000000000942410 .functor AND 1, o00000000008ea508, L_000000000093fd80, C4<1>, C4<1>;
L_0000000000941a70 .functor OR 1, L_00000000009428e0, L_0000000000942410, C4<0>, C4<0>;
L_0000000000942560 .functor AND 1, L_0000000000940960, L_00000000009403c0, C4<1>, C4<1>;
L_0000000000942800 .functor AND 1, o00000000008ea508, L_0000000000940640, C4<1>, C4<1>;
L_0000000000942480 .functor OR 1, L_0000000000942560, L_0000000000942800, C4<0>, C4<0>;
L_00000000009425d0 .functor AND 1, L_000000000093fec0, L_00000000009406e0, C4<1>, C4<1>;
L_00000000009424f0 .functor AND 1, o00000000008ea508, L_0000000000940820, C4<1>, C4<1>;
L_0000000000942640 .functor OR 1, L_00000000009425d0, L_00000000009424f0, C4<0>, C4<0>;
L_0000000000941bc0 .functor AND 1, L_0000000000940460, L_0000000000940500, C4<1>, C4<1>;
L_0000000000942020 .functor AND 1, o00000000008ea508, L_0000000000942a80, C4<1>, C4<1>;
L_0000000000942870 .functor OR 1, L_0000000000941bc0, L_0000000000942020, C4<0>, C4<0>;
L_0000000000942100 .functor AND 1, L_0000000000943fc0, L_0000000000944740, C4<1>, C4<1>;
L_0000000000941b50 .functor AND 1, o00000000008ea508, L_0000000000943ac0, C4<1>, C4<1>;
L_0000000000941ae0 .functor OR 1, L_0000000000942100, L_0000000000941b50, C4<0>, C4<0>;
L_0000000000941df0 .functor AND 1, L_00000000009430c0, L_0000000000943520, C4<1>, C4<1>;
L_0000000000941c30 .functor AND 1, o00000000008ea508, L_0000000000943e80, C4<1>, C4<1>;
L_0000000000942330 .functor OR 1, L_0000000000941df0, L_0000000000941c30, C4<0>, C4<0>;
L_0000000000941ca0 .functor AND 1, L_0000000000943840, L_0000000000943c00, C4<1>, C4<1>;
L_0000000000942720 .functor AND 1, o00000000008ea508, L_0000000000943480, C4<1>, C4<1>;
L_0000000000941f40 .functor OR 1, L_0000000000941ca0, L_0000000000942720, C4<0>, C4<0>;
v00000000008de0f0_0 .net *"_s10", 0 0, L_00000000008dd020;  1 drivers
v00000000008dda10_0 .net *"_s101", 0 0, L_0000000000943fc0;  1 drivers
v00000000008deb90_0 .net *"_s103", 0 0, L_0000000000944740;  1 drivers
v00000000008de9b0_0 .net *"_s104", 0 0, L_0000000000942100;  1 drivers
v00000000008dde70_0 .net *"_s107", 0 0, L_0000000000943ac0;  1 drivers
v00000000008de410_0 .net *"_s108", 0 0, L_0000000000941b50;  1 drivers
v00000000008dea50_0 .net *"_s110", 0 0, L_0000000000941ae0;  1 drivers
v00000000008dec30_0 .net *"_s115", 0 0, L_00000000009430c0;  1 drivers
v00000000008dd3d0_0 .net *"_s117", 0 0, L_0000000000943520;  1 drivers
v00000000008dd6f0_0 .net *"_s118", 0 0, L_0000000000941df0;  1 drivers
v00000000008decd0_0 .net *"_s12", 0 0, L_00000000008dd100;  1 drivers
v00000000008dd470_0 .net *"_s121", 0 0, L_0000000000943e80;  1 drivers
v00000000008dd510_0 .net *"_s122", 0 0, L_0000000000941c30;  1 drivers
v00000000008ded70_0 .net *"_s124", 0 0, L_0000000000942330;  1 drivers
v00000000008de230_0 .net *"_s130", 0 0, L_0000000000943840;  1 drivers
v00000000008ddf10_0 .net *"_s132", 0 0, L_0000000000943c00;  1 drivers
v00000000008de2d0_0 .net *"_s133", 0 0, L_0000000000941ca0;  1 drivers
v00000000008dee10_0 .net *"_s136", 0 0, L_0000000000943480;  1 drivers
v00000000008ddfb0_0 .net *"_s137", 0 0, L_0000000000942720;  1 drivers
v00000000008dd5b0_0 .net *"_s139", 0 0, L_0000000000941f40;  1 drivers
v00000000008deeb0_0 .net *"_s17", 0 0, L_0000000000941900;  1 drivers
v00000000008dd790_0 .net *"_s19", 0 0, L_0000000000941680;  1 drivers
v00000000008ddbf0_0 .net *"_s20", 0 0, L_00000000008dd1e0;  1 drivers
v00000000008dd650_0 .net *"_s23", 0 0, L_000000000093ff60;  1 drivers
v00000000008dddd0_0 .net *"_s24", 0 0, L_0000000000942790;  1 drivers
v00000000008dd830_0 .net *"_s26", 0 0, L_00000000009422c0;  1 drivers
v00000000008dd8d0_0 .net *"_s3", 0 0, L_00000000009415e0;  1 drivers
v00000000008dd970_0 .net *"_s31", 0 0, L_0000000000941360;  1 drivers
v00000000008ddc90_0 .net *"_s33", 0 0, L_00000000009414a0;  1 drivers
v00000000008de050_0 .net *"_s34", 0 0, L_0000000000942950;  1 drivers
v00000000008d5270_0 .net *"_s37", 0 0, L_000000000093fce0;  1 drivers
v00000000008d59f0_0 .net *"_s38", 0 0, L_00000000009421e0;  1 drivers
v00000000008d5e50_0 .net *"_s40", 0 0, L_0000000000941ed0;  1 drivers
v00000000008d5590_0 .net *"_s45", 0 0, L_00000000009417c0;  1 drivers
v00000000009400a0_0 .net *"_s47", 0 0, L_0000000000940780;  1 drivers
v0000000000940320_0 .net *"_s48", 0 0, L_00000000009428e0;  1 drivers
v0000000000941220_0 .net *"_s5", 0 0, L_0000000000941400;  1 drivers
v00000000009405a0_0 .net *"_s51", 0 0, L_000000000093fd80;  1 drivers
v0000000000941860_0 .net *"_s52", 0 0, L_0000000000942410;  1 drivers
v000000000093fb00_0 .net *"_s54", 0 0, L_0000000000941a70;  1 drivers
v000000000093fa60_0 .net *"_s59", 0 0, L_0000000000940960;  1 drivers
v00000000009412c0_0 .net *"_s6", 0 0, L_00000000008dcfb0;  1 drivers
v0000000000941720_0 .net *"_s61", 0 0, L_00000000009403c0;  1 drivers
v00000000009410e0_0 .net *"_s62", 0 0, L_0000000000942560;  1 drivers
v0000000000940140_0 .net *"_s65", 0 0, L_0000000000940640;  1 drivers
v0000000000940d20_0 .net *"_s66", 0 0, L_0000000000942800;  1 drivers
v0000000000940a00_0 .net *"_s68", 0 0, L_0000000000942480;  1 drivers
v0000000000940c80_0 .net *"_s73", 0 0, L_000000000093fec0;  1 drivers
v0000000000940dc0_0 .net *"_s75", 0 0, L_00000000009406e0;  1 drivers
v000000000093fe20_0 .net *"_s76", 0 0, L_00000000009425d0;  1 drivers
v0000000000941180_0 .net *"_s79", 0 0, L_0000000000940820;  1 drivers
v0000000000940e60_0 .net *"_s80", 0 0, L_00000000009424f0;  1 drivers
v0000000000940aa0_0 .net *"_s82", 0 0, L_0000000000942640;  1 drivers
v00000000009401e0_0 .net *"_s87", 0 0, L_0000000000940460;  1 drivers
v0000000000940280_0 .net *"_s89", 0 0, L_0000000000940500;  1 drivers
v0000000000940be0_0 .net *"_s9", 0 0, L_0000000000940b40;  1 drivers
v0000000000940f00_0 .net *"_s90", 0 0, L_0000000000941bc0;  1 drivers
v000000000093fba0_0 .net *"_s93", 0 0, L_0000000000942a80;  1 drivers
v00000000009408c0_0 .net *"_s94", 0 0, L_0000000000942020;  1 drivers
v000000000093fc40_0 .net *"_s96", 0 0, L_0000000000942870;  1 drivers
o00000000008ea478 .functor BUFZ 10, C4<zzzzzzzzzz>; HiZ drive
v0000000000940fa0_0 .net "a", 10 1, o00000000008ea478;  0 drivers
o00000000008ea4a8 .functor BUFZ 10, C4<zzzzzzzzzz>; HiZ drive
v0000000000941540_0 .net "b", 10 1, o00000000008ea4a8;  0 drivers
v0000000000940000_0 .net "out", 10 1, L_0000000000944560;  1 drivers
v0000000000941040_0 .net "select", 0 0, o00000000008ea508;  0 drivers
L_00000000009415e0 .reduce/nor o00000000008ea508;
L_0000000000941400 .part o00000000008ea478, 0, 1;
L_0000000000940b40 .part o00000000008ea4a8, 0, 1;
L_0000000000941900 .reduce/nor o00000000008ea508;
L_0000000000941680 .part o00000000008ea478, 1, 1;
L_000000000093ff60 .part o00000000008ea4a8, 1, 1;
L_0000000000941360 .reduce/nor o00000000008ea508;
L_00000000009414a0 .part o00000000008ea478, 2, 1;
L_000000000093fce0 .part o00000000008ea4a8, 2, 1;
L_00000000009417c0 .reduce/nor o00000000008ea508;
L_0000000000940780 .part o00000000008ea478, 3, 1;
L_000000000093fd80 .part o00000000008ea4a8, 3, 1;
L_0000000000940960 .reduce/nor o00000000008ea508;
L_00000000009403c0 .part o00000000008ea478, 4, 1;
L_0000000000940640 .part o00000000008ea4a8, 4, 1;
L_000000000093fec0 .reduce/nor o00000000008ea508;
L_00000000009406e0 .part o00000000008ea478, 5, 1;
L_0000000000940820 .part o00000000008ea4a8, 5, 1;
L_0000000000940460 .reduce/nor o00000000008ea508;
L_0000000000940500 .part o00000000008ea478, 6, 1;
L_0000000000942a80 .part o00000000008ea4a8, 6, 1;
L_0000000000943fc0 .reduce/nor o00000000008ea508;
L_0000000000944740 .part o00000000008ea478, 7, 1;
L_0000000000943ac0 .part o00000000008ea4a8, 7, 1;
L_00000000009430c0 .reduce/nor o00000000008ea508;
L_0000000000943520 .part o00000000008ea478, 8, 1;
L_0000000000943e80 .part o00000000008ea4a8, 8, 1;
LS_0000000000944560_0_0 .concat8 [ 1 1 1 1], L_00000000008dd100, L_00000000009422c0, L_0000000000941ed0, L_0000000000941a70;
LS_0000000000944560_0_4 .concat8 [ 1 1 1 1], L_0000000000942480, L_0000000000942640, L_0000000000942870, L_0000000000941ae0;
LS_0000000000944560_0_8 .concat8 [ 1 1 0 0], L_0000000000942330, L_0000000000941f40;
L_0000000000944560 .concat8 [ 4 4 2 0], LS_0000000000944560_0_0, LS_0000000000944560_0_4, LS_0000000000944560_0_8;
L_0000000000943840 .reduce/nor o00000000008ea508;
L_0000000000943c00 .part o00000000008ea478, 9, 1;
L_0000000000943480 .part o00000000008ea4a8, 9, 1;
# The file index is used to find the file name in the following table.
:file_names 3;
    "N/A";
    "<interactive>";
    "Bit10MUX.v";
