#! /usr/local/iverilog/bin/vvp
:ivl_version "11.0 (devel)" "(s20150603-642-g3bdb50da)";
:ivl_delay_selection "TYPICAL";
:vpi_time_precision + 0;
:vpi_module "system";
:vpi_module "vhdl_sys";
:vpi_module "vhdl_textio";
:vpi_module "v2005_math";
:vpi_module "va_math";
S_0000000000026930 .scope module, "Encoder11Bit_to_5Bit" "Encoder11Bit_to_5Bit" 2 2;
 .timescale 0 0;
    .port_info 0 /INPUT 11 "a";
    .port_info 1 /OUTPUT 5 "b";
L_000000000102bd00 .functor OR 1, L_000000000108c300, L_000000000108d200, C4<0>, C4<0>;
L_000000000102c010 .functor OR 1, L_000000000102bd00, L_000000000108d340, C4<0>, C4<0>;
L_000000000102c160 .functor OR 1, L_000000000102c010, L_000000000108d980, C4<0>, C4<0>;
L_000000000102bd70 .functor OR 1, L_000000000102c160, L_000000000108d3e0, C4<0>, C4<0>;
L_000000000102bad0 .functor OR 1, L_000000000102bd70, L_000000000108c9e0, C4<0>, C4<0>;
L_000000000102bf30 .functor OR 1, L_000000000102bad0, L_000000000108d480, C4<0>, C4<0>;
L_000000000102bfa0 .functor OR 1, L_000000000102bf30, L_000000000108bc20, C4<0>, C4<0>;
L_000000000102c0f0 .functor OR 1, L_000000000102bfa0, L_000000000108d520, C4<0>, C4<0>;
L_000000000102b910 .functor OR 1, L_000000000102c0f0, L_000000000108c940, C4<0>, C4<0>;
L_000000000102c1d0 .functor OR 1, L_000000000102b910, L_000000000108c620, C4<0>, C4<0>;
L_000000000102c240 .functor AND 5, L_000000000108d7a0, v000000000108d840_0, C4<11111>, C4<11111>;
L_000000000102bde0 .functor AND 5, L_000000000108c440, v000000000108d0c0_0, C4<11111>, C4<11111>;
L_000000000102c6a0 .functor OR 5, L_000000000102c240, L_000000000102bde0, C4<00000>, C4<00000>;
L_000000000102c320 .functor AND 5, L_000000000108bea0, v000000000108dac0_0, C4<11111>, C4<11111>;
L_000000000102ba60 .functor OR 5, L_000000000102c6a0, L_000000000102c320, C4<00000>, C4<00000>;
L_000000000102c390 .functor AND 5, L_000000000108bfe0, v000000000108c800_0, C4<11111>, C4<11111>;
L_000000000102c400 .functor OR 5, L_000000000102ba60, L_000000000102c390, C4<00000>, C4<00000>;
L_000000000102c4e0 .functor AND 5, L_00000000010d6d60, v000000000108d700_0, C4<11111>, C4<11111>;
L_000000000102c550 .functor OR 5, L_000000000102c400, L_000000000102c4e0, C4<00000>, C4<00000>;
L_000000000102b980 .functor AND 5, L_00000000010d79e0, v000000000108d8e0_0, C4<11111>, C4<11111>;
L_000000000102bb40 .functor OR 5, L_000000000102c550, L_000000000102b980, C4<00000>, C4<00000>;
L_00000000010d9c10 .functor AND 5, L_00000000010d6b80, v000000000108d160_0, C4<11111>, C4<11111>;
L_00000000010d9b30 .functor OR 5, L_000000000102bb40, L_00000000010d9c10, C4<00000>, C4<00000>;
L_00000000010d9660 .functor AND 5, L_00000000010d7a80, v000000000108c080_0, C4<11111>, C4<11111>;
L_00000000010d9d60 .functor OR 5, L_00000000010d9b30, L_00000000010d9660, C4<00000>, C4<00000>;
L_00000000010d95f0 .functor AND 5, L_00000000010d71c0, v000000000108da20_0, C4<11111>, C4<11111>;
L_00000000010d9510 .functor OR 5, L_00000000010d9d60, L_00000000010d95f0, C4<00000>, C4<00000>;
L_00000000010d9430 .functor AND 5, L_00000000010d6cc0, v000000000108c8a0_0, C4<11111>, C4<11111>;
L_00000000010d9ba0 .functor OR 5, L_00000000010d9510, L_00000000010d9430, C4<00000>, C4<00000>;
L_00000000010d9a50 .functor AND 5, L_00000000010d7580, v000000000108d660_0, C4<11111>, C4<11111>;
L_00000000010d9c80 .functor OR 5, L_00000000010d9ba0, L_00000000010d9a50, C4<00000>, C4<00000>;
L_00000000010da0e0 .functor AND 5, L_000000000108c3a0, L_00000000010d9c80, C4<11111>, C4<11111>;
L_00000000010d96d0 .functor AND 5, L_00000000010d7e40, v000000000108d020_0, C4<11111>, C4<11111>;
L_00000000010d9dd0 .functor OR 5, L_00000000010da0e0, L_00000000010d96d0, C4<00000>, C4<00000>;
L_000000000108e390 .functor BUFT 1, C4<00001>, C4<0>, C4<0>, C4<0>;
L_00000000010d9cf0 .functor AND 5, L_000000000108e390, v000000000108d0c0_0, C4<11111>, C4<11111>;
v00000000010237a0_0 .net *"_s1", 0 0, L_000000000108c300;  1 drivers
v0000000001022d00_0 .net *"_s100", 4 0, L_000000000102b980;  1 drivers
v00000000010226c0_0 .net *"_s102", 4 0, L_000000000102bb40;  1 drivers
v0000000001022080_0 .net *"_s105", 0 0, L_00000000010d6540;  1 drivers
v0000000001022940_0 .net *"_s106", 4 0, L_00000000010d6b80;  1 drivers
L_000000000108e1e0 .functor BUFT 1, C4<0000>, C4<0>, C4<0>, C4<0>;
v0000000001021c20_0 .net *"_s109", 3 0, L_000000000108e1e0;  1 drivers
v0000000001022800_0 .net *"_s11", 0 0, L_000000000108d980;  1 drivers
v0000000001023980_0 .net *"_s110", 4 0, L_00000000010d9c10;  1 drivers
v0000000001022a80_0 .net *"_s112", 4 0, L_00000000010d9b30;  1 drivers
v0000000001022120_0 .net *"_s115", 0 0, L_00000000010d6c20;  1 drivers
v0000000001022f80_0 .net *"_s116", 4 0, L_00000000010d7a80;  1 drivers
L_000000000108e228 .functor BUFT 1, C4<0000>, C4<0>, C4<0>, C4<0>;
v0000000001023480_0 .net *"_s119", 3 0, L_000000000108e228;  1 drivers
v0000000001023a20_0 .net *"_s12", 0 0, L_000000000102c160;  1 drivers
v0000000001022300_0 .net *"_s120", 4 0, L_00000000010d9660;  1 drivers
v0000000001021cc0_0 .net *"_s122", 4 0, L_00000000010d9d60;  1 drivers
v0000000001021e00_0 .net *"_s125", 0 0, L_00000000010d6900;  1 drivers
v0000000001022260_0 .net *"_s126", 4 0, L_00000000010d71c0;  1 drivers
L_000000000108e270 .functor BUFT 1, C4<0000>, C4<0>, C4<0>, C4<0>;
v00000000010223a0_0 .net *"_s129", 3 0, L_000000000108e270;  1 drivers
v000000000108a7f0_0 .net *"_s130", 4 0, L_00000000010d95f0;  1 drivers
v000000000108b1f0_0 .net *"_s132", 4 0, L_00000000010d9510;  1 drivers
v000000000108a9d0_0 .net *"_s135", 0 0, L_00000000010d7300;  1 drivers
v0000000001089850_0 .net *"_s136", 4 0, L_00000000010d6cc0;  1 drivers
L_000000000108e2b8 .functor BUFT 1, C4<0000>, C4<0>, C4<0>, C4<0>;
v00000000010898f0_0 .net *"_s139", 3 0, L_000000000108e2b8;  1 drivers
v00000000010895d0_0 .net *"_s140", 4 0, L_00000000010d9430;  1 drivers
v000000000108a750_0 .net *"_s142", 4 0, L_00000000010d9ba0;  1 drivers
v0000000001089990_0 .net *"_s145", 0 0, L_00000000010d76c0;  1 drivers
v000000000108ad90_0 .net *"_s146", 4 0, L_00000000010d7580;  1 drivers
L_000000000108e300 .functor BUFT 1, C4<0000>, C4<0>, C4<0>, C4<0>;
v0000000001089a30_0 .net *"_s149", 3 0, L_000000000108e300;  1 drivers
v000000000108acf0_0 .net *"_s15", 0 0, L_000000000108d3e0;  1 drivers
v0000000001089670_0 .net *"_s150", 4 0, L_00000000010d9a50;  1 drivers
v000000000108a110_0 .net *"_s152", 4 0, L_00000000010d9c80;  1 drivers
v000000000108a430_0 .net *"_s154", 4 0, L_00000000010da0e0;  1 drivers
v0000000001089ad0_0 .net *"_s157", 0 0, L_00000000010d7b20;  1 drivers
v0000000001089c10_0 .net *"_s158", 4 0, L_00000000010d7e40;  1 drivers
v0000000001089710_0 .net *"_s16", 0 0, L_000000000102bd70;  1 drivers
L_000000000108e348 .functor BUFT 1, C4<0000>, C4<0>, C4<0>, C4<0>;
v000000000108a610_0 .net *"_s161", 3 0, L_000000000108e348;  1 drivers
v000000000108b0b0_0 .net *"_s162", 4 0, L_00000000010d96d0;  1 drivers
v000000000108a930_0 .net/2u *"_s166", 4 0, L_000000000108e390;  1 drivers
v000000000108a390_0 .net *"_s19", 0 0, L_000000000108c9e0;  1 drivers
v0000000001089df0_0 .net *"_s20", 0 0, L_000000000102bad0;  1 drivers
v000000000108a4d0_0 .net *"_s23", 0 0, L_000000000108d480;  1 drivers
v000000000108a2f0_0 .net *"_s24", 0 0, L_000000000102bf30;  1 drivers
v000000000108b290_0 .net *"_s27", 0 0, L_000000000108bc20;  1 drivers
v0000000001089b70_0 .net *"_s28", 0 0, L_000000000102bfa0;  1 drivers
v000000000108b150_0 .net *"_s3", 0 0, L_000000000108d200;  1 drivers
v0000000001089fd0_0 .net *"_s31", 0 0, L_000000000108d520;  1 drivers
v000000000108ab10_0 .net *"_s32", 0 0, L_000000000102c0f0;  1 drivers
v0000000001089cb0_0 .net *"_s35", 0 0, L_000000000108c940;  1 drivers
v000000000108ae30_0 .net *"_s36", 0 0, L_000000000102b910;  1 drivers
v000000000108aed0_0 .net *"_s39", 0 0, L_000000000108c620;  1 drivers
v00000000010893f0_0 .net *"_s4", 0 0, L_000000000102bd00;  1 drivers
v000000000108a890_0 .net *"_s42", 4 0, L_000000000108c3a0;  1 drivers
L_000000000108dfe8 .functor BUFT 1, C4<0000>, C4<0>, C4<0>, C4<0>;
v0000000001089d50_0 .net *"_s45", 3 0, L_000000000108dfe8;  1 drivers
v000000000108a1b0_0 .net *"_s47", 0 0, L_000000000108bd60;  1 drivers
v0000000001089e90_0 .net *"_s48", 4 0, L_000000000108d7a0;  1 drivers
L_000000000108e030 .functor BUFT 1, C4<0000>, C4<0>, C4<0>, C4<0>;
v000000000108b010_0 .net *"_s51", 3 0, L_000000000108e030;  1 drivers
v000000000108a570_0 .net *"_s52", 4 0, L_000000000102c240;  1 drivers
v0000000001089490_0 .net *"_s55", 0 0, L_000000000108c6c0;  1 drivers
v0000000001089530_0 .net *"_s56", 4 0, L_000000000108c440;  1 drivers
L_000000000108e078 .functor BUFT 1, C4<0000>, C4<0>, C4<0>, C4<0>;
v00000000010897b0_0 .net *"_s59", 3 0, L_000000000108e078;  1 drivers
v0000000001089f30_0 .net *"_s60", 4 0, L_000000000102bde0;  1 drivers
v000000000108ac50_0 .net *"_s62", 4 0, L_000000000102c6a0;  1 drivers
v000000000108a070_0 .net *"_s65", 0 0, L_000000000108be00;  1 drivers
v000000000108aa70_0 .net *"_s66", 4 0, L_000000000108bea0;  1 drivers
L_000000000108e0c0 .functor BUFT 1, C4<0000>, C4<0>, C4<0>, C4<0>;
v000000000108abb0_0 .net *"_s69", 3 0, L_000000000108e0c0;  1 drivers
v000000000108a250_0 .net *"_s7", 0 0, L_000000000108d340;  1 drivers
v000000000108a6b0_0 .net *"_s70", 4 0, L_000000000102c320;  1 drivers
v000000000108af70_0 .net *"_s72", 4 0, L_000000000102ba60;  1 drivers
v000000000108cee0_0 .net *"_s75", 0 0, L_000000000108bf40;  1 drivers
v000000000108cc60_0 .net *"_s76", 4 0, L_000000000108bfe0;  1 drivers
L_000000000108e108 .functor BUFT 1, C4<0000>, C4<0>, C4<0>, C4<0>;
v000000000108cd00_0 .net *"_s79", 3 0, L_000000000108e108;  1 drivers
v000000000108c1c0_0 .net *"_s8", 0 0, L_000000000102c010;  1 drivers
v000000000108d5c0_0 .net *"_s80", 4 0, L_000000000102c390;  1 drivers
v000000000108c260_0 .net *"_s82", 4 0, L_000000000102c400;  1 drivers
v000000000108c4e0_0 .net *"_s85", 0 0, L_00000000010d64a0;  1 drivers
v000000000108cb20_0 .net *"_s86", 4 0, L_00000000010d6d60;  1 drivers
L_000000000108e150 .functor BUFT 1, C4<0000>, C4<0>, C4<0>, C4<0>;
v000000000108d2a0_0 .net *"_s89", 3 0, L_000000000108e150;  1 drivers
v000000000108cf80_0 .net *"_s90", 4 0, L_000000000102c4e0;  1 drivers
v000000000108ca80_0 .net *"_s92", 4 0, L_000000000102c550;  1 drivers
v000000000108c580_0 .net *"_s95", 0 0, L_00000000010d7080;  1 drivers
v000000000108bcc0_0 .net *"_s96", 4 0, L_00000000010d79e0;  1 drivers
L_000000000108e198 .functor BUFT 1, C4<0000>, C4<0>, C4<0>, C4<0>;
v000000000108cda0_0 .net *"_s99", 3 0, L_000000000108e198;  1 drivers
o0000000001033208 .functor BUFZ 11, C4<zzzzzzzzzzz>; HiZ drive
v000000000108ce40_0 .net "a", 11 1, o0000000001033208;  0 drivers
v000000000108c760_0 .net "b", 5 1, L_00000000010d9dd0;  1 drivers
v000000000108d020_0 .var "n_0", 5 1;
v000000000108d840_0 .var "n_1", 5 1;
v000000000108c8a0_0 .var "n_10", 5 1;
v000000000108d660_0 .var "n_11", 5 1;
v000000000108d0c0_0 .var "n_2", 5 1;
v000000000108dac0_0 .var "n_3", 5 1;
v000000000108c800_0 .var "n_4", 5 1;
v000000000108d700_0 .var "n_5", 5 1;
v000000000108d8e0_0 .var "n_6", 5 1;
v000000000108d160_0 .var "n_7", 5 1;
v000000000108c080_0 .var "n_8", 5 1;
v000000000108da20_0 .var "n_9", 5 1;
v000000000108c120_0 .net "nonzero", 0 0, L_000000000102c1d0;  1 drivers
v000000000108cbc0_0 .net "test", 5 1, L_00000000010d9cf0;  1 drivers
L_000000000108c300 .part o0000000001033208, 0, 1;
L_000000000108d200 .part o0000000001033208, 1, 1;
L_000000000108d340 .part o0000000001033208, 2, 1;
L_000000000108d980 .part o0000000001033208, 3, 1;
L_000000000108d3e0 .part o0000000001033208, 4, 1;
L_000000000108c9e0 .part o0000000001033208, 5, 1;
L_000000000108d480 .part o0000000001033208, 6, 1;
L_000000000108bc20 .part o0000000001033208, 7, 1;
L_000000000108d520 .part o0000000001033208, 8, 1;
L_000000000108c940 .part o0000000001033208, 9, 1;
L_000000000108c620 .part o0000000001033208, 10, 1;
L_000000000108c3a0 .concat [ 1 4 0 0], L_000000000102c1d0, L_000000000108dfe8;
L_000000000108bd60 .part o0000000001033208, 0, 1;
L_000000000108d7a0 .concat [ 1 4 0 0], L_000000000108bd60, L_000000000108e030;
L_000000000108c6c0 .part o0000000001033208, 1, 1;
L_000000000108c440 .concat [ 1 4 0 0], L_000000000108c6c0, L_000000000108e078;
L_000000000108be00 .part o0000000001033208, 2, 1;
L_000000000108bea0 .concat [ 1 4 0 0], L_000000000108be00, L_000000000108e0c0;
L_000000000108bf40 .part o0000000001033208, 3, 1;
L_000000000108bfe0 .concat [ 1 4 0 0], L_000000000108bf40, L_000000000108e108;
L_00000000010d64a0 .part o0000000001033208, 4, 1;
L_00000000010d6d60 .concat [ 1 4 0 0], L_00000000010d64a0, L_000000000108e150;
L_00000000010d7080 .part o0000000001033208, 5, 1;
L_00000000010d79e0 .concat [ 1 4 0 0], L_00000000010d7080, L_000000000108e198;
L_00000000010d6540 .part o0000000001033208, 6, 1;
L_00000000010d6b80 .concat [ 1 4 0 0], L_00000000010d6540, L_000000000108e1e0;
L_00000000010d6c20 .part o0000000001033208, 7, 1;
L_00000000010d7a80 .concat [ 1 4 0 0], L_00000000010d6c20, L_000000000108e228;
L_00000000010d6900 .part o0000000001033208, 8, 1;
L_00000000010d71c0 .concat [ 1 4 0 0], L_00000000010d6900, L_000000000108e270;
L_00000000010d7300 .part o0000000001033208, 9, 1;
L_00000000010d6cc0 .concat [ 1 4 0 0], L_00000000010d7300, L_000000000108e2b8;
L_00000000010d76c0 .part o0000000001033208, 10, 1;
L_00000000010d7580 .concat [ 1 4 0 0], L_00000000010d76c0, L_000000000108e300;
L_00000000010d7b20 .reduce/nor L_000000000102c1d0;
L_00000000010d7e40 .concat [ 1 4 0 0], L_00000000010d7b20, L_000000000108e348;
    .scope S_0000000000026930;
T_0 ;
    %pushi/vec4 0, 0, 5;
    %store/vec4 v000000000108d020_0, 0, 5;
    %pushi/vec4 1, 0, 5;
    %store/vec4 v000000000108d840_0, 0, 5;
    %pushi/vec4 2, 0, 5;
    %store/vec4 v000000000108d0c0_0, 0, 5;
    %pushi/vec4 3, 0, 5;
    %store/vec4 v000000000108dac0_0, 0, 5;
    %pushi/vec4 4, 0, 5;
    %store/vec4 v000000000108c800_0, 0, 5;
    %pushi/vec4 5, 0, 5;
    %store/vec4 v000000000108d700_0, 0, 5;
    %pushi/vec4 6, 0, 5;
    %store/vec4 v000000000108d8e0_0, 0, 5;
    %pushi/vec4 7, 0, 5;
    %store/vec4 v000000000108d160_0, 0, 5;
    %pushi/vec4 8, 0, 5;
    %store/vec4 v000000000108c080_0, 0, 5;
    %pushi/vec4 9, 0, 5;
    %store/vec4 v000000000108da20_0, 0, 5;
    %pushi/vec4 10, 0, 5;
    %store/vec4 v000000000108c8a0_0, 0, 5;
    %pushi/vec4 11, 0, 5;
    %store/vec4 v000000000108d660_0, 0, 5;
    %end;
    .thread T_0;
    .scope S_0000000000026930;
T_1 ;
    %vpi_call 2 30 "$display", "HAHAH: %b (%d), %b", v000000000108cbc0_0, v000000000108cbc0_0, v000000000108d0c0_0 {0 0 0};
    %end;
    .thread T_1;
# The file index is used to find the file name in the following table.
:file_names 3;
    "N/A";
    "<interactive>";
    "Encoder11Bit_to_5Bit.v";
