#! /usr/local/iverilog/bin/vvp
:ivl_version "11.0 (devel)" "(s20150603-642-g3bdb50da)";
:ivl_delay_selection "TYPICAL";
:vpi_time_precision + 0;
:vpi_module "system";
:vpi_module "vhdl_sys";
:vpi_module "vhdl_textio";
:vpi_module "v2005_math";
:vpi_module "va_math";
S_00000000010296e0 .scope module, "ExpSubtractor" "ExpSubtractor" 2 4;
 .timescale 0 0;
    .port_info 0 /INPUT 5 "in_Exponent_1";
    .port_info 1 /INPUT 5 "in_Exponent_2";
    .port_info 2 /OUTPUT 5 "Exponent_Diff";
    .port_info 3 /OUTPUT 1 "smallerOperand";
L_00000000010d6cb0 .functor AND 1, L_00000000010d5ec0, L_00000000010d5f60, C4<1>, C4<1>;
L_00000000010d76c0 .functor AND 1, L_00000000011680e0, L_00000000010d6000, C4<1>, C4<1>;
L_00000000010d77a0 .functor OR 1, L_00000000010d6cb0, L_00000000010d76c0, C4<0>, C4<0>;
L_00000000010d7810 .functor AND 1, L_00000000010d6140, L_00000000010d4700, C4<1>, C4<1>;
L_00000000010d69a0 .functor AND 1, L_00000000011680e0, L_00000000010d2a40, C4<1>, C4<1>;
L_00000000010d6f50 .functor OR 1, L_00000000010d7810, L_00000000010d69a0, C4<0>, C4<0>;
L_00000000010d7880 .functor AND 1, L_00000000010d4de0, L_00000000010d2c20, C4<1>, C4<1>;
L_00000000010d6b60 .functor AND 1, L_00000000011680e0, L_00000000010d4c00, C4<1>, C4<1>;
L_00000000010d6bd0 .functor OR 1, L_00000000010d7880, L_00000000010d6b60, C4<0>, C4<0>;
L_00000000010d6c40 .functor AND 1, L_00000000010d4f20, L_00000000010d4840, C4<1>, C4<1>;
L_00000000010d6ee0 .functor AND 1, L_00000000011680e0, L_00000000010d3760, C4<1>, C4<1>;
L_00000000010d7030 .functor OR 1, L_00000000010d6c40, L_00000000010d6ee0, C4<0>, C4<0>;
L_00000000010d7110 .functor AND 1, L_00000000010d3300, L_00000000010d4ca0, C4<1>, C4<1>;
L_00000000010d9db0 .functor AND 1, L_00000000011680e0, L_00000000010d2f40, C4<1>, C4<1>;
L_00000000010d9f00 .functor OR 1, L_00000000010d7110, L_00000000010d9db0, C4<0>, C4<0>;
v00000000010c6b40_0 .net "Exponent_Diff", 5 1, L_00000000010d43e0;  1 drivers
v00000000010c61e0_0 .net *"_s101", 0 0, L_00000000010d2f40;  1 drivers
v00000000010c7180_0 .net *"_s102", 0 0, L_00000000010d9db0;  1 drivers
v00000000010c6c80_0 .net *"_s104", 0 0, L_00000000010d9f00;  1 drivers
v00000000010c7540_0 .net *"_s13", 0 0, L_00000000010d5740;  1 drivers
v00000000010c68c0_0 .net *"_s15", 0 0, L_00000000010d59c0;  1 drivers
v00000000010c65a0_0 .net *"_s19", 0 0, L_00000000010d65a0;  1 drivers
v00000000010c6dc0_0 .net *"_s21", 0 0, L_00000000010d5a60;  1 drivers
v00000000010c6280_0 .net *"_s25", 0 0, L_00000000010d60a0;  1 drivers
v00000000010c59c0_0 .net *"_s27", 0 0, L_00000000010d5d80;  1 drivers
v00000000010c5a60_0 .net *"_s32", 0 0, L_00000000010d6640;  1 drivers
v00000000010c5ba0_0 .net *"_s34", 0 0, L_00000000010d5e20;  1 drivers
v00000000010c5ec0_0 .net *"_s38", 0 0, L_00000000010d5ec0;  1 drivers
v00000000010c75e0_0 .net *"_s40", 0 0, L_00000000010d5f60;  1 drivers
v00000000010c6be0_0 .net *"_s41", 0 0, L_00000000010d6cb0;  1 drivers
v00000000010c5d80_0 .net *"_s44", 0 0, L_00000000010d6000;  1 drivers
v00000000010c57e0_0 .net *"_s45", 0 0, L_00000000010d76c0;  1 drivers
v00000000010c6f00_0 .net *"_s47", 0 0, L_00000000010d77a0;  1 drivers
v00000000010c63c0_0 .net *"_s52", 0 0, L_00000000010d6140;  1 drivers
v00000000010c6960_0 .net *"_s54", 0 0, L_00000000010d4700;  1 drivers
v00000000010c70e0_0 .net *"_s55", 0 0, L_00000000010d7810;  1 drivers
v00000000010c6e60_0 .net *"_s58", 0 0, L_00000000010d2a40;  1 drivers
v00000000010c6a00_0 .net *"_s59", 0 0, L_00000000010d69a0;  1 drivers
v00000000010c5c40_0 .net *"_s61", 0 0, L_00000000010d6f50;  1 drivers
v00000000010c6aa0_0 .net *"_s66", 0 0, L_00000000010d4de0;  1 drivers
v00000000010c5f60_0 .net *"_s68", 0 0, L_00000000010d2c20;  1 drivers
v00000000010c6140_0 .net *"_s69", 0 0, L_00000000010d7880;  1 drivers
v00000000010c6320_0 .net *"_s7", 0 0, L_00000000010d51a0;  1 drivers
v00000000010c6500_0 .net *"_s72", 0 0, L_00000000010d4c00;  1 drivers
v00000000010c6fa0_0 .net *"_s73", 0 0, L_00000000010d6b60;  1 drivers
v00000000010c7220_0 .net *"_s75", 0 0, L_00000000010d6bd0;  1 drivers
v00000000010c7400_0 .net *"_s80", 0 0, L_00000000010d4f20;  1 drivers
v00000000010c74a0_0 .net *"_s82", 0 0, L_00000000010d4840;  1 drivers
v00000000010c7040_0 .net *"_s83", 0 0, L_00000000010d6c40;  1 drivers
v00000000010c72c0_0 .net *"_s86", 0 0, L_00000000010d3760;  1 drivers
v00000000010c7360_0 .net *"_s87", 0 0, L_00000000010d6ee0;  1 drivers
v00000000010c5880_0 .net *"_s89", 0 0, L_00000000010d7030;  1 drivers
v00000000010c5920_0 .net *"_s9", 0 0, L_00000000010d56a0;  1 drivers
v00000000010d0e10_0 .net *"_s95", 0 0, L_00000000010d3300;  1 drivers
v00000000010cfb50_0 .net *"_s97", 0 0, L_00000000010d4ca0;  1 drivers
v00000000010cfbf0_0 .net *"_s98", 0 0, L_00000000010d7110;  1 drivers
v00000000010d0ff0_0 .net "c", 0 0, L_00000000010d7730;  1 drivers
v00000000010d0eb0_0 .net "carry", 0 0, L_00000000011680e0;  1 drivers
v00000000010cfc90_0 .net "diff", 5 1, L_00000000010d6320;  1 drivers
o0000000001069008 .functor BUFZ 5, C4<zzzzz>; HiZ drive
v00000000010d1270_0 .net "in_Exponent_1", 5 1, o0000000001069008;  0 drivers
o000000000106b048 .functor BUFZ 5, C4<zzzzz>; HiZ drive
v00000000010cf970_0 .net "in_Exponent_2", 5 1, o000000000106b048;  0 drivers
v00000000010d0690_0 .net "onescomp", 5 1, L_00000000010d6820;  1 drivers
v00000000010d0910_0 .net "reverse2scomp", 5 1, L_00000000010d5ba0;  1 drivers
v00000000010d0d70_0 .net "smallerOperand", 0 0, L_00000000010d66e0;  1 drivers
v00000000010d1630_0 .net "tscomp", 5 1, L_00000000010d14f0;  1 drivers
L_00000000010d66e0 .reduce/nor L_00000000011680e0;
L_00000000010d51a0 .part L_00000000010d6820, 0, 1;
L_00000000010d56a0 .reduce/nor L_00000000010d51a0;
L_00000000010d5740 .part L_00000000010d6820, 1, 1;
L_00000000010d59c0 .reduce/nor L_00000000010d5740;
L_00000000010d65a0 .part L_00000000010d6820, 2, 1;
L_00000000010d5a60 .reduce/nor L_00000000010d65a0;
L_00000000010d60a0 .part L_00000000010d6820, 3, 1;
L_00000000010d5d80 .reduce/nor L_00000000010d60a0;
LS_00000000010d5ba0_0_0 .concat8 [ 1 1 1 1], L_00000000010d56a0, L_00000000010d59c0, L_00000000010d5a60, L_00000000010d5d80;
LS_00000000010d5ba0_0_4 .concat8 [ 1 0 0 0], L_00000000010d5e20;
L_00000000010d5ba0 .concat8 [ 4 1 0 0], LS_00000000010d5ba0_0_0, LS_00000000010d5ba0_0_4;
L_00000000010d6640 .part L_00000000010d6820, 4, 1;
L_00000000010d5e20 .reduce/nor L_00000000010d6640;
L_00000000010d5ec0 .reduce/nor L_00000000011680e0;
L_00000000010d5f60 .part L_00000000010d5ba0, 0, 1;
L_00000000010d6000 .part L_00000000010d6320, 0, 1;
L_00000000010d6140 .reduce/nor L_00000000011680e0;
L_00000000010d4700 .part L_00000000010d5ba0, 1, 1;
L_00000000010d2a40 .part L_00000000010d6320, 1, 1;
L_00000000010d4de0 .reduce/nor L_00000000011680e0;
L_00000000010d2c20 .part L_00000000010d5ba0, 2, 1;
L_00000000010d4c00 .part L_00000000010d6320, 2, 1;
L_00000000010d4f20 .reduce/nor L_00000000011680e0;
L_00000000010d4840 .part L_00000000010d5ba0, 3, 1;
L_00000000010d3760 .part L_00000000010d6320, 3, 1;
LS_00000000010d43e0_0_0 .concat8 [ 1 1 1 1], L_00000000010d77a0, L_00000000010d6f50, L_00000000010d6bd0, L_00000000010d7030;
LS_00000000010d43e0_0_4 .concat8 [ 1 0 0 0], L_00000000010d9f00;
L_00000000010d43e0 .concat8 [ 4 1 0 0], LS_00000000010d43e0_0_0, LS_00000000010d43e0_0_4;
L_00000000010d3300 .reduce/nor L_00000000011680e0;
L_00000000010d4ca0 .part L_00000000010d5ba0, 4, 1;
L_00000000010d2f40 .part L_00000000010d6320, 4, 1;
S_000000000111e590 .scope module, "addr" "Bit5Adder" 2 17, 3 3 0, S_00000000010296e0;
 .timescale 0 0;
    .port_info 0 /INPUT 5 "a";
    .port_info 1 /INPUT 5 "b";
    .port_info 2 /OUTPUT 5 "sum";
    .port_info 3 /OUTPUT 1 "carry";
v00000000010bb780_0 .net "a", 5 1, o0000000001069008;  alias, 0 drivers
v00000000010bba00_0 .net "b", 5 1, L_00000000010d14f0;  alias, 1 drivers
v00000000010bc040_0 .net "carry", 0 0, L_00000000011680e0;  alias, 1 drivers
v00000000010bc220_0 .net "sum", 5 1, L_00000000010d6320;  alias, 1 drivers
v00000000010ba6a0_0 .net "w", 4 1, L_00000000010d5c40;  1 drivers
L_00000000010d0370 .part o0000000001069008, 0, 1;
L_00000000010d1770 .part L_00000000010d14f0, 0, 1;
L_00000000010d1590 .part o0000000001069008, 1, 1;
L_00000000010d04b0 .part L_00000000010d14f0, 1, 1;
L_00000000010d0550 .part L_00000000010d5c40, 0, 1;
L_00000000010d1810 .part o0000000001069008, 2, 1;
L_00000000010d0870 .part L_00000000010d14f0, 0, 1;
L_00000000010d09b0 .part L_00000000010d5c40, 1, 1;
L_00000000010d0af0 .part o0000000001069008, 3, 1;
L_00000000010cfa10 .part L_00000000010d14f0, 0, 1;
L_00000000010cfab0 .part L_00000000010d5c40, 2, 1;
L_00000000010d5c40 .concat8 [ 1 1 1 1], L_0000000001168230, L_00000000011681c0, L_0000000001168af0, L_0000000001168310;
L_00000000010d52e0 .part o0000000001069008, 4, 1;
L_00000000010d6280 .part L_00000000010d14f0, 0, 1;
L_00000000010d5380 .part L_00000000010d5c40, 3, 1;
LS_00000000010d6320_0_0 .concat8 [ 1 1 1 1], L_0000000001068040, L_0000000001168e00, L_00000000011688c0, L_0000000001168380;
LS_00000000010d6320_0_4 .concat8 [ 1 0 0 0], L_0000000001168a10;
L_00000000010d6320 .concat8 [ 4 1 0 0], LS_00000000010d6320_0_0, LS_00000000010d6320_0_4;
S_000000000111e720 .scope module, "fa_1" "FullAdder" 3 13, 4 1 0, S_000000000111e590;
 .timescale 0 0;
    .port_info 0 /INPUT 1 "a";
    .port_info 1 /INPUT 1 "b";
    .port_info 2 /INPUT 1 "cin";
    .port_info 3 /OUTPUT 1 "sum";
    .port_info 4 /OUTPUT 1 "cout";
L_0000000001067e80 .functor XOR 1, L_00000000010d0370, L_00000000010d1770, C4<0>, C4<0>;
L_0000000001120118 .functor BUFT 1, C4<0>, C4<0>, C4<0>, C4<0>;
L_0000000001068040 .functor XOR 1, L_0000000001067e80, L_0000000001120118, C4<0>, C4<0>;
L_0000000001067320 .functor XOR 1, L_00000000010d0370, L_00000000010d1770, C4<0>, C4<0>;
L_0000000001067a90 .functor AND 1, L_0000000001067320, L_0000000001120118, C4<1>, C4<1>;
L_0000000001168e70 .functor AND 1, L_00000000010d0370, L_00000000010d1770, C4<1>, C4<1>;
L_0000000001168230 .functor OR 1, L_0000000001067a90, L_0000000001168e70, C4<0>, C4<0>;
v0000000001058490_0 .net *"_s0", 0 0, L_0000000001067e80;  1 drivers
v0000000001057d10_0 .net *"_s4", 0 0, L_0000000001067320;  1 drivers
v00000000010bc0e0_0 .net *"_s6", 0 0, L_0000000001067a90;  1 drivers
v00000000010ba920_0 .net *"_s8", 0 0, L_0000000001168e70;  1 drivers
v00000000010bb0a0_0 .net "a", 0 0, L_00000000010d0370;  1 drivers
v00000000010bc180_0 .net "b", 0 0, L_00000000010d1770;  1 drivers
v00000000010bb460_0 .net "cin", 0 0, L_0000000001120118;  1 drivers
v00000000010bad80_0 .net "cout", 0 0, L_0000000001168230;  1 drivers
v00000000010ba9c0_0 .net "sum", 0 0, L_0000000001068040;  1 drivers
S_0000000001116a10 .scope module, "fa_2" "FullAdder" 3 14, 4 1 0, S_000000000111e590;
 .timescale 0 0;
    .port_info 0 /INPUT 1 "a";
    .port_info 1 /INPUT 1 "b";
    .port_info 2 /INPUT 1 "cin";
    .port_info 3 /OUTPUT 1 "sum";
    .port_info 4 /OUTPUT 1 "cout";
L_0000000001168f50 .functor XOR 1, L_00000000010d1590, L_00000000010d04b0, C4<0>, C4<0>;
L_0000000001168e00 .functor XOR 1, L_0000000001168f50, L_00000000010d0550, C4<0>, C4<0>;
L_0000000001168d20 .functor XOR 1, L_00000000010d1590, L_00000000010d04b0, C4<0>, C4<0>;
L_0000000001168700 .functor AND 1, L_0000000001168d20, L_00000000010d0550, C4<1>, C4<1>;
L_0000000001168a80 .functor AND 1, L_00000000010d1590, L_00000000010d04b0, C4<1>, C4<1>;
L_00000000011681c0 .functor OR 1, L_0000000001168700, L_0000000001168a80, C4<0>, C4<0>;
v00000000010baba0_0 .net *"_s0", 0 0, L_0000000001168f50;  1 drivers
v00000000010bb500_0 .net *"_s4", 0 0, L_0000000001168d20;  1 drivers
v00000000010ba420_0 .net *"_s6", 0 0, L_0000000001168700;  1 drivers
v00000000010baa60_0 .net *"_s8", 0 0, L_0000000001168a80;  1 drivers
v00000000010bc2c0_0 .net "a", 0 0, L_00000000010d1590;  1 drivers
v00000000010bb3c0_0 .net "b", 0 0, L_00000000010d04b0;  1 drivers
v00000000010bb8c0_0 .net "cin", 0 0, L_00000000010d0550;  1 drivers
v00000000010bbaa0_0 .net "cout", 0 0, L_00000000011681c0;  1 drivers
v00000000010bab00_0 .net "sum", 0 0, L_0000000001168e00;  1 drivers
S_0000000001116ba0 .scope module, "fa_3" "FullAdder" 3 15, 4 1 0, S_000000000111e590;
 .timescale 0 0;
    .port_info 0 /INPUT 1 "a";
    .port_info 1 /INPUT 1 "b";
    .port_info 2 /INPUT 1 "cin";
    .port_info 3 /OUTPUT 1 "sum";
    .port_info 4 /OUTPUT 1 "cout";
L_00000000011689a0 .functor XOR 1, L_00000000010d1810, L_00000000010d0870, C4<0>, C4<0>;
L_00000000011688c0 .functor XOR 1, L_00000000011689a0, L_00000000010d09b0, C4<0>, C4<0>;
L_00000000011683f0 .functor XOR 1, L_00000000010d1810, L_00000000010d0870, C4<0>, C4<0>;
L_00000000011682a0 .functor AND 1, L_00000000011683f0, L_00000000010d09b0, C4<1>, C4<1>;
L_0000000001168930 .functor AND 1, L_00000000010d1810, L_00000000010d0870, C4<1>, C4<1>;
L_0000000001168af0 .functor OR 1, L_00000000011682a0, L_0000000001168930, C4<0>, C4<0>;
v00000000010bac40_0 .net *"_s0", 0 0, L_00000000011689a0;  1 drivers
v00000000010bb640_0 .net *"_s4", 0 0, L_00000000011683f0;  1 drivers
v00000000010bbe60_0 .net *"_s6", 0 0, L_00000000011682a0;  1 drivers
v00000000010bb140_0 .net *"_s8", 0 0, L_0000000001168930;  1 drivers
v00000000010ba4c0_0 .net "a", 0 0, L_00000000010d1810;  1 drivers
v00000000010bb820_0 .net "b", 0 0, L_00000000010d0870;  1 drivers
v00000000010bbfa0_0 .net "cin", 0 0, L_00000000010d09b0;  1 drivers
v00000000010bbb40_0 .net "cout", 0 0, L_0000000001168af0;  1 drivers
v00000000010baf60_0 .net "sum", 0 0, L_00000000011688c0;  1 drivers
S_00000000010bc3e0 .scope module, "fa_4" "FullAdder" 3 16, 4 1 0, S_000000000111e590;
 .timescale 0 0;
    .port_info 0 /INPUT 1 "a";
    .port_info 1 /INPUT 1 "b";
    .port_info 2 /INPUT 1 "cin";
    .port_info 3 /OUTPUT 1 "sum";
    .port_info 4 /OUTPUT 1 "cout";
L_0000000001168ee0 .functor XOR 1, L_00000000010d0af0, L_00000000010cfa10, C4<0>, C4<0>;
L_0000000001168380 .functor XOR 1, L_0000000001168ee0, L_00000000010cfab0, C4<0>, C4<0>;
L_0000000001168bd0 .functor XOR 1, L_00000000010d0af0, L_00000000010cfa10, C4<0>, C4<0>;
L_0000000001168b60 .functor AND 1, L_0000000001168bd0, L_00000000010cfab0, C4<1>, C4<1>;
L_0000000001168690 .functor AND 1, L_00000000010d0af0, L_00000000010cfa10, C4<1>, C4<1>;
L_0000000001168310 .functor OR 1, L_0000000001168b60, L_0000000001168690, C4<0>, C4<0>;
v00000000010bbbe0_0 .net *"_s0", 0 0, L_0000000001168ee0;  1 drivers
v00000000010bb960_0 .net *"_s4", 0 0, L_0000000001168bd0;  1 drivers
v00000000010bbdc0_0 .net *"_s6", 0 0, L_0000000001168b60;  1 drivers
v00000000010bace0_0 .net *"_s8", 0 0, L_0000000001168690;  1 drivers
v00000000010bae20_0 .net "a", 0 0, L_00000000010d0af0;  1 drivers
v00000000010baec0_0 .net "b", 0 0, L_00000000010cfa10;  1 drivers
v00000000010bb000_0 .net "cin", 0 0, L_00000000010cfab0;  1 drivers
v00000000010bb6e0_0 .net "cout", 0 0, L_0000000001168310;  1 drivers
v00000000010bb1e0_0 .net "sum", 0 0, L_0000000001168380;  1 drivers
S_00000000010bc570 .scope module, "fa_5" "FullAdder" 3 17, 4 1 0, S_000000000111e590;
 .timescale 0 0;
    .port_info 0 /INPUT 1 "a";
    .port_info 1 /INPUT 1 "b";
    .port_info 2 /INPUT 1 "cin";
    .port_info 3 /OUTPUT 1 "sum";
    .port_info 4 /OUTPUT 1 "cout";
L_00000000011687e0 .functor XOR 1, L_00000000010d52e0, L_00000000010d6280, C4<0>, C4<0>;
L_0000000001168a10 .functor XOR 1, L_00000000011687e0, L_00000000010d5380, C4<0>, C4<0>;
L_0000000001168cb0 .functor XOR 1, L_00000000010d52e0, L_00000000010d6280, C4<0>, C4<0>;
L_0000000001168fc0 .functor AND 1, L_0000000001168cb0, L_00000000010d5380, C4<1>, C4<1>;
L_0000000001168150 .functor AND 1, L_00000000010d52e0, L_00000000010d6280, C4<1>, C4<1>;
L_00000000011680e0 .functor OR 1, L_0000000001168fc0, L_0000000001168150, C4<0>, C4<0>;
v00000000010bb320_0 .net *"_s0", 0 0, L_00000000011687e0;  1 drivers
v00000000010bb280_0 .net *"_s4", 0 0, L_0000000001168cb0;  1 drivers
v00000000010ba880_0 .net *"_s6", 0 0, L_0000000001168fc0;  1 drivers
v00000000010bbc80_0 .net *"_s8", 0 0, L_0000000001168150;  1 drivers
v00000000010bbd20_0 .net "a", 0 0, L_00000000010d52e0;  1 drivers
v00000000010ba560_0 .net "b", 0 0, L_00000000010d6280;  1 drivers
v00000000010bbf00_0 .net "cin", 0 0, L_00000000010d5380;  1 drivers
v00000000010ba600_0 .net "cout", 0 0, L_00000000011680e0;  alias, 1 drivers
v00000000010bb5a0_0 .net "sum", 0 0, L_0000000001168a10;  1 drivers
S_00000000010bc700 .scope module, "addr_to1s" "Bit5Adder" 2 27, 3 3 0, S_00000000010296e0;
 .timescale 0 0;
    .port_info 0 /INPUT 5 "a";
    .port_info 1 /INPUT 5 "b";
    .port_info 2 /OUTPUT 5 "sum";
    .port_info 3 /OUTPUT 1 "carry";
v00000000010bcb10_0 .net "a", 5 1, L_00000000010d6320;  alias, 1 drivers
L_00000000011201a8 .functor BUFT 1, C4<11111>, C4<0>, C4<0>, C4<0>;
v00000000010be230_0 .net "b", 5 1, L_00000000011201a8;  1 drivers
v00000000010bd650_0 .net "carry", 0 0, L_00000000010d7730;  alias, 1 drivers
v00000000010bd970_0 .net "sum", 5 1, L_00000000010d6820;  alias, 1 drivers
v00000000010be410_0 .net "w", 4 1, L_00000000010d5920;  1 drivers
L_00000000010d5240 .part L_00000000010d6320, 0, 1;
L_00000000010d5420 .part L_00000000011201a8, 0, 1;
L_00000000010d54c0 .part L_00000000010d6320, 1, 1;
L_00000000010d5560 .part L_00000000011201a8, 1, 1;
L_00000000010d5880 .part L_00000000010d5920, 0, 1;
L_00000000010d5600 .part L_00000000010d6320, 2, 1;
L_00000000010d5b00 .part L_00000000011201a8, 0, 1;
L_00000000010d6780 .part L_00000000010d5920, 1, 1;
L_00000000010d5ce0 .part L_00000000010d6320, 3, 1;
L_00000000010d57e0 .part L_00000000011201a8, 0, 1;
L_00000000010d63c0 .part L_00000000010d5920, 2, 1;
L_00000000010d5920 .concat8 [ 1 1 1 1], L_0000000001168540, L_00000000010d7420, L_00000000010d71f0, L_00000000010d6e70;
L_00000000010d6460 .part L_00000000010d6320, 4, 1;
L_00000000010d6500 .part L_00000000011201a8, 0, 1;
L_00000000010d61e0 .part L_00000000010d5920, 3, 1;
LS_00000000010d6820_0_0 .concat8 [ 1 1 1 1], L_0000000001168850, L_0000000001168620, L_00000000010d7180, L_00000000010d6d20;
LS_00000000010d6820_0_4 .concat8 [ 1 0 0 0], L_00000000010d7260;
L_00000000010d6820 .concat8 [ 4 1 0 0], LS_00000000010d6820_0_0, LS_00000000010d6820_0_4;
S_00000000010bc890 .scope module, "fa_1" "FullAdder" 3 13, 4 1 0, S_00000000010bc700;
 .timescale 0 0;
    .port_info 0 /INPUT 1 "a";
    .port_info 1 /INPUT 1 "b";
    .port_info 2 /INPUT 1 "cin";
    .port_info 3 /OUTPUT 1 "sum";
    .port_info 4 /OUTPUT 1 "cout";
L_00000000011684d0 .functor XOR 1, L_00000000010d5240, L_00000000010d5420, C4<0>, C4<0>;
L_0000000001120160 .functor BUFT 1, C4<0>, C4<0>, C4<0>, C4<0>;
L_0000000001168850 .functor XOR 1, L_00000000011684d0, L_0000000001120160, C4<0>, C4<0>;
L_0000000001168460 .functor XOR 1, L_00000000010d5240, L_00000000010d5420, C4<0>, C4<0>;
L_0000000001168c40 .functor AND 1, L_0000000001168460, L_0000000001120160, C4<1>, C4<1>;
L_0000000001168d90 .functor AND 1, L_00000000010d5240, L_00000000010d5420, C4<1>, C4<1>;
L_0000000001168540 .functor OR 1, L_0000000001168c40, L_0000000001168d90, C4<0>, C4<0>;
v00000000010ba740_0 .net *"_s0", 0 0, L_00000000011684d0;  1 drivers
v00000000010ba7e0_0 .net *"_s4", 0 0, L_0000000001168460;  1 drivers
v00000000010be5f0_0 .net *"_s6", 0 0, L_0000000001168c40;  1 drivers
v00000000010be0f0_0 .net *"_s8", 0 0, L_0000000001168d90;  1 drivers
v00000000010bccf0_0 .net "a", 0 0, L_00000000010d5240;  1 drivers
v00000000010be190_0 .net "b", 0 0, L_00000000010d5420;  1 drivers
v00000000010bced0_0 .net "cin", 0 0, L_0000000001120160;  1 drivers
v00000000010bd0b0_0 .net "cout", 0 0, L_0000000001168540;  1 drivers
v00000000010be550_0 .net "sum", 0 0, L_0000000001168850;  1 drivers
S_00000000010bea30 .scope module, "fa_2" "FullAdder" 3 14, 4 1 0, S_00000000010bc700;
 .timescale 0 0;
    .port_info 0 /INPUT 1 "a";
    .port_info 1 /INPUT 1 "b";
    .port_info 2 /INPUT 1 "cin";
    .port_info 3 /OUTPUT 1 "sum";
    .port_info 4 /OUTPUT 1 "cout";
L_00000000011685b0 .functor XOR 1, L_00000000010d54c0, L_00000000010d5560, C4<0>, C4<0>;
L_0000000001168620 .functor XOR 1, L_00000000011685b0, L_00000000010d5880, C4<0>, C4<0>;
L_0000000001168770 .functor XOR 1, L_00000000010d54c0, L_00000000010d5560, C4<0>, C4<0>;
L_00000000010d7340 .functor AND 1, L_0000000001168770, L_00000000010d5880, C4<1>, C4<1>;
L_00000000010d6d90 .functor AND 1, L_00000000010d54c0, L_00000000010d5560, C4<1>, C4<1>;
L_00000000010d7420 .functor OR 1, L_00000000010d7340, L_00000000010d6d90, C4<0>, C4<0>;
v00000000010bd3d0_0 .net *"_s0", 0 0, L_00000000011685b0;  1 drivers
v00000000010be370_0 .net *"_s4", 0 0, L_0000000001168770;  1 drivers
v00000000010bdc90_0 .net *"_s6", 0 0, L_00000000010d7340;  1 drivers
v00000000010bd290_0 .net *"_s8", 0 0, L_00000000010d6d90;  1 drivers
v00000000010be730_0 .net "a", 0 0, L_00000000010d54c0;  1 drivers
v00000000010be690_0 .net "b", 0 0, L_00000000010d5560;  1 drivers
v00000000010bcc50_0 .net "cin", 0 0, L_00000000010d5880;  1 drivers
v00000000010bdb50_0 .net "cout", 0 0, L_00000000010d7420;  1 drivers
v00000000010bcd90_0 .net "sum", 0 0, L_0000000001168620;  1 drivers
S_00000000010bebc0 .scope module, "fa_3" "FullAdder" 3 15, 4 1 0, S_00000000010bc700;
 .timescale 0 0;
    .port_info 0 /INPUT 1 "a";
    .port_info 1 /INPUT 1 "b";
    .port_info 2 /INPUT 1 "cin";
    .port_info 3 /OUTPUT 1 "sum";
    .port_info 4 /OUTPUT 1 "cout";
L_00000000010d6a80 .functor XOR 1, L_00000000010d5600, L_00000000010d5b00, C4<0>, C4<0>;
L_00000000010d7180 .functor XOR 1, L_00000000010d6a80, L_00000000010d6780, C4<0>, C4<0>;
L_00000000010d6af0 .functor XOR 1, L_00000000010d5600, L_00000000010d5b00, C4<0>, C4<0>;
L_00000000010d6fc0 .functor AND 1, L_00000000010d6af0, L_00000000010d6780, C4<1>, C4<1>;
L_00000000010d73b0 .functor AND 1, L_00000000010d5600, L_00000000010d5b00, C4<1>, C4<1>;
L_00000000010d71f0 .functor OR 1, L_00000000010d6fc0, L_00000000010d73b0, C4<0>, C4<0>;
v00000000010bce30_0 .net *"_s0", 0 0, L_00000000010d6a80;  1 drivers
v00000000010bda10_0 .net *"_s4", 0 0, L_00000000010d6af0;  1 drivers
v00000000010bdab0_0 .net *"_s6", 0 0, L_00000000010d6fc0;  1 drivers
v00000000010bdbf0_0 .net *"_s8", 0 0, L_00000000010d73b0;  1 drivers
v00000000010bca70_0 .net "a", 0 0, L_00000000010d5600;  1 drivers
v00000000010bdd30_0 .net "b", 0 0, L_00000000010d5b00;  1 drivers
v00000000010bd790_0 .net "cin", 0 0, L_00000000010d6780;  1 drivers
v00000000010bd8d0_0 .net "cout", 0 0, L_00000000010d71f0;  1 drivers
v00000000010bddd0_0 .net "sum", 0 0, L_00000000010d7180;  1 drivers
S_00000000010bed50 .scope module, "fa_4" "FullAdder" 3 16, 4 1 0, S_00000000010bc700;
 .timescale 0 0;
    .port_info 0 /INPUT 1 "a";
    .port_info 1 /INPUT 1 "b";
    .port_info 2 /INPUT 1 "cin";
    .port_info 3 /OUTPUT 1 "sum";
    .port_info 4 /OUTPUT 1 "cout";
L_00000000010d7500 .functor XOR 1, L_00000000010d5ce0, L_00000000010d57e0, C4<0>, C4<0>;
L_00000000010d6d20 .functor XOR 1, L_00000000010d7500, L_00000000010d63c0, C4<0>, C4<0>;
L_00000000010d72d0 .functor XOR 1, L_00000000010d5ce0, L_00000000010d57e0, C4<0>, C4<0>;
L_00000000010d6e00 .functor AND 1, L_00000000010d72d0, L_00000000010d63c0, C4<1>, C4<1>;
L_00000000010d7490 .functor AND 1, L_00000000010d5ce0, L_00000000010d57e0, C4<1>, C4<1>;
L_00000000010d6e70 .functor OR 1, L_00000000010d6e00, L_00000000010d7490, C4<0>, C4<0>;
v00000000010bd010_0 .net *"_s0", 0 0, L_00000000010d7500;  1 drivers
v00000000010bcf70_0 .net *"_s4", 0 0, L_00000000010d72d0;  1 drivers
v00000000010bde70_0 .net *"_s6", 0 0, L_00000000010d6e00;  1 drivers
v00000000010bd150_0 .net *"_s8", 0 0, L_00000000010d7490;  1 drivers
v00000000010bd330_0 .net "a", 0 0, L_00000000010d5ce0;  1 drivers
v00000000010bdf10_0 .net "b", 0 0, L_00000000010d57e0;  1 drivers
v00000000010bd510_0 .net "cin", 0 0, L_00000000010d63c0;  1 drivers
v00000000010be7d0_0 .net "cout", 0 0, L_00000000010d6e70;  1 drivers
v00000000010be870_0 .net "sum", 0 0, L_00000000010d6d20;  1 drivers
S_00000000010beee0 .scope module, "fa_5" "FullAdder" 3 17, 4 1 0, S_00000000010bc700;
 .timescale 0 0;
    .port_info 0 /INPUT 1 "a";
    .port_info 1 /INPUT 1 "b";
    .port_info 2 /INPUT 1 "cin";
    .port_info 3 /OUTPUT 1 "sum";
    .port_info 4 /OUTPUT 1 "cout";
L_00000000010d7570 .functor XOR 1, L_00000000010d6460, L_00000000010d6500, C4<0>, C4<0>;
L_00000000010d7260 .functor XOR 1, L_00000000010d7570, L_00000000010d61e0, C4<0>, C4<0>;
L_00000000010d75e0 .functor XOR 1, L_00000000010d6460, L_00000000010d6500, C4<0>, C4<0>;
L_00000000010d7650 .functor AND 1, L_00000000010d75e0, L_00000000010d61e0, C4<1>, C4<1>;
L_00000000010d6a10 .functor AND 1, L_00000000010d6460, L_00000000010d6500, C4<1>, C4<1>;
L_00000000010d7730 .functor OR 1, L_00000000010d7650, L_00000000010d6a10, C4<0>, C4<0>;
v00000000010bd830_0 .net *"_s0", 0 0, L_00000000010d7570;  1 drivers
v00000000010bcbb0_0 .net *"_s4", 0 0, L_00000000010d75e0;  1 drivers
v00000000010bd470_0 .net *"_s6", 0 0, L_00000000010d7650;  1 drivers
v00000000010bd6f0_0 .net *"_s8", 0 0, L_00000000010d6a10;  1 drivers
v00000000010bd1f0_0 .net "a", 0 0, L_00000000010d6460;  1 drivers
v00000000010bd5b0_0 .net "b", 0 0, L_00000000010d6500;  1 drivers
v00000000010be910_0 .net "cin", 0 0, L_00000000010d61e0;  1 drivers
v00000000010bdfb0_0 .net "cout", 0 0, L_00000000010d7730;  alias, 1 drivers
v00000000010be050_0 .net "sum", 0 0, L_00000000010d7260;  1 drivers
S_00000000010c2090 .scope module, "comp2s" "Complement2s_5Bit" 2 16, 5 3 0, S_00000000010296e0;
 .timescale 0 0;
    .port_info 0 /INPUT 5 "a";
    .port_info 1 /OUTPUT 5 "b";
v00000000010c2b30_0 .net *"_s11", 0 0, L_00000000010d0410;  1 drivers
v00000000010c2bd0_0 .net *"_s15", 0 0, L_00000000010d05f0;  1 drivers
v00000000010c5b00_0 .net *"_s17", 0 0, L_00000000010d16d0;  1 drivers
v00000000010c6640_0 .net *"_s21", 0 0, L_00000000010d1450;  1 drivers
v00000000010c6820_0 .net *"_s23", 0 0, L_00000000010cfd30;  1 drivers
v00000000010c5ce0_0 .net *"_s28", 0 0, L_00000000010d0230;  1 drivers
v00000000010c5740_0 .net *"_s3", 0 0, L_00000000010cfdd0;  1 drivers
v00000000010c6460_0 .net *"_s30", 0 0, L_00000000010d0a50;  1 drivers
v00000000010c6000_0 .net *"_s5", 0 0, L_00000000010cfe70;  1 drivers
v00000000010c66e0_0 .net *"_s9", 0 0, L_00000000010d0b90;  1 drivers
v00000000010c60a0_0 .net "a", 5 1, o000000000106b048;  alias, 0 drivers
v00000000010c5e20_0 .net "b", 5 1, L_00000000010d14f0;  alias, 1 drivers
v00000000010c6d20_0 .net "c", 0 0, L_0000000001067860;  1 drivers
v00000000010c6780_0 .net "comp1s", 5 1, L_00000000010d0c30;  1 drivers
L_00000000010cfdd0 .part o000000000106b048, 0, 1;
L_00000000010cfe70 .reduce/nor L_00000000010cfdd0;
L_00000000010d0b90 .part o000000000106b048, 1, 1;
L_00000000010d0410 .reduce/nor L_00000000010d0b90;
L_00000000010d05f0 .part o000000000106b048, 2, 1;
L_00000000010d16d0 .reduce/nor L_00000000010d05f0;
L_00000000010d1450 .part o000000000106b048, 3, 1;
L_00000000010cfd30 .reduce/nor L_00000000010d1450;
LS_00000000010d0c30_0_0 .concat8 [ 1 1 1 1], L_00000000010cfe70, L_00000000010d0410, L_00000000010d16d0, L_00000000010cfd30;
LS_00000000010d0c30_0_4 .concat8 [ 1 0 0 0], L_00000000010d0a50;
L_00000000010d0c30 .concat8 [ 4 1 0 0], LS_00000000010d0c30_0_0, LS_00000000010d0c30_0_4;
L_00000000010d0230 .part o000000000106b048, 4, 1;
L_00000000010d0a50 .reduce/nor L_00000000010d0230;
S_00000000010c2220 .scope module, "addr" "Bit5Adder" 5 15, 3 3 0, S_00000000010c2090;
 .timescale 0 0;
    .port_info 0 /INPUT 5 "a";
    .port_info 1 /INPUT 5 "b";
    .port_info 2 /OUTPUT 5 "sum";
    .port_info 3 /OUTPUT 1 "carry";
v00000000010c26d0_0 .net "a", 5 1, L_00000000010d0c30;  alias, 1 drivers
L_00000000011200d0 .functor BUFT 1, C4<00001>, C4<0>, C4<0>, C4<0>;
v00000000010c2810_0 .net "b", 5 1, L_00000000011200d0;  1 drivers
v00000000010c3990_0 .net "carry", 0 0, L_0000000001067860;  alias, 1 drivers
v00000000010c3ad0_0 .net "sum", 5 1, L_00000000010d14f0;  alias, 1 drivers
v00000000010c29f0_0 .net "w", 4 1, L_00000000010d02d0;  1 drivers
L_00000000010d0cd0 .part L_00000000010d0c30, 0, 1;
L_00000000010d0730 .part L_00000000011200d0, 0, 1;
L_00000000010d1090 .part L_00000000010d0c30, 1, 1;
L_00000000010cff10 .part L_00000000011200d0, 1, 1;
L_00000000010cffb0 .part L_00000000010d02d0, 0, 1;
L_00000000010d0050 .part L_00000000010d0c30, 2, 1;
L_00000000010d1310 .part L_00000000011200d0, 0, 1;
L_00000000010d00f0 .part L_00000000010d02d0, 1, 1;
L_00000000010d0190 .part L_00000000010d0c30, 3, 1;
L_00000000010d0f50 .part L_00000000011200d0, 0, 1;
L_00000000010d1130 .part L_00000000010d02d0, 2, 1;
L_00000000010d02d0 .concat8 [ 1 1 1 1], L_00000000010678d0, L_0000000001068120, L_0000000001068190, L_0000000001067d30;
L_00000000010d11d0 .part L_00000000010d0c30, 4, 1;
L_00000000010d13b0 .part L_00000000011200d0, 0, 1;
L_00000000010d07d0 .part L_00000000010d02d0, 3, 1;
LS_00000000010d14f0_0_0 .concat8 [ 1 1 1 1], L_0000000001067390, L_0000000001067470, L_0000000001067c50, L_0000000001067400;
LS_00000000010d14f0_0_4 .concat8 [ 1 0 0 0], L_0000000001067f60;
L_00000000010d14f0 .concat8 [ 4 1 0 0], LS_00000000010d14f0_0_0, LS_00000000010d14f0_0_4;
S_00000000010c23b0 .scope module, "fa_1" "FullAdder" 3 13, 4 1 0, S_00000000010c2220;
 .timescale 0 0;
    .port_info 0 /INPUT 1 "a";
    .port_info 1 /INPUT 1 "b";
    .port_info 2 /INPUT 1 "cin";
    .port_info 3 /OUTPUT 1 "sum";
    .port_info 4 /OUTPUT 1 "cout";
L_0000000001067da0 .functor XOR 1, L_00000000010d0cd0, L_00000000010d0730, C4<0>, C4<0>;
L_0000000001120088 .functor BUFT 1, C4<0>, C4<0>, C4<0>, C4<0>;
L_0000000001067390 .functor XOR 1, L_0000000001067da0, L_0000000001120088, C4<0>, C4<0>;
L_0000000001067780 .functor XOR 1, L_00000000010d0cd0, L_00000000010d0730, C4<0>, C4<0>;
L_0000000001067630 .functor AND 1, L_0000000001067780, L_0000000001120088, C4<1>, C4<1>;
L_00000000010676a0 .functor AND 1, L_00000000010d0cd0, L_00000000010d0730, C4<1>, C4<1>;
L_00000000010678d0 .functor OR 1, L_0000000001067630, L_00000000010676a0, C4<0>, C4<0>;
v00000000010be2d0_0 .net *"_s0", 0 0, L_0000000001067da0;  1 drivers
v00000000010be4b0_0 .net *"_s4", 0 0, L_0000000001067780;  1 drivers
v00000000010c3a30_0 .net *"_s6", 0 0, L_0000000001067630;  1 drivers
v00000000010c3350_0 .net *"_s8", 0 0, L_00000000010676a0;  1 drivers
v00000000010c33f0_0 .net "a", 0 0, L_00000000010d0cd0;  1 drivers
v00000000010c3fd0_0 .net "b", 0 0, L_00000000010d0730;  1 drivers
v00000000010c3b70_0 .net "cin", 0 0, L_0000000001120088;  1 drivers
v00000000010c2f90_0 .net "cout", 0 0, L_00000000010678d0;  1 drivers
v00000000010c28b0_0 .net "sum", 0 0, L_0000000001067390;  1 drivers
S_00000000010c4550 .scope module, "fa_2" "FullAdder" 3 14, 4 1 0, S_00000000010c2220;
 .timescale 0 0;
    .port_info 0 /INPUT 1 "a";
    .port_info 1 /INPUT 1 "b";
    .port_info 2 /INPUT 1 "cin";
    .port_info 3 /OUTPUT 1 "sum";
    .port_info 4 /OUTPUT 1 "cout";
L_00000000010674e0 .functor XOR 1, L_00000000010d1090, L_00000000010cff10, C4<0>, C4<0>;
L_0000000001067470 .functor XOR 1, L_00000000010674e0, L_00000000010cffb0, C4<0>, C4<0>;
L_0000000001067b70 .functor XOR 1, L_00000000010d1090, L_00000000010cff10, C4<0>, C4<0>;
L_0000000001067710 .functor AND 1, L_0000000001067b70, L_00000000010cffb0, C4<1>, C4<1>;
L_00000000010680b0 .functor AND 1, L_00000000010d1090, L_00000000010cff10, C4<1>, C4<1>;
L_0000000001068120 .functor OR 1, L_0000000001067710, L_00000000010680b0, C4<0>, C4<0>;
v00000000010c3d50_0 .net *"_s0", 0 0, L_00000000010674e0;  1 drivers
v00000000010c2a90_0 .net *"_s4", 0 0, L_0000000001067b70;  1 drivers
v00000000010c3030_0 .net *"_s6", 0 0, L_0000000001067710;  1 drivers
v00000000010c2d10_0 .net *"_s8", 0 0, L_00000000010680b0;  1 drivers
v00000000010c3490_0 .net "a", 0 0, L_00000000010d1090;  1 drivers
v00000000010c3df0_0 .net "b", 0 0, L_00000000010cff10;  1 drivers
v00000000010c2ef0_0 .net "cin", 0 0, L_00000000010cffb0;  1 drivers
v00000000010c32b0_0 .net "cout", 0 0, L_0000000001068120;  1 drivers
v00000000010c3530_0 .net "sum", 0 0, L_0000000001067470;  1 drivers
S_00000000010c4be0 .scope module, "fa_3" "FullAdder" 3 15, 4 1 0, S_00000000010c2220;
 .timescale 0 0;
    .port_info 0 /INPUT 1 "a";
    .port_info 1 /INPUT 1 "b";
    .port_info 2 /INPUT 1 "cin";
    .port_info 3 /OUTPUT 1 "sum";
    .port_info 4 /OUTPUT 1 "cout";
L_0000000001067e10 .functor XOR 1, L_00000000010d0050, L_00000000010d1310, C4<0>, C4<0>;
L_0000000001067c50 .functor XOR 1, L_0000000001067e10, L_00000000010d00f0, C4<0>, C4<0>;
L_0000000001067a20 .functor XOR 1, L_00000000010d0050, L_00000000010d1310, C4<0>, C4<0>;
L_0000000001067be0 .functor AND 1, L_0000000001067a20, L_00000000010d00f0, C4<1>, C4<1>;
L_00000000010677f0 .functor AND 1, L_00000000010d0050, L_00000000010d1310, C4<1>, C4<1>;
L_0000000001068190 .functor OR 1, L_0000000001067be0, L_00000000010677f0, C4<0>, C4<0>;
v00000000010c3670_0 .net *"_s0", 0 0, L_0000000001067e10;  1 drivers
v00000000010c35d0_0 .net *"_s4", 0 0, L_0000000001067a20;  1 drivers
v00000000010c3710_0 .net *"_s6", 0 0, L_0000000001067be0;  1 drivers
v00000000010c3e90_0 .net *"_s8", 0 0, L_00000000010677f0;  1 drivers
v00000000010c4070_0 .net "a", 0 0, L_00000000010d0050;  1 drivers
v00000000010c3c10_0 .net "b", 0 0, L_00000000010d1310;  1 drivers
v00000000010c37b0_0 .net "cin", 0 0, L_00000000010d00f0;  1 drivers
v00000000010c3cb0_0 .net "cout", 0 0, L_0000000001068190;  1 drivers
v00000000010c3f30_0 .net "sum", 0 0, L_0000000001067c50;  1 drivers
S_00000000010c4a50 .scope module, "fa_4" "FullAdder" 3 16, 4 1 0, S_00000000010c2220;
 .timescale 0 0;
    .port_info 0 /INPUT 1 "a";
    .port_info 1 /INPUT 1 "b";
    .port_info 2 /INPUT 1 "cin";
    .port_info 3 /OUTPUT 1 "sum";
    .port_info 4 /OUTPUT 1 "cout";
L_0000000001067cc0 .functor XOR 1, L_00000000010d0190, L_00000000010d0f50, C4<0>, C4<0>;
L_0000000001067400 .functor XOR 1, L_0000000001067cc0, L_00000000010d1130, C4<0>, C4<0>;
L_0000000001067b00 .functor XOR 1, L_00000000010d0190, L_00000000010d0f50, C4<0>, C4<0>;
L_0000000001067550 .functor AND 1, L_0000000001067b00, L_00000000010d1130, C4<1>, C4<1>;
L_0000000001067940 .functor AND 1, L_00000000010d0190, L_00000000010d0f50, C4<1>, C4<1>;
L_0000000001067d30 .functor OR 1, L_0000000001067550, L_0000000001067940, C4<0>, C4<0>;
v00000000010c2770_0 .net *"_s0", 0 0, L_0000000001067cc0;  1 drivers
v00000000010c4110_0 .net *"_s4", 0 0, L_0000000001067b00;  1 drivers
v00000000010c3850_0 .net *"_s6", 0 0, L_0000000001067550;  1 drivers
v00000000010c2630_0 .net *"_s8", 0 0, L_0000000001067940;  1 drivers
v00000000010c41b0_0 .net "a", 0 0, L_00000000010d0190;  1 drivers
v00000000010c2db0_0 .net "b", 0 0, L_00000000010d0f50;  1 drivers
v00000000010c2e50_0 .net "cin", 0 0, L_00000000010d1130;  1 drivers
v00000000010c38f0_0 .net "cout", 0 0, L_0000000001067d30;  1 drivers
v00000000010c4250_0 .net "sum", 0 0, L_0000000001067400;  1 drivers
S_00000000010c5220 .scope module, "fa_5" "FullAdder" 3 17, 4 1 0, S_00000000010c2220;
 .timescale 0 0;
    .port_info 0 /INPUT 1 "a";
    .port_info 1 /INPUT 1 "b";
    .port_info 2 /INPUT 1 "cin";
    .port_info 3 /OUTPUT 1 "sum";
    .port_info 4 /OUTPUT 1 "cout";
L_00000000010675c0 .functor XOR 1, L_00000000010d11d0, L_00000000010d13b0, C4<0>, C4<0>;
L_0000000001067f60 .functor XOR 1, L_00000000010675c0, L_00000000010d07d0, C4<0>, C4<0>;
L_0000000001067fd0 .functor XOR 1, L_00000000010d11d0, L_00000000010d13b0, C4<0>, C4<0>;
L_00000000010679b0 .functor AND 1, L_0000000001067fd0, L_00000000010d07d0, C4<1>, C4<1>;
L_0000000001068200 .functor AND 1, L_00000000010d11d0, L_00000000010d13b0, C4<1>, C4<1>;
L_0000000001067860 .functor OR 1, L_00000000010679b0, L_0000000001068200, C4<0>, C4<0>;
v00000000010c2950_0 .net *"_s0", 0 0, L_00000000010675c0;  1 drivers
v00000000010c30d0_0 .net *"_s4", 0 0, L_0000000001067fd0;  1 drivers
v00000000010c3170_0 .net *"_s6", 0 0, L_00000000010679b0;  1 drivers
v00000000010c42f0_0 .net *"_s8", 0 0, L_0000000001068200;  1 drivers
v00000000010c2c70_0 .net "a", 0 0, L_00000000010d11d0;  1 drivers
v00000000010c4390_0 .net "b", 0 0, L_00000000010d13b0;  1 drivers
v00000000010c2590_0 .net "cin", 0 0, L_00000000010d07d0;  1 drivers
v00000000010c4430_0 .net "cout", 0 0, L_0000000001067860;  alias, 1 drivers
v00000000010c3210_0 .net "sum", 0 0, L_0000000001067f60;  1 drivers
# The file index is used to find the file name in the following table.
:file_names 6;
    "N/A";
    "<interactive>";
    "ExpSubtractor.v";
    "./Bit5Adder.v";
    "./FullAdder.v";
    "./Complement2s_5Bit.v";
