#! /usr/local/iverilog/bin/vvp
:ivl_version "11.0 (devel)" "(s20150603-642-g3bdb50da)";
:ivl_delay_selection "TYPICAL";
:vpi_time_precision + 0;
:vpi_module "system";
:vpi_module "vhdl_sys";
:vpi_module "vhdl_textio";
:vpi_module "v2005_math";
:vpi_module "va_math";
S_00000000001d69d0 .scope module, "FAdder_HalfPrecision" "FAdder_HalfPrecision" 2 5;
 .timescale 0 0;
o00000000008768c8 .functor BUFZ 1, C4<z>; HiZ drive
v00000000001d6b60_0 .net "in_Exponent_1", 0 0, o00000000008768c8;  0 drivers
o00000000008768f8 .functor BUFZ 1, C4<z>; HiZ drive
v00000000001d6c00_0 .net "in_Exponent_2", 0 0, o00000000008768f8;  0 drivers
o0000000000876928 .functor BUFZ 1, C4<z>; HiZ drive
v00000000001dd9f0_0 .net "in_Mantissa_1", 0 0, o0000000000876928;  0 drivers
o0000000000876958 .functor BUFZ 1, C4<z>; HiZ drive
v00000000001dda90_0 .net "in_Mantissa_2", 0 0, o0000000000876958;  0 drivers
o0000000000876988 .functor BUFZ 1, C4<z>; HiZ drive
v00000000001ddb30_0 .net "in_Sign_1", 0 0, o0000000000876988;  0 drivers
o00000000008769b8 .functor BUFZ 1, C4<z>; HiZ drive
v00000000001de3e0_0 .net "in_Sign_2", 0 0, o00000000008769b8;  0 drivers
o00000000008769e8 .functor BUFZ 1, C4<z>; HiZ drive
v00000000001de480_0 .net "out_Exponent", 0 0, o00000000008769e8;  0 drivers
o0000000000876a18 .functor BUFZ 1, C4<z>; HiZ drive
v00000000001de520_0 .net "out_Mantissa", 0 0, o0000000000876a18;  0 drivers
o0000000000876a48 .functor BUFZ 1, C4<z>; HiZ drive
v00000000001de5c0_0 .net "out_Sign", 0 0, o0000000000876a48;  0 drivers
# The file index is used to find the file name in the following table.
:file_names 3;
    "N/A";
    "<interactive>";
    "FAdder.v";
